
The following have been reloaded with a version change:
  1) devel/cuda/12.2 => devel/cuda/12.4

2025-03-08 16:34:56.496087: E external/local_xla/xla/stream_executor/cuda/cuda_fft.cc:477] Unable to register cuFFT factory: Attempting to register factory for plugin cuFFT when one has already been registered
WARNING: All log messages before absl::InitializeLog() is called are written to STDERR
E0000 00:00:1741448096.508405 2810207 cuda_dnn.cc:8310] Unable to register cuDNN factory: Attempting to register factory for plugin cuDNN when one has already been registered
E0000 00:00:1741448096.512208 2810207 cuda_blas.cc:1418] Unable to register cuBLAS factory: Attempting to register factory for plugin cuBLAS when one has already been registered
2025-03-08 16:34:56.529277: I tensorflow/core/platform/cpu_feature_guard.cc:210] This TensorFlow binary is optimized to use available CPU instructions in performance-critical operations.
To enable the following instructions: AVX2 AVX512F AVX512_VNNI FMA, in other operations, rebuild TensorFlow with the appropriate compiler flags.
INFO:root:Starting parallel training...
INFO:root:Reading dataset: Number of obs 1000 | Replication 0
INFO:root:Reading dataset: Number of obs 1000 | Replication 1
INFO:root:Reading dataset: Number of obs 1000 | Replication 2
INFO:root:Reading dataset: Number of obs 1000 | Replication 3
INFO:root:Reading dataset: Number of obs 1000 | Replication 4
INFO:root:Reading dataset: Number of obs 1000 | Replication 5
INFO:root:Reading dataset: Number of obs 1000 | Replication 6
INFO:root:Reading dataset: Number of obs 1000 | Replication 8
INFO:root:Reading dataset: Number of obs 1000 | Replication 7
INFO:root:Reading dataset: Number of obs 1000 | Replication 9
INFO:root:Reading dataset: Number of obs 1000 | Replication 10
INFO:root:Reading dataset: Number of obs 1000 | Replication 11
INFO:root:Reading dataset: Number of obs 1000 | Replication 12
INFO:root:Reading dataset: Number of obs 1000 | Replication 13
INFO:root:Reading dataset: Number of obs 1000 | Replication 14
INFO:root:Reading dataset: Number of obs 1000 | Replication 15
INFO:root:Reading dataset: Number of obs 1000 | Replication 16
INFO:root:Reading dataset: Number of obs 1000 | Replication 17
INFO:root:Reading dataset: Number of obs 1000 | Replication 18
INFO:root:Reading dataset: Number of obs 1000 | Replication 19
INFO:root:Reading dataset: Number of obs 1000 | Replication 20
INFO:root:Reading dataset: Number of obs 1000 | Replication 21
INFO:root:Reading dataset: Number of obs 1000 | Replication 22
INFO:root:Reading dataset: Number of obs 1000 | Replication 25
INFO:root:Reading dataset: Number of obs 1000 | Replication 26
INFO:root:Reading dataset: Number of obs 1000 | Replication 23
INFO:root:Reading dataset: Number of obs 1000 | Replication 27
INFO:root:Reading dataset: Number of obs 1000 | Replication 28
INFO:root:Reading dataset: Number of obs 1000 | Replication 24
INFO:root:Reading dataset: Number of obs 1000 | Replication 29
INFO:root:Reading dataset: Number of obs 1000 | Replication 30
INFO:root:Reading dataset: Number of obs 1000 | Replication 31
INFO:root:Reading dataset: Number of obs 1000 | Replication 32
INFO:root:Reading dataset: Number of obs 1000 | Replication 33
INFO:root:Reading dataset: Number of obs 1000 | Replication 34
INFO:root:Reading dataset: Number of obs 1000 | Replication 35
INFO:root:Reading dataset: Number of obs 1000 | Replication 36
INFO:root:Reading dataset: Number of obs 1000 | Replication 38
INFO:root:Reading dataset: Number of obs 1000 | Replication 37
INFO:root:Reading dataset: Number of obs 1000 | Replication 39
INFO:root:Reading dataset: Number of obs 1000 | Replication 40
INFO:root:Reading dataset: Number of obs 1000 | Replication 41
INFO:root:Reading dataset: Number of obs 1000 | Replication 42
INFO:root:Reading dataset: Number of obs 1000 | Replication 43
INFO:root:Reading dataset: Number of obs 1000 | Replication 44
INFO:root:Reading dataset: Number of obs 1000 | Replication 45
INFO:root:Reading dataset: Number of obs 1000 | Replication 46
INFO:root:Reading dataset: Number of obs 1000 | Replication 47
INFO:root:Reading dataset: Number of obs 1000 | Replication 48
INFO:root:Reading dataset: Number of obs 1000 | Replication 63
INFO:root:Reading dataset: Number of obs 1000 | Replication 49
INFO:root:Reading dataset: Number of obs 1000 | Replication 50
INFO:root:Reading dataset: Number of obs 1000 | Replication 51
INFO:root:Reading dataset: Number of obs 1000 | Replication 52
INFO:root:Reading dataset: Number of obs 1000 | Replication 53
INFO:root:Ready for the ThreadPoolExecutor...
INFO:root:Reading dataset: Number of obs 1000 | Replication 54
INFO:root:Reading dataset: Number of obs 1000 | Replication 65
INFO:root:Reading dataset: Number of obs 1000 | Replication 55
INFO:root:Ready for the ThreadPoolExecutor...
INFO:root:Reading dataset: Number of obs 1000 | Replication 56
INFO:root:Reading dataset: Number of obs 1000 | Replication 64
INFO:root:Reading dataset: Number of obs 1000 | Replication 58
INFO:root:Reading dataset: Number of obs 1000 | Replication 57
INFO:root:Ready for the ThreadPoolExecutor...
INFO:root:Reading dataset: Number of obs 1000 | Replication 59
INFO:root:Reading dataset: Number of obs 1000 | Replication 60
INFO:root:Reading dataset: Number of obs 1000 | Replication 66
INFO:root:Reading dataset: Number of obs 1000 | Replication 61
INFO:root:Reading dataset: Number of obs 1000 | Replication 67
INFO:root:Ready for the ThreadPoolExecutor...
INFO:root:Ready for the ThreadPoolExecutor...
INFO:root:Reading dataset: Number of obs 1000 | Replication 68
INFO:root:Ready for the ThreadPoolExecutor...
INFO:root:Reading dataset: Number of obs 1000 | Replication 62
INFO:root:Ready for the ThreadPoolExecutor...
INFO:root:Reading dataset: Number of obs 1000 | Replication 69
INFO:root:Reading dataset: Number of obs 1000 | Replication 70
INFO:root:Reading dataset: Number of obs 1000 | Replication 71
INFO:root:Ready for the ThreadPoolExecutor...
INFO:root:Reading dataset: Number of obs 1000 | Replication 72
INFO:root:Ready for the ThreadPoolExecutor...
INFO:root:Reading dataset: Number of obs 1000 | Replication 73
INFO:root:Ready for the ThreadPoolExecutor...
INFO:root:Reading dataset: Number of obs 1000 | Replication 74
INFO:root:Ready for the ThreadPoolExecutor...
INFO:root:Ready for the ThreadPoolExecutor...
INFO:root:Reading dataset: Number of obs 1000 | Replication 75
INFO:root:Reading dataset: Number of obs 1000 | Replication 76
INFO:root:Ready for the ThreadPoolExecutor...
INFO:root:Ready for the ThreadPoolExecutor...
INFO:root:Ready for the ThreadPoolExecutor...
INFO:root:Ready for the ThreadPoolExecutor...
INFO:root:Ready for the ThreadPoolExecutor...
INFO:root:Ready for the ThreadPoolExecutor...
INFO:root:Reading dataset: Number of obs 1000 | Replication 77
INFO:root:Ready for the ThreadPoolExecutor...
INFO:root:Reading dataset: Number of obs 1000 | Replication 78
INFO:root:Ready for the ThreadPoolExecutor...
INFO:root:Reading dataset: Number of obs 1000 | Replication 79
INFO:root:Reading dataset: Number of obs 1000 | Replication 80
INFO:root:Reading dataset: Number of obs 1000 | Replication 81
INFO:root:Ready for the ThreadPoolExecutor...
INFO:root:Ready for the ThreadPoolExecutor...
INFO:root:Reading dataset: Number of obs 1000 | Replication 82
INFO:root:Reading dataset: Number of obs 1000 | Replication 83
INFO:root:Reading dataset: Number of obs 1000 | Replication 84
INFO:root:Reading dataset: Number of obs 1000 | Replication 85
INFO:root:Reading dataset: Number of obs 1000 | Replication 86
INFO:root:Reading dataset: Number of obs 1000 | Replication 87
INFO:root:Ready for the ThreadPoolExecutor...
INFO:root:Ready for the ThreadPoolExecutor...
INFO:root:Reading dataset: Number of obs 1000 | Replication 88
INFO:root:Reading dataset: Number of obs 1000 | Replication 89
INFO:root:Reading dataset: Number of obs 1000 | Replication 90
INFO:root:Ready for the ThreadPoolExecutor...
INFO:root:Reading dataset: Number of obs 1000 | Replication 91
INFO:root:Ready for the ThreadPoolExecutor...
INFO:root:Reading dataset: Number of obs 1000 | Replication 92
INFO:root:Ready for the ThreadPoolExecutor...
INFO:root:Reading dataset: Number of obs 1000 | Replication 93
INFO:root:Reading dataset: Number of obs 1000 | Replication 94
INFO:root:Reading dataset: Number of obs 1000 | Replication 95
INFO:root:Reading dataset: Number of obs 1000 | Replication 96
INFO:root:Reading dataset: Number of obs 1000 | Replication 97
INFO:root:Reading dataset: Number of obs 1000 | Replication 98
INFO:root:Ready for the ThreadPoolExecutor...
INFO:root:Reading dataset: Number of obs 1000 | Replication 99
INFO:root:Ready for the ThreadPoolExecutor...
INFO:root:Ready for the ThreadPoolExecutor...
INFO:root:Ready for the ThreadPoolExecutor...
INFO:root:Ready for the ThreadPoolExecutor...
INFO:root:Ready for the ThreadPoolExecutor...
INFO:root:Ready for the ThreadPoolExecutor...
INFO:root:Ready for the ThreadPoolExecutor...
INFO:root:Ready for the ThreadPoolExecutor...
INFO:root:Ready for the ThreadPoolExecutor...
INFO:root:Ready for the ThreadPoolExecutor...
INFO:root:Ready for the ThreadPoolExecutor...
INFO:root:Ready for the ThreadPoolExecutor...
INFO:root:Ready for the ThreadPoolExecutor...
INFO:root:Ready for the ThreadPoolExecutor...
INFO:root:Ready for the ThreadPoolExecutor...
INFO:root:Ready for the ThreadPoolExecutor...
INFO:root:Ready for the ThreadPoolExecutor...
INFO:root:Ready for the ThreadPoolExecutor...
INFO:root:Ready for the ThreadPoolExecutor...
INFO:root:Ready for the ThreadPoolExecutor...
INFO:root:Ready for the ThreadPoolExecutor...
INFO:root:Ready for the ThreadPoolExecutor...
INFO:root:Ready for the ThreadPoolExecutor...
INFO:root:Ready for the ThreadPoolExecutor...
INFO:root:Ready for the ThreadPoolExecutor...
INFO:root:Ready for the Sddr...
INFO:root:Ready for the Sddr...
INFO:root:Ready for the ThreadPoolExecutor...
INFO:root:Ready for the Sddr...
INFO:root:Ready for the ThreadPoolExecutor...
INFO:root:Ready for the ThreadPoolExecutor...
INFO:root:Ready for the Sddr...
INFO:root:Ready for the Sddr...
INFO:root:Ready for the Sddr...
INFO:root:Ready for the Sddr...
INFO:root:Ready for the ThreadPoolExecutor...
INFO:root:Ready for the ThreadPoolExecutor...
INFO:root:Ready for the Sddr...
INFO:root:Ready for the ThreadPoolExecutor...
INFO:root:Ready for the Sddr...
INFO:root:Ready for the ThreadPoolExecutor...
INFO:root:Ready for the Sddr...
INFO:root:Ready for the Sddr...
INFO:root:Ready for the Sddr...
INFO:root:Ready for the Sddr...
INFO:root:Ready for the Sddr...
INFO:root:Ready for the Sddr...
INFO:root:Ready for the Sddr...
INFO:root:Ready for the Sddr...
INFO:root:Ready for the Sddr...
INFO:root:Ready for the ThreadPoolExecutor...
INFO:root:Ready for the Sddr...
INFO:root:Ready for the ThreadPoolExecutor...
INFO:root:Ready for the Sddr...
INFO:root:Ready for the Sddr...
INFO:root:Ready for the ThreadPoolExecutor...
INFO:root:Ready for the ThreadPoolExecutor...
INFO:root:Ready for the Sddr...
INFO:root:Ready for the Sddr...
INFO:root:Ready for the ThreadPoolExecutor...
INFO:root:Ready for the ThreadPoolExecutor...
INFO:root:Ready for the Sddr...
INFO:root:Ready for the ThreadPoolExecutor...
INFO:root:Ready for the ThreadPoolExecutor...
INFO:root:Ready for the ThreadPoolExecutor...
INFO:root:Ready for the ThreadPoolExecutor...
INFO:root:Ready for the ThreadPoolExecutor...
INFO:root:Ready for the ThreadPoolExecutor...
INFO:root:Ready for the Sddr...
INFO:root:Ready for the Sddr...
INFO:root:Ready for the ThreadPoolExecutor...
INFO:root:Ready for the ThreadPoolExecutor...
INFO:root:Ready for the ThreadPoolExecutor...
INFO:root:Ready for the ThreadPoolExecutor...
INFO:root:Ready for the ThreadPoolExecutor...
INFO:root:Ready for the ThreadPoolExecutor...
INFO:root:Ready for the ThreadPoolExecutor...
INFO:root:Ready for the ThreadPoolExecutor...
INFO:root:Ready for the Sddr...
INFO:root:Ready for the ThreadPoolExecutor...
INFO:root:Ready for the Sddr...
INFO:root:Ready for the ThreadPoolExecutor...
INFO:root:Ready for the Sddr...
INFO:root:Ready for the ThreadPoolExecutor...
INFO:root:Ready for the ThreadPoolExecutor...
INFO:root:Ready for the Sddr...
INFO:root:Ready for the ThreadPoolExecutor...
INFO:root:Ready for the ThreadPoolExecutor...
INFO:root:Ready for the Sddr...
INFO:root:Ready for the Sddr...
INFO:root:Ready for the ThreadPoolExecutor...
INFO:root:Ready for the ThreadPoolExecutor...
INFO:root:Ready for the ThreadPoolExecutor...
INFO:root:Ready for the Sddr...
INFO:root:Ready for the Sddr...
INFO:root:Ready for the Sddr...
INFO:root:Ready for the Sddr...
INFO:root:Ready for the Sddr...
INFO:root:Ready for the ThreadPoolExecutor...
INFO:root:Ready for the Sddr...
INFO:root:Ready for the ThreadPoolExecutor...
INFO:root:Ready for the Sddr...
INFO:root:Ready for the ThreadPoolExecutor...
INFO:root:Ready for the ThreadPoolExecutor...
INFO:root:Ready for the ThreadPoolExecutor...
INFO:root:Ready for the Sddr...
INFO:root:Ready for the Sddr...
INFO:root:Ready for the ThreadPoolExecutor...
INFO:root:Ready for the Sddr...
INFO:root:Ready for the Sddr...
INFO:root:Ready for the Sddr...
INFO:root:Ready for the Sddr...
INFO:root:Ready for the Sddr...
INFO:root:Ready for the Sddr...
INFO:root:Ready for the Sddr...
INFO:root:Ready for the Sddr...
INFO:root:Ready for the Sddr...
INFO:root:Ready for the ThreadPoolExecutor...
INFO:root:Ready for the ThreadPoolExecutor...
INFO:root:Ready for the Sddr...
INFO:root:Ready for the Sddr...
INFO:root:Ready for the Sddr...
INFO:root:Ready for the Sddr...
INFO:root:Ready for the Sddr...
INFO:root:Ready for the Sddr...
INFO:root:Ready for the Sddr...
INFO:root:Ready for the Sddr...
INFO:root:Ready for the Sddr...
INFO:root:Ready for the Sddr...
INFO:root:Ready for the ThreadPoolExecutor...
INFO:root:Ready for the Sddr...
INFO:root:Ready for the Sddr...
INFO:root:Ready for the Sddr...
INFO:root:Ready for the Sddr...
INFO:root:Ready for the Sddr...
INFO:root:Ready for the Sddr...
INFO:root:Ready for the ThreadPoolExecutor...
INFO:root:Ready for the Sddr...
INFO:root:Ready for the Sddr...
INFO:root:Ready for the Sddr...
INFO:root:Ready for the Sddr...
INFO:root:Ready for the Sddr...
INFO:root:Ready for the Sddr...
INFO:root:Ready for the Sddr...
INFO:root:Ready for the Sddr...
INFO:root:Ready for the Sddr...
INFO:root:Ready for the Sddr...
INFO:root:Ready for the Sddr...
INFO:root:Ready for the Sddr...
INFO:root:Ready for the Sddr...
INFO:root:Ready for the ThreadPoolExecutor...
INFO:root:Ready for the Sddr...
INFO:root:Ready for the Sddr...
INFO:root:Ready for the Sddr...
INFO:root:Ready for the Sddr...
INFO:root:Ready for the Sddr...
INFO:root:Ready for the Sddr...
INFO:root:Ready for the Sddr...
INFO:root:Ready for the Sddr...
INFO:root:Ready for the Sddr...
INFO:root:Ready for the Sddr...
INFO:root:Ready for the Sddr...
INFO:root:Ready for the Sddr...
INFO:root:Ready for the Sddr...
INFO:root:Ready for the Sddr...
INFO:root:Ready for the Sddr...
INFO:root:Ready for the Sddr...
INFO:root:Ready for the Sddr...
INFO:root:Ready for the Sddr...
INFO:root:Ready for the Sddr...
INFO:root:Ready for the Sddr...
INFO:root:Ready for the Sddr...
INFO:root:Ready for the Sddr...
INFO:root:Ready for the Sddr...
INFO:root:Ready for the Sddr...
INFO:root:Ready for the Sddr...
INFO:root:Ready for the Sddr...
INFO:root:Ready for the Sddr...
INFO:root:Ready for the Sddr...
INFO:root:Ready for the Sddr...
INFO:root:Ready for the Sddr...
INFO:root:Ready for the Sddr...
INFO:root:Ready for the Sddr...
INFO:root:Ready for the Sddr...
INFO:root:Ready for the Sddr...
INFO:root:Ready for the Sddr...
INFO:root:Ready for the Sddr...
INFO:root:Ready for the Sddr...
INFO:root:Ready for the Sddr...
INFO:root:Ready for the Sddr...
INFO:root:Ready for the Sddr...
INFO:root:Ready for the Sddr...
INFO:root:Ready for the Sddr...
INFO:root:Ready for the Sddr...
INFO:root:Ready for the Sddr...
INFO:root:Ready for the Sddr...
INFO:root:Ready for the Sddr...
INFO:root:Ready for the Sddr...
INFO:root:Ready for the Sddr...
INFO:root:Ready for the Sddr...
INFO:root:Ready for the Sddr...
INFO:root:Ready for the Sddr...
INFO:root:Ready for the Sddr...
INFO:root:Ready for the Sddr...
INFO:root:Ready for the Sddr...
INFO:root:Ready for the Sddr...
INFO:root:Ready for the Sddr...
INFO:root:Ready for the Sddr...
INFO:root:Ready for the Sddr...
INFO:root:Ready for the Sddr...
INFO:root:Ready for the Sddr...
INFO:root:Ready for the Sddr...
INFO:root:Ready for the Sddr...
INFO:root:Ready for the Sddr...
INFO:root:Ready for the Sddr...
INFO:root:Ready for the Sddr...
INFO:root:Ready for the Sddr...
INFO:root:Ready for the Sddr...
INFO:root:Ready for the Sddr...
INFO:root:Ready for the Sddr...
INFO:root:Ready for the Sddr...
INFO:root:Ready for the Sddr...
INFO:root:Ready for the Sddr...
INFO:root:Ready for the Sddr...
INFO:root:Ready for the Sddr...
INFO:root:Ready for the Sddr...
INFO:root:Ready for the Sddr...
INFO:root:Ready for the Sddr...
INFO:root:Ready for the Sddr...
INFO:root:Ready for the Sddr...
INFO:root:Ready for the Sddr...
INFO:root:Ready for the Sddr...
INFO:root:Ready for the Sddr...
INFO:root:Ready for the Sddr...
INFO:root:Ready for the Sddr...
INFO:root:Ready for the Sddr...
INFO:root:Ready for the Sddr...
INFO:root:Ready for the Sddr...
INFO:root:Ready for the Sddr...
INFO:root:Ready for the Sddr...
INFO:root:Ready for the Sddr...
INFO:root:Ready for the Sddr...
INFO:root:Ready for the Sddr...
INFO:root:Ready for the Sddr...
INFO:root:Ready for the Sddr...
INFO:root:Ready for the Sddr...
INFO:root:Ready for the Sddr...
INFO:root:Ready for the Sddr...
INFO:root:Ready for the Sddr...
INFO:root:Ready for the Sddr...
INFO:root:Ready for the Sddr...
INFO:root:Ready for the Sddr...
INFO:root:Ready for the Sddr...
INFO:root:Ready for the Sddr...
INFO:root:Ready for the Sddr...
INFO:root:Ready for the Sddr...
INFO:root:Ready for the Sddr...
INFO:root:Ready for the Sddr...
INFO:root:Ready for the Sddr...
INFO:root:Ready for the Sddr...
INFO:root:Ready for the Sddr...
INFO:root:Ready for the Sddr...
INFO:root:Ready for the Sddr...
INFO:root:Ready for the Sddr...
INFO:root:Ready for the Sddr...
INFO:root:Ready for the Sddr...
INFO:root:Ready for the Sddr...
INFO:root:Ready for the Sddr...
INFO:root:Ready for the Sddr...
INFO:root:Ready for the Sddr...
INFO:root:Ready for the Sddr...
INFO:root:Ready for the Sddr...
INFO:root:Training completed in 0:00:02.441583.
