Number of cores: 152
Using device: cpu
Using device: cpu
9
9
9
9
Beginning training ...
Beginning training ...
Using device: cpu
Using device: cpu
9
9
9
9
Beginning training ...
Beginning training ...
Using device: cpu
Using device: cpu
9
9
9
9
Beginning training ...
Beginning training ...
Using device: cpu
Using device: cpu
9
9
9
9
Beginning training ...
Beginning training ...
Using device: cpu
Using device: cpu
9
9
9
9
Beginning training ...
Beginning training ...
Using device: cpu
Using device: cpu
9
9
Beginning training ...
9
9
Beginning training ...
Using device: cpu
Using device: cpu
9
9
Beginning training ...
9
9
Beginning training ...
Using device: cpu
Using device: cpu
9
9
9
9
Beginning training ...
Beginning training ...
Using device: cpu
Using device: cpu
9
9
Beginning training ...
9
9
Beginning training ...
Using device: cpu
Using device: cpu
9
9
9
9
Beginning training ...
Beginning training ...
Using device: cpu
Using device: cpu
9
9
9
9
Beginning training ...
Beginning training ...
Using device: cpu
Using device: cpu
9
9
9
9
Beginning training ...
Beginning training ...
Using device: cpu
Using device: cpu
9
9
9
9
Beginning training ...
Beginning training ...
Using device: cpu
Using device: cpu
9
9
9
9
Beginning training ...
Beginning training ...
Using device: cpu
Using device: cpu
9
9
9
9
Beginning training ...
Beginning training ...
Using device: cpu
Using device: cpu
9
9
9
9
Beginning training ...
Beginning training ...
Using device: cpu
Using device: cpu
9
9
9
9
Beginning training ...
Beginning training ...
Using device: cpu
Using device: cpu
9
9
9
9
Beginning training ...
Beginning training ...
Using device: cpu
Using device: cpu
9
9
9
9
Beginning training ...
Beginning training ...
Using device: cpu
Using device: cpu
9
9
9
9
Beginning training ...
Beginning training ...
Using device: cpu
Using device: cpu
9
9
9
9
Beginning training ...
Beginning training ...
Using device: cpu
Using device: cpu
9
9
9
9
Beginning training ...
Beginning training ...
Using device: cpu
Using device: cpu
9
9
9
9
Beginning training ...
Beginning training ...
Using device: cpu
Using device: cpu
9
9
9
9
Beginning training ...
Beginning training ...
Using device: cpu
Using device: cpu
9
9
Beginning training ...
9
9
Beginning training ...
Using device: cpu
Using device: cpu
9
9
9
9
Beginning training ...
Beginning training ...
Using device: cpu
Using device: cpu
9
9
9
9
Beginning training ...
Beginning training ...
Using device: cpu
Using device: cpu
9
9
Beginning training ...
9
9
Beginning training ...
Using device: cpu
Using device: cpu
9
9
Beginning training ...
9
9
Beginning training ...
Using device: cpu
Using device: cpu
9
9
Beginning training ...
9
9
Beginning training ...
Using device: cpu
Using device: cpu
9
9
9
9
Beginning training ...
Beginning training ...
Using device: cpu
Using device: cpu
9
9
9
9
Beginning training ...
Beginning training ...
Using device: cpu
Using device: cpu
9
9
9
9
Beginning training ...
Beginning training ...
Using device: cpu
Using device: cpu
9
9
Beginning training ...
9
9
Beginning training ...
Using device: cpu
Using device: cpu
9
9
9
Beginning training ...
9
Beginning training ...
Using device: cpu
Using device: cpu
9
9
9
9
Beginning training ...
Beginning training ...
Using device: cpu
Using device: cpu
9
9
9
9
Beginning training ...
Beginning training ...
Using device: cpu
Using device: cpu
9
9
9
9
Beginning training ...
Beginning training ...
Using device: cpu
Using device: cpu
9
9
9
9
Beginning training ...
Beginning training ...
Using device: cpu
Using device: cpu
9
9
9
9
Beginning training ...
Beginning training ...
Using device: cpu
Using device: cpu
9
9
Beginning training ...
9
9
Beginning training ...
Using device: cpu
Using device: cpu
9
9
9
9
Beginning training ...
Beginning training ...
Using device: cpu
Using device: cpu
9
9
9
9
Beginning training ...
Beginning training ...
Using device: cpu
Using device: cpu
9
9
9
9
Beginning training ...
Beginning training ...
Using device: cpu
Using device: cpu
9
9
9
9
Beginning training ...
Beginning training ...
Using device: cpu
9
9
Using device: cpu
9
9
Beginning training ...
Beginning training ...
Using device: cpu
Using device: cpu
9
9
9
9
Beginning training ...
Beginning training ...
Using device: cpu
Using device: cpu
9
9
9
9
Beginning training ...
Beginning training ...
Using device: cpu
Using device: cpu
9
9
9
9
Beginning training ...
Beginning training ...
Using device: cpu
Using device: cpu
9
9
9
9
Beginning training ...
Beginning training ...
Using device: cpu
Using device: cpu
9
9
9
9
Beginning training ...
Beginning training ...
Using device: cpu
Using device: cpu
9
9
9
9
Beginning training ...
Beginning training ...
Using device: cpu
Using device: cpu
9
9
9
9
Beginning training ...
Beginning training ...
Using device: cpu
Using device: cpu
9
9
9
9
Beginning training ...
Beginning training ...
Using device: cpu
Using device: cpu
9
9
9
9
Beginning training ...
Beginning training ...
Using device: cpu
Using device: cpu
9
9
9
9
Beginning training ...
Beginning training ...
Using device: cpu
Using device: cpu
9
9
9
9
Beginning training ...
Beginning training ...
Using device: cpu
Using device: cpu
9
9
9
9
Beginning training ...
Beginning training ...
Using device: cpu
Using device: cpu
9
9
9
9
Beginning training ...
Beginning training ...
Using device: cpu
Using device: cpu
9
9
9
9
Beginning training ...
Beginning training ...
Using device: cpu
Using device: cpu
9
9
9
9
Beginning training ...
Beginning training ...
Using device: cpu
Using device: cpu
9
9
9
9
Beginning training ...
Beginning training ...
Using device: cpu
Using device: cpu
9
9
9
9
Beginning training ...
Beginning training ...
Using device: cpu
Using device: cpu
9
9
9
9
Beginning training ...
Beginning training ...
Using device: cpu
Using device: cpu
9
9
9
9
Beginning training ...
Beginning training ...
Using device: cpu
Using device: cpu
9
9
9
9
Beginning training ...
Beginning training ...
Using device: cpu
Using device: cpu
9
9
9
9
Beginning training ...
Beginning training ...
Using device: cpu
Using device: cpu
9
9
9
9
Beginning training ...
Beginning training ...
Using device: cpu
Using device: cpu
9
9
9
9
Beginning training ...
Beginning training ...
Using device: cpu
Using device: cpu
9
9
9
9
Beginning training ...
Beginning training ...
Using device: cpu
Using device: cpu
9
9
9
9
Beginning training ...
Beginning training ...
Using device: cpu
Using device: cpu
9
9
9
9
Beginning training ...
Beginning training ...
Using device: cpu
Using device: cpu
9
9
Beginning training ...
9
9
Beginning training ...
Using device: cpu
Using device: cpu
9
9
9
9
Beginning training ...
Beginning training ...
Using device: cpu
Using device: cpu
9
9
Beginning training ...
9
9
Beginning training ...
Using device: cpu
Using device: cpu
9
9
9
9
Beginning training ...
Beginning training ...
Using device: cpu
Using device: cpu
9
9
9
9
Beginning training ...
Beginning training ...
Using device: cpu
Using device: cpu
9
9
9
9
Beginning training ...
Beginning training ...
Using device: cpu
Using device: cpu
9
9
Beginning training ...
9
9
Beginning training ...
Using device: cpu
Using device: cpu
9
9
9
9
Beginning training ...
Beginning training ...
Using device: cpu
Using device: cpu
9
9
9
9
Beginning training ...
Beginning training ...
Using device: cpu
Using device: cpu
9
9
9
9
Beginning training ...
Beginning training ...
Using device: cpu
Using device: cpu
9
9
9
9
Beginning training ...
Beginning training ...
Using device: cpu
Using device: cpu
9
9
9
9
Beginning training ...
Beginning training ...
Using device: cpu
Using device: cpu
9
9
Beginning training ...
9
9
Beginning training ...
Using device: cpu
Using device: cpu
9
9
9
9
Beginning training ...
Beginning training ...
Using device: cpu
Using device: cpu
9
9
9
9
Beginning training ...
Beginning training ...
Using device: cpu
Using device: cpu
9
9
9
9
Beginning training ...
Beginning training ...
Using device: cpu
Using device: cpu
9
9
9
9
Beginning training ...
Beginning training ...
Using device: cpu
Using device: cpu
9
9
9
9
Beginning training ...
Beginning training ...
Using device: cpu
Using device: cpu
9
9
Beginning training ...
9
9
Beginning training ...
Using device: cpu
Using device: cpu
9
9
9
9
Beginning training ...
Beginning training ...
Using device: cpu
Using device: cpu
9
9
9
9
Beginning training ...
Beginning training ...
Using device: cpu
Using device: cpu
9
9
9
9
Beginning training ...
Beginning training ...
Using device: cpu
Using device: cpu
9
9
Beginning training ...
9
9
Beginning training ...
Using device: cpu
Using device: cpu
9
9
9
9
Beginning training ...
Beginning training ...
Using device: cpu
Using device: cpu
9
9
9
Beginning training ...
9
Beginning training ...
Using device: cpu
Using device: cpu
9
9
Beginning training ...
9
9
Beginning training ...
Using device: cpu
Using device: cpu
9
9
9
9
Beginning training ...
Beginning training ...
Using device: cpu
Using device: cpu
9
9
9
9
Beginning training ...
Beginning training ...

============================= JOB FEEDBACK =============================

Job ID: 1505320
Cluster: haic
User/Group: pa6512/scc
Account: scc
State: FAILED (exit code 1)
Partition: normal
Nodes: 1
Cores per node: 100
Nodelist: haicn1703
CPU Utilized: 00:00:35
CPU Efficiency: 1.30% of 00:45:00 core-walltime
Job Wall-clock time: 00:00:27
Starttime: Wed Mar  5 21:15:32 2025
Endtime: Wed Mar  5 21:15:59 2025
Memory Utilized: 702.73 MB
Memory Efficiency: 1.04% of 66.00 GB
Energy Consumed: 20891 Joule / 5.80305555555556 Watthours
Average node power draw: 773.740740740741 Watt
