Number of cores: 152
Using device: cpu
Using device: cpu
19
19
Using device: cpu
Using device: cpu
19
19
Using device: cpu
Using device: cpu
19
19
Using device: cpu
Using device: cpu
19
19
Using device: cpu
Using device: cpu
19
19
Using device: cpu
Using device: cpu
19
19
Using device: cpu
Using device: cpu
19
19
Using device: cpu
Using device: cpu
19
19
Using device: cpu
Using device: cpu
19
19
Using device: cpu
Using device: cpu
19
19
Using device: cpu
Using device: cpu
19
19
Using device: cpu
Using device: cpu
19
19
Using device: cpu
Using device: cpu
19
19
Using device: cpu
Using device: cpu
19
19
Using device: cpu
Using device: cpu
19
19
Using device: cpu
Using device: cpu
19
19
Using device: cpu
Using device: cpu
19
19
Using device: cpu
Using device: cpu
19
19
Using device: cpu
Using device: cpu
19
19
Using device: cpu
Using device: cpu
19
19
Using device: cpu
Using device: cpu
19
19
Using device: cpu
Using device: cpu
19
19
Using device: cpu
Using device: cpu
19
19
Using device: cpu
Using device: cpu
19
19
Using device: cpu
Using device: cpu
19
19
Using device: cpu
Using device: cpu
19
19
Using device: cpu
Using device: cpu
19
19
Using device: cpu
Using device: cpu
19
19
Using device: cpu
Using device: cpu
19
19
Using device: cpu
Using device: cpu
19
19
Using device: cpu
Using device: cpu
19
19
Using device: cpu
Using device: cpu
19
19
Using device: cpu
Using device: cpu
19
19
Using device: cpu
Using device: cpu
19
19
Using device: cpu
Using device: cpu
19
19
Using device: cpu
Using device: cpu
19
19
Using device: cpu
Using device: cpu
19
19
Using device: cpu
Using device: cpu
19
19
Using device: cpu
Using device: cpu
19
19
Using device: cpu
Using device: cpu
19
19
Using device: cpu
Using device: cpu
19
19
Using device: cpu
Using device: cpu
19
19
Using device: cpu
Using device: cpu
19
19
Using device: cpu
Using device: cpu
19
19
Using device: cpu
Using device: cpu
19
19
Using device: cpu
Using device: cpu
19
19
Using device: cpu
Using device: cpu
19
19
Using device: cpu
Using device: cpu
19
19
Using device: cpu
Using device: cpu
19
19
Using device: cpu
Using device: cpu
19
19
Using device: cpu
Using device: cpu
19
19
Using device: cpu
Using device: cpu
19
19
Using device: cpu
Using device: cpu
19
19
Using device: cpu
Using device: cpu
19
19
Using device: cpu
Using device: cpu
19
19
Using device: cpu
Using device: cpu
19
19
Using device: cpu
Using device: cpu
19
19
Using device: cpu
Using device: cpu
19
19
Using device: cpu
Using device: cpu
19
19
Using device: cpu
Using device: cpu
19
19
Using device: cpu
Using device: cpu
19
19
Using device: cpu
Using device: cpu
19
19
Using device: cpu
Using device: cpu
19
19
Using device: cpu
Using device: cpu
19
19
Using device: cpu
Using device: cpu
19
19
Using device: cpu
Using device: cpu
19
19
Using device: cpu
Using device: cpu
19
19
Using device: cpu
Using device: cpu
19
19
Using device: cpu
Using device: cpu
19
19
Using device: cpu
Using device: cpu
19
19
Using device: cpu
Using device: cpu
19
19
Using device: cpu
Using device: cpu
19
19
Using device: cpu
Using device: cpu
19
19
Using device: cpu
Using device: cpu
19
19
Using device: cpu
Using device: cpu
19
19
Using device: cpu
Using device: cpu
19
19
Using device: cpu
Using device: cpu
19
19
Using device: cpu
Using device: cpu
19
19
Using device: cpu
Using device: cpu
19
19
Using device: cpu
Using device: cpu
19
19
Using device: cpu
Using device: cpu
19
19
Using device: cpu
Using device: cpu
19
19
Using device: cpu
Using device: cpu
19
19
Using device: cpu
Using device: cpu
19
19
Using device: cpu
Using device: cpu
19
19
Using device: cpu
Using device: cpu
19
19
Using device: cpu
Using device: cpu
19
19
Using device: cpu
Using device: cpu
19
19
Using device: cpu
Using device: cpu
19
19
Using device: cpu
Using device: cpu
19
19
Using device: cpu
Using device: cpu
19
19
Using device: cpu
Using device: cpu
19
19
Using device: cpu
Using device: cpu
19
19
Using device: cpu
Using device: cpu
19
19
Using device: cpu
Using device: cpu
19
19
Using device: cpu
Using device: cpu
19
19
Using device: cpu
Using device: cpu
19
19
Using device: cpu
Using device: cpu
19
19
Using device: cpu
Using device: cpu
19
19
Using device: cpu
Using device: cpu
19
19

============================= JOB FEEDBACK =============================

Job ID: 1505219
Cluster: haic
User/Group: pa6512/scc
Account: scc
State: COMPLETED (exit code 0)
Partition: normal
Nodes: 1
Cores per node: 152
Nodelist: haicn1702
CPU Utilized: 00:00:29
CPU Efficiency: 0.95% of 00:50:40 core-walltime
Job Wall-clock time: 00:00:20
Starttime: Wed Mar  5 12:08:56 2025
Endtime: Wed Mar  5 12:09:16 2025
Memory Utilized: 4.14 MB
Memory Efficiency: 0.00% of 128.00 GB
Energy Consumed: 5459 Joule / 1.51638888888889 Watthours
Average node power draw: 272.95 Watt
