Number of cores: 152

============================= JOB FEEDBACK =============================

Job ID: 1504369
Cluster: haic
User/Group: pa6512/scc
Account: scc
State: CANCELLED (exit code 0)
Partition: normal
Nodes: 1
Cores per node: 152
Nodelist: haicn1712
CPU Utilized: 00:00:00
CPU Efficiency: 0.00% of 16:45:44 core-walltime
Job Wall-clock time: 00:06:37
Starttime: Fri Feb 28 20:53:58 2025
Endtime: Fri Feb 28 21:00:35 2025
Memory Utilized: 8.06 GB
Memory Efficiency: 6.29% of 128.00 GB
Energy Consumed: 323113 Joule / 89.7536111111111 Watthours
Average node power draw: 813.886649874055 Watt
