Number of cores: 152
Using device:  cpu
Using device:  cpu
Using device:  cpu
Using device:  cpu
Using device:  cpu
Using device:  cpu
Using device:  cpu
Using device:  cpu
Using device:  cpu
Using device:  cpu
Using device:  cpu
Using device:  cpu
Using device:  cpu
Using device:  cpu
Using device:  cpu
Using device:  cpu
Using device:  cpu
Using device:  cpu
Using device:  cpu
Using device:  cpu
Using device:  cpu
Using device:  cpu
Using device:  cpu
Using device:  cpu
Using device:  cpu
Using device:  cpu
Using device:  cpu
Using device:  cpu
Using device:  cpu
Using device:  cpu
Using device:  cpu
Using device:  cpu
Using device:  cpu
Using device:  cpu
Using device:  cpu
Using device:  cpu
Using device:  cpu
Using device:  cpu
Using device:  cpu
Using device:  cpu
Using device:  cpu
Using device:  cpu
Using device:  cpu
Using device:  cpu
Using device:  cpu
Using device:  cpu
Using device:  cpu
Using device:  cpu
Using device:  cpu
Using device:  cpu
Using device:  cpu
Using device:  cpu
Using device:  cpu
Using device:  cpu
Using device:  cpu
Using device:  cpu
Using device:  cpu
Using device:  cpu
Using device:  cpu
Using device:  cpu
Using device:  cpu
Using device:  cpu
Using device:  cpu
Using device:  cpu
Using device:  cpu
Using device:  cpu
Using device:  cpu
Using device:  cpu
Using device:  cpu
Using device:  cpu
Using device:  cpu
Using device:  cpu
Using device:  cpu
Using device:  cpu
Using device:  cpu
Using device:  cpu
Using device:  cpu
Using device:  cpu
Using device:  cpu
Using device:  cpu
Using device:  cpu
Using device:  cpu
Using device:  cpu
Using device:  cpu
Using device:  cpu
Using device:  cpu
Using device:  cpu
Using device:  cpu
Using device:  cpu
Using device:  cpu
Using device:  cpu
Using device:  cpu
Using device:  cpu
Using device:  cpu
Using device:  cpu
Using device:  cpu
Using device:  cpu
Using device:  cpu
Using device:  cpu
Using device:  cpu
Using device:  cpu
Using device:  cpu
Using device:  cpu
Using device:  cpu
Using device:  cpu
Using device:  cpu
Using device:  cpu
Using device:  cpu
Using device:  cpu
Using device:  cpu
Using device:  cpu
Using device:  cpu
Using device:  cpu
Using device:  cpu
Using device:  cpu
Using device:  cpu
Using device:  cpu
Using device:  cpu
Using device:  cpu
Using device:  cpu
Using device:  cpu
Using device:  cpu
Using device:  cpu
Using device:  cpu
Using device:  cpu
Using device:  cpu
Using device:  cpu
Using device:  cpu
Using device:  cpu
Using device:  cpu
Using device:  cpu
Using device:  cpu
Using device:  cpu
Using device:  cpu
Using device:  cpu
Using device:  cpu
Using device:  cpu
Using device:  cpu
Using device:  cpu
Using device:  cpu
Using device:  cpu
Using device:  cpu
Using device:  cpu
Using device:  cpu
Using device:  cpu
Using device:  cpu
Using device:  cpu
Using device:  cpu
Using device:  cpu
Using device:  cpu
Using device:  cpu
Using device:  cpu
Using device:  cpu
Using device:  cpu
Using device:  cpu
Using device:  cpu
Using device:  cpu
Using device:  cpu
Using device:  cpu
Using device:  cpu
Using device:  cpu
Using device:  cpu
Using device:  cpu
Using device:  cpu
Using device:  cpu
Using device:  cpu
Using device:  cpu
Using device:  cpu
Using device:  cpu
Using device:  cpu
Using device:  cpu
Using device:  cpu
Using device:  cpu
Using device:  cpu
Using device:  cpu
Using device:  cpu
Using device:  cpu
Using device:  cpu
Using device:  cpu
Using device:  cpu
Using device:  cpu
Using device:  cpu
Using device:  cpu
Using device:  cpu
Using device:  cpu
Using device:  cpu
Using device:  cpu
Using device:  cpu
Using device:  cpu
Using device:  cpu
Using device:  cpu
Using device:  cpu
Using device:  cpu
Using device:  cpu
Using device:  cpu
Using device:  cpu
Using device:  cpu
Using device:  cpu
Using device:  cpu
Using device:  cpu

============================= JOB FEEDBACK =============================

Job ID: 1505872
Cluster: haic
User/Group: pa6512/scc
Account: scc
State: COMPLETED (exit code 0)
Partition: normal
Nodes: 1
Cores per node: 60
Nodelist: haicn1705
CPU Utilized: 00:00:16
CPU Efficiency: 1.27% of 00:21:00 core-walltime
Job Wall-clock time: 00:00:21
Starttime: Sat Mar  8 16:34:45 2025
Endtime: Sat Mar  8 16:35:06 2025
Memory Utilized: 810.19 MB
Memory Efficiency: 2.64% of 30.00 GB
Energy Consumed: 7602 Joule / 2.11166666666667 Watthours
Average node power draw: 362 Watt
