Number of cores: 152

============================= JOB FEEDBACK =============================

Job ID: 1504493
Cluster: haic
User/Group: pa6512/scc
Account: scc
State: CANCELLED (exit code 0)
Partition: normal
Nodes: 1
Cores per node: 152
Nodelist: haicn1707
CPU Utilized: 00:00:00
CPU Efficiency: 0.00% of 03:02:24 core-walltime
Job Wall-clock time: 00:01:12
Starttime: Sun Mar  2 11:33:39 2025
Endtime: Sun Mar  2 11:34:51 2025
Memory Utilized: 3.55 GB
Memory Efficiency: 2.77% of 128.00 GB
Energy Consumed: 50572 Joule / 14.0477777777778 Watthours
Average node power draw: 702.388888888889 Watt
