
The following have been reloaded with a version change:
  1) devel/cuda/12.2 => devel/cuda/12.4

2025-03-03 11:32:11.411978: E external/local_xla/xla/stream_executor/cuda/cuda_fft.cc:477] Unable to register cuFFT factory: Attempting to register factory for plugin cuFFT when one has already been registered
WARNING: All log messages before absl::InitializeLog() is called are written to STDERR
E0000 00:00:1740997931.423885  961851 cuda_dnn.cc:8310] Unable to register cuDNN factory: Attempting to register factory for plugin cuDNN when one has already been registered
E0000 00:00:1740997931.427522  961851 cuda_blas.cc:1418] Unable to register cuBLAS factory: Attempting to register factory for plugin cuBLAS when one has already been registered
2025-03-03 11:32:11.443384: I tensorflow/core/platform/cpu_feature_guard.cc:210] This TensorFlow binary is optimized to use available CPU instructions in performance-critical operations.
To enable the following instructions: AVX2 AVX512F AVX512_VNNI FMA, in other operations, rebuild TensorFlow with the appropriate compiler flags.
INFO:root:Starting parallel dataset generation...
INFO:root:Generating dataset: Number of obs 100 | Replication 0
INFO:root:Generating dataset: Number of obs 100 | Replication 1
INFO:root:Generating dataset: Number of obs 100 | Replication 2
INFO:root:Generating dataset: Number of obs 100 | Replication 3
INFO:root:Generating dataset: Number of obs 100 | Replication 4
INFO:root:Generating dataset: Number of obs 500 | Replication 0
INFO:root:Generating dataset: Number of obs 500 | Replication 1
INFO:root:Generating dataset: Number of obs 500 | Replication 2
INFO:root:Generating dataset: Number of obs 500 | Replication 3
INFO:root:Generating dataset: Number of obs 500 | Replication 4
INFO:root:Saved X to /scratch/slurm_tmpdir/job_1504688/output_wo_unstructured/X_n_100_rep_1.npy
INFO:root:Saved X to /scratch/slurm_tmpdir/job_1504688/output_wo_unstructured/X_n_100_rep_0.npy
INFO:root:Saved X to /scratch/slurm_tmpdir/job_1504688/output_wo_unstructured/X_n_100_rep_2.npy
INFO:root:Saved linear_effects to /scratch/slurm_tmpdir/job_1504688/output_wo_unstructured/linear_effects_n_100_rep_1.npy
INFO:root:Saved linear_effects to /scratch/slurm_tmpdir/job_1504688/output_wo_unstructured/linear_effects_n_100_rep_0.npy
INFO:root:Generating dataset: Number of obs 1000 | Replication 0
INFO:root:Saved Z to /scratch/slurm_tmpdir/job_1504688/output_wo_unstructured/Z_n_100_rep_1.npy
INFO:root:Saved linear_effects to /scratch/slurm_tmpdir/job_1504688/output_wo_unstructured/linear_effects_n_100_rep_2.npy
INFO:root:Saved Z to /scratch/slurm_tmpdir/job_1504688/output_wo_unstructured/Z_n_100_rep_0.npy
INFO:root:Saved X to /scratch/slurm_tmpdir/job_1504688/output_wo_unstructured/X_n_100_rep_3.npy
INFO:root:Saved nonlinear_effects to /scratch/slurm_tmpdir/job_1504688/output_wo_unstructured/nonlinear_effects_n_100_rep_1.npy
INFO:root:Saved Z to /scratch/slurm_tmpdir/job_1504688/output_wo_unstructured/Z_n_100_rep_2.npy
INFO:root:Generated X, Z, images: n=100, rep=1
INFO:root:Saved nonlinear_effects to /scratch/slurm_tmpdir/job_1504688/output_wo_unstructured/nonlinear_effects_n_100_rep_0.npy
INFO:root:Generated X, Z, images: n=100, rep=0
INFO:root:Saved linear_effects to /scratch/slurm_tmpdir/job_1504688/output_wo_unstructured/linear_effects_n_100_rep_3.npy
INFO:root:Saved nonlinear_effects to /scratch/slurm_tmpdir/job_1504688/output_wo_unstructured/nonlinear_effects_n_100_rep_2.npy
INFO:root:Generating dataset: Number of obs 1000 | Replication 1
INFO:root:Generated X, Z, images: n=100, rep=2
INFO:root:Saved Z to /scratch/slurm_tmpdir/job_1504688/output_wo_unstructured/Z_n_100_rep_3.npy
INFO:root:Saved X to /scratch/slurm_tmpdir/job_1504688/output_wo_unstructured/X_n_100_rep_4.npy
INFO:root:Saved nonlinear_effects to /scratch/slurm_tmpdir/job_1504688/output_wo_unstructured/nonlinear_effects_n_100_rep_3.npy
INFO:root:Generated X, Z, images: n=100, rep=3
INFO:root:Saved linear_effects to /scratch/slurm_tmpdir/job_1504688/output_wo_unstructured/linear_effects_n_100_rep_4.npy
INFO:root:Saved Z to /scratch/slurm_tmpdir/job_1504688/output_wo_unstructured/Z_n_100_rep_4.npy
INFO:root:Saved nonlinear_effects to /scratch/slurm_tmpdir/job_1504688/output_wo_unstructured/nonlinear_effects_n_100_rep_4.npy
INFO:root:Saved X to /scratch/slurm_tmpdir/job_1504688/output_wo_unstructured/X_n_500_rep_0.npy
INFO:root:Generated X, Z, images: n=100, rep=4
INFO:root:Saved X to /scratch/slurm_tmpdir/job_1504688/output_wo_unstructured/X_n_500_rep_1.npy
INFO:root:Generating dataset: Number of obs 1000 | Replication 2
INFO:root:Saved a to /scratch/slurm_tmpdir/job_1504688/output_wo_unstructured/a_n_100_rep_1_dist_poisson_SNR_1.npy
INFO:root:Saved X to /scratch/slurm_tmpdir/job_1504688/output_wo_unstructured/X_n_500_rep_2.npy
INFO:root:Saved X to /scratch/slurm_tmpdir/job_1504688/output_wo_unstructured/X_n_500_rep_3.npy
INFO:root:Saved X to /scratch/slurm_tmpdir/job_1504688/output_wo_unstructured/X_n_500_rep_4.npy
INFO:root:Generating dataset: Number of obs 1000 | Replication 3
INFO:root:Generating dataset: Number of obs 1000 | Replication 4
INFO:root:Saved X to /scratch/slurm_tmpdir/job_1504688/output_wo_unstructured/X_n_1000_rep_0.npy
INFO:root:Saved linear_effects to /scratch/slurm_tmpdir/job_1504688/output_wo_unstructured/linear_effects_n_500_rep_1.npy
INFO:root:Saved X to /scratch/slurm_tmpdir/job_1504688/output_wo_unstructured/X_n_1000_rep_1.npy
INFO:root:Saved linear_effects to /scratch/slurm_tmpdir/job_1504688/output_wo_unstructured/linear_effects_n_500_rep_0.npy
INFO:root:Saved linear_effects to /scratch/slurm_tmpdir/job_1504688/output_wo_unstructured/linear_effects_n_500_rep_2.npy
INFO:root:Saved linear_effects to /scratch/slurm_tmpdir/job_1504688/output_wo_unstructured/linear_effects_n_500_rep_3.npy
INFO:root:Saved linear_effects to /scratch/slurm_tmpdir/job_1504688/output_wo_unstructured/linear_effects_n_500_rep_4.npy
INFO:root:Saved Z to /scratch/slurm_tmpdir/job_1504688/output_wo_unstructured/Z_n_500_rep_1.npy
INFO:root:Saved linear_effects to /scratch/slurm_tmpdir/job_1504688/output_wo_unstructured/linear_effects_n_1000_rep_0.npy
INFO:root:Saved Z to /scratch/slurm_tmpdir/job_1504688/output_wo_unstructured/Z_n_500_rep_0.npy
INFO:root:Saved Z to /scratch/slurm_tmpdir/job_1504688/output_wo_unstructured/Z_n_500_rep_2.npy
INFO:root:Saved linear_effects to /scratch/slurm_tmpdir/job_1504688/output_wo_unstructured/linear_effects_n_1000_rep_1.npy
INFO:root:Saved Z to /scratch/slurm_tmpdir/job_1504688/output_wo_unstructured/Z_n_500_rep_3.npy
INFO:root:Saved Z to /scratch/slurm_tmpdir/job_1504688/output_wo_unstructured/Z_n_500_rep_4.npy
INFO:root:Saved nonlinear_effects to /scratch/slurm_tmpdir/job_1504688/output_wo_unstructured/nonlinear_effects_n_500_rep_1.npy
INFO:root:Saved Z to /scratch/slurm_tmpdir/job_1504688/output_wo_unstructured/Z_n_1000_rep_0.npy
INFO:root:Generated X, Z, images: n=500, rep=1
INFO:root:Saved nonlinear_effects to /scratch/slurm_tmpdir/job_1504688/output_wo_unstructured/nonlinear_effects_n_500_rep_0.npy
INFO:root:Saved Z to /scratch/slurm_tmpdir/job_1504688/output_wo_unstructured/Z_n_1000_rep_1.npy
INFO:root:Saved nonlinear_effects to /scratch/slurm_tmpdir/job_1504688/output_wo_unstructured/nonlinear_effects_n_500_rep_2.npy
INFO:root:Generated X, Z, images: n=500, rep=0
INFO:root:Saved nonlinear_effects to /scratch/slurm_tmpdir/job_1504688/output_wo_unstructured/nonlinear_effects_n_500_rep_3.npy
INFO:root:Saved nonlinear_effects to /scratch/slurm_tmpdir/job_1504688/output_wo_unstructured/nonlinear_effects_n_500_rep_4.npy
INFO:root:Generated X, Z, images: n=500, rep=2
INFO:root:Saved nonlinear_effects to /scratch/slurm_tmpdir/job_1504688/output_wo_unstructured/nonlinear_effects_n_1000_rep_0.npy
INFO:root:Generated X, Z, images: n=500, rep=3
INFO:root:Generated X, Z, images: n=500, rep=4
INFO:root:Generated X, Z, images: n=1000, rep=0
INFO:root:Saved a to /scratch/slurm_tmpdir/job_1504688/output_wo_unstructured/a_n_100_rep_3_dist_poisson_SNR_1.npy
INFO:root:Saved nonlinear_effects to /scratch/slurm_tmpdir/job_1504688/output_wo_unstructured/nonlinear_effects_n_1000_rep_1.npy
INFO:root:Generated X, Z, images: n=1000, rep=1
INFO:root:Saved a to /scratch/slurm_tmpdir/job_1504688/output_wo_unstructured/a_n_100_rep_0_dist_gaussian_homo_SNR_1.npy
INFO:root:Saved a to /scratch/slurm_tmpdir/job_1504688/output_wo_unstructured/a_n_100_rep_2_dist_poisson_SNR_1.npy
INFO:root:Saved a to /scratch/slurm_tmpdir/job_1504688/output_wo_unstructured/a_n_100_rep_2_dist_gaussian_homo_SNR_1.npy
INFO:root:Saved X to /scratch/slurm_tmpdir/job_1504688/output_wo_unstructured/X_n_1000_rep_2.npy
INFO:root:Saved a to /scratch/slurm_tmpdir/job_1504688/output_wo_unstructured/a_n_100_rep_4_dist_poisson_SNR_1.npy
INFO:root:Saved X to /scratch/slurm_tmpdir/job_1504688/output_wo_unstructured/X_n_1000_rep_4.npy
INFO:root:Saved X to /scratch/slurm_tmpdir/job_1504688/output_wo_unstructured/X_n_1000_rep_3.npy
INFO:root:Saved a to /scratch/slurm_tmpdir/job_1504688/output_wo_unstructured/a_n_100_rep_0_dist_gaussian_hetero_SNR_1.npy
INFO:root:Saved linear_effects to /scratch/slurm_tmpdir/job_1504688/output_wo_unstructured/linear_effects_n_1000_rep_2.npy
INFO:root:Saved etas to /scratch/slurm_tmpdir/job_1504688/output_wo_unstructured/etas_n_100_rep_1_dist_poisson_SNR_1.npy
INFO:root:Saved etas to /scratch/slurm_tmpdir/job_1504688/output_wo_unstructured/etas_n_100_rep_4_dist_poisson_SNR_1.npy
INFO:root:Saved linear_effects to /scratch/slurm_tmpdir/job_1504688/output_wo_unstructured/linear_effects_n_1000_rep_4.npy
INFO:root:Saved linear_effects to /scratch/slurm_tmpdir/job_1504688/output_wo_unstructured/linear_effects_n_1000_rep_3.npy
INFO:root:Saved a to /scratch/slurm_tmpdir/job_1504688/output_wo_unstructured/a_n_100_rep_3_dist_gaussian_homo_SNR_1.npy
INFO:root:Saved Z to /scratch/slurm_tmpdir/job_1504688/output_wo_unstructured/Z_n_1000_rep_2.npy
INFO:root:Saved Z to /scratch/slurm_tmpdir/job_1504688/output_wo_unstructured/Z_n_1000_rep_4.npy
INFO:root:Saved Z to /scratch/slurm_tmpdir/job_1504688/output_wo_unstructured/Z_n_1000_rep_3.npy
INFO:root:Saved nonlinear_effects to /scratch/slurm_tmpdir/job_1504688/output_wo_unstructured/nonlinear_effects_n_1000_rep_2.npy
INFO:root:Saved nonlinear_effects to /scratch/slurm_tmpdir/job_1504688/output_wo_unstructured/nonlinear_effects_n_1000_rep_4.npy
INFO:root:Generated X, Z, images: n=1000, rep=2
INFO:root:Generated X, Z, images: n=1000, rep=4
INFO:root:Saved nonlinear_effects to /scratch/slurm_tmpdir/job_1504688/output_wo_unstructured/nonlinear_effects_n_1000_rep_3.npy
INFO:root:Generated X, Z, images: n=1000, rep=3
INFO:root:Saved etas to /scratch/slurm_tmpdir/job_1504688/output_wo_unstructured/etas_n_100_rep_2_dist_poisson_SNR_1.npy
INFO:root:Saved a to /scratch/slurm_tmpdir/job_1504688/output_wo_unstructured/a_n_100_rep_1_dist_gaussian_homo_SNR_1.npy
INFO:root:Saved y to /scratch/slurm_tmpdir/job_1504688/output_wo_unstructured/y_n_100_rep_4_dist_poisson_SNR_1.npy
INFO:root:Saved a to /scratch/slurm_tmpdir/job_1504688/output_wo_unstructured/a_n_100_rep_2_dist_gaussian_hetero_SNR_1.npy
INFO:root:Saved a to /scratch/slurm_tmpdir/job_1504688/output_wo_unstructured/a_n_100_rep_3_dist_gaussian_hetero_SNR_1.npy
INFO:root:Saved a to /scratch/slurm_tmpdir/job_1504688/output_wo_unstructured/a_n_100_rep_3_dist_poisson_SNR_8.npy
INFO:root:Saved a to /scratch/slurm_tmpdir/job_1504688/output_wo_unstructured/a_n_100_rep_1_dist_gaussian_hetero_SNR_1.npy
INFO:root:Saved a to /scratch/slurm_tmpdir/job_1504688/output_wo_unstructured/a_n_500_rep_0_dist_poisson_SNR_1.npy
INFO:root:Saved a to /scratch/slurm_tmpdir/job_1504688/output_wo_unstructured/a_n_100_rep_4_dist_gaussian_homo_SNR_1.npy
INFO:root:Saved a to /scratch/slurm_tmpdir/job_1504688/output_wo_unstructured/a_n_100_rep_2_dist_poisson_SNR_8.npy
INFO:root:Saved etas to /scratch/slurm_tmpdir/job_1504688/output_wo_unstructured/etas_n_100_rep_0_dist_gaussian_homo_SNR_1.npy
INFO:root:Saved etas to /scratch/slurm_tmpdir/job_1504688/output_wo_unstructured/etas_n_100_rep_3_dist_poisson_SNR_1.npy
INFO:root:Saved a to /scratch/slurm_tmpdir/job_1504688/output_wo_unstructured/a_n_500_rep_3_dist_poisson_SNR_1.npy
INFO:root:Saved a to /scratch/slurm_tmpdir/job_1504688/output_wo_unstructured/a_n_1000_rep_0_dist_gaussian_homo_SNR_1.npy
INFO:root:Saved a to /scratch/slurm_tmpdir/job_1504688/output_wo_unstructured/a_n_500_rep_2_dist_poisson_SNR_1.npy
INFO:root:Saved a to /scratch/slurm_tmpdir/job_1504688/output_wo_unstructured/a_n_500_rep_4_dist_gaussian_homo_SNR_1.npy
INFO:root:Saved a to /scratch/slurm_tmpdir/job_1504688/output_wo_unstructured/a_n_500_rep_0_dist_gaussian_homo_SNR_1.npy
INFO:root:Saved a to /scratch/slurm_tmpdir/job_1504688/output_wo_unstructured/a_n_500_rep_2_dist_gaussian_homo_SNR_1.npy
INFO:root:Saved a to /scratch/slurm_tmpdir/job_1504688/output_wo_unstructured/a_n_500_rep_1_dist_poisson_SNR_1.npy
INFO:root:Saved a to /scratch/slurm_tmpdir/job_1504688/output_wo_unstructured/a_n_100_rep_1_dist_poisson_SNR_8.npy
INFO:root:Saved etas to /scratch/slurm_tmpdir/job_1504688/output_wo_unstructured/etas_n_100_rep_2_dist_gaussian_homo_SNR_1.npy
INFO:root:Saved a to /scratch/slurm_tmpdir/job_1504688/output_wo_unstructured/a_n_100_rep_3_dist_gaussian_homo_SNR_8.npy
INFO:root:Saved etas to /scratch/slurm_tmpdir/job_1504688/output_wo_unstructured/etas_n_100_rep_3_dist_gaussian_homo_SNR_1.npy
INFO:root:Saved etas to /scratch/slurm_tmpdir/job_1504688/output_wo_unstructured/etas_n_500_rep_0_dist_poisson_SNR_1.npy
INFO:root:Saved a to /scratch/slurm_tmpdir/job_1504688/output_wo_unstructured/a_n_500_rep_3_dist_gaussian_homo_SNR_1.npy
INFO:root:Saved a to /scratch/slurm_tmpdir/job_1504688/output_wo_unstructured/a_n_500_rep_2_dist_gaussian_hetero_SNR_1.npy
INFO:root:Saved a to /scratch/slurm_tmpdir/job_1504688/output_wo_unstructured/a_n_100_rep_2_dist_gaussian_hetero_SNR_8.npy
INFO:root:Saved etas to /scratch/slurm_tmpdir/job_1504688/output_wo_unstructured/etas_n_100_rep_3_dist_gaussian_hetero_SNR_1.npy
INFO:root:Saved a to /scratch/slurm_tmpdir/job_1504688/output_wo_unstructured/a_n_100_rep_0_dist_poisson_SNR_1.npy
INFO:root:Saved a to /scratch/slurm_tmpdir/job_1504688/output_wo_unstructured/a_n_100_rep_1_dist_gaussian_homo_SNR_8.npy
INFO:root:Saved a to /scratch/slurm_tmpdir/job_1504688/output_wo_unstructured/a_n_500_rep_1_dist_gaussian_homo_SNR_1.npy
INFO:root:Saved etas to /scratch/slurm_tmpdir/job_1504688/output_wo_unstructured/etas_n_1000_rep_0_dist_gaussian_homo_SNR_1.npy
INFO:root:Saved etas to /scratch/slurm_tmpdir/job_1504688/output_wo_unstructured/etas_n_100_rep_1_dist_gaussian_homo_SNR_1.npy
INFO:root:Saved etas to /scratch/slurm_tmpdir/job_1504688/output_wo_unstructured/etas_n_100_rep_3_dist_poisson_SNR_8.npy
INFO:root:Saved etas to /scratch/slurm_tmpdir/job_1504688/output_wo_unstructured/etas_n_100_rep_2_dist_gaussian_hetero_SNR_1.npy
INFO:root:Saved y to /scratch/slurm_tmpdir/job_1504688/output_wo_unstructured/y_n_100_rep_1_dist_poisson_SNR_1.npy
INFO:root:Saved a to /scratch/slurm_tmpdir/job_1504688/output_wo_unstructured/a_n_100_rep_0_dist_gaussian_homo_SNR_8.npy
INFO:root:Saved a to /scratch/slurm_tmpdir/job_1504688/output_wo_unstructured/a_n_500_rep_1_dist_gaussian_hetero_SNR_1.npy
INFO:root:Saved y to /scratch/slurm_tmpdir/job_1504688/output_wo_unstructured/y_n_100_rep_3_dist_poisson_SNR_1.npy
INFO:root:Saved etas to /scratch/slurm_tmpdir/job_1504688/output_wo_unstructured/etas_n_100_rep_1_dist_gaussian_hetero_SNR_1.npy
INFO:root:Saved etas to /scratch/slurm_tmpdir/job_1504688/output_wo_unstructured/etas_n_100_rep_0_dist_gaussian_hetero_SNR_1.npy
INFO:root:Saved a to /scratch/slurm_tmpdir/job_1504688/output_wo_unstructured/a_n_100_rep_2_dist_gaussian_homo_SNR_8.npy
INFO:root:Saved y to /scratch/slurm_tmpdir/job_1504688/output_wo_unstructured/y_n_100_rep_2_dist_poisson_SNR_1.npy
INFO:root:Saved etas to /scratch/slurm_tmpdir/job_1504688/output_wo_unstructured/etas_n_100_rep_1_dist_gaussian_homo_SNR_8.npy
INFO:root:Saved a to /scratch/slurm_tmpdir/job_1504688/output_wo_unstructured/a_n_100_rep_3_dist_gaussian_hetero_SNR_8.npy
INFO:root:Saved a to /scratch/slurm_tmpdir/job_1504688/output_wo_unstructured/a_n_500_rep_3_dist_gaussian_hetero_SNR_1.npy
INFO:root:Saved a to /scratch/slurm_tmpdir/job_1504688/output_wo_unstructured/a_n_100_rep_0_dist_poisson_SNR_8.npy
INFO:root:Saved etas to /scratch/slurm_tmpdir/job_1504688/output_wo_unstructured/etas_n_100_rep_2_dist_gaussian_hetero_SNR_8.npy
INFO:root:Saved a to /scratch/slurm_tmpdir/job_1504688/output_wo_unstructured/a_n_1000_rep_2_dist_gaussian_homo_SNR_1.npy
INFO:root:Saved a to /scratch/slurm_tmpdir/job_1504688/output_wo_unstructured/a_n_500_rep_0_dist_gaussian_hetero_SNR_1.npy
INFO:root:Saved etas to /scratch/slurm_tmpdir/job_1504688/output_wo_unstructured/etas_n_100_rep_1_dist_poisson_SNR_8.npy
INFO:root:Saved a to /scratch/slurm_tmpdir/job_1504688/output_wo_unstructured/a_n_100_rep_0_dist_gaussian_hetero_SNR_8.npy
INFO:root:Saved a to /scratch/slurm_tmpdir/job_1504688/output_wo_unstructured/a_n_500_rep_4_dist_gaussian_hetero_SNR_1.npy
INFO:root:Saved a to /scratch/slurm_tmpdir/job_1504688/output_wo_unstructured/a_n_500_rep_1_dist_poisson_SNR_8.npy
INFO:root:Saved y to /scratch/slurm_tmpdir/job_1504688/output_wo_unstructured/y_n_100_rep_1_dist_gaussian_homo_SNR_1.npy
INFO:root:Saved etas to /scratch/slurm_tmpdir/job_1504688/output_wo_unstructured/etas_n_100_rep_2_dist_poisson_SNR_8.npy
INFO:root:Saved etas to /scratch/slurm_tmpdir/job_1504688/output_wo_unstructured/etas_n_100_rep_3_dist_gaussian_homo_SNR_8.npy
INFO:root:Saved a to /scratch/slurm_tmpdir/job_1504688/output_wo_unstructured/a_n_500_rep_2_dist_poisson_SNR_8.npy
INFO:root:Saved y to /scratch/slurm_tmpdir/job_1504688/output_wo_unstructured/y_n_100_rep_0_dist_gaussian_homo_SNR_1.npy
INFO:root:Saved y to /scratch/slurm_tmpdir/job_1504688/output_wo_unstructured/y_n_100_rep_2_dist_gaussian_homo_SNR_1.npy
INFO:root:Saved y to /scratch/slurm_tmpdir/job_1504688/output_wo_unstructured/y_n_100_rep_3_dist_gaussian_homo_SNR_1.npy
INFO:root:Saved y to /scratch/slurm_tmpdir/job_1504688/output_wo_unstructured/y_n_100_rep_1_dist_gaussian_homo_SNR_8.npy
INFO:root:Saved y to /scratch/slurm_tmpdir/job_1504688/output_wo_unstructured/y_n_100_rep_2_dist_gaussian_hetero_SNR_1.npy
INFO:root:Saved a to /scratch/slurm_tmpdir/job_1504688/output_wo_unstructured/a_n_100_rep_4_dist_gaussian_hetero_SNR_1.npy
INFO:root:Saved etas to /scratch/slurm_tmpdir/job_1504688/output_wo_unstructured/etas_n_100_rep_0_dist_poisson_SNR_1.npy
INFO:root:Saved y to /scratch/slurm_tmpdir/job_1504688/output_wo_unstructured/y_n_100_rep_3_dist_gaussian_hetero_SNR_1.npy
INFO:root:Saved y to /scratch/slurm_tmpdir/job_1504688/output_wo_unstructured/y_n_100_rep_1_dist_gaussian_hetero_SNR_1.npy
INFO:root:Saved etas to /scratch/slurm_tmpdir/job_1504688/output_wo_unstructured/etas_n_100_rep_2_dist_gaussian_homo_SNR_8.npy
INFO:root:Saved y to /scratch/slurm_tmpdir/job_1504688/output_wo_unstructured/y_n_100_rep_3_dist_poisson_SNR_8.npy
INFO:root:Saved etas to /scratch/slurm_tmpdir/job_1504688/output_wo_unstructured/etas_n_500_rep_2_dist_gaussian_homo_SNR_1.npy
INFO:root:Saved y to /scratch/slurm_tmpdir/job_1504688/output_wo_unstructured/y_n_100_rep_1_dist_poisson_SNR_8.npy
INFO:root:Saved y to /scratch/slurm_tmpdir/job_1504688/output_wo_unstructured/y_n_100_rep_2_dist_gaussian_hetero_SNR_8.npy
INFO:root:Saved etas to /scratch/slurm_tmpdir/job_1504688/output_wo_unstructured/etas_n_100_rep_0_dist_gaussian_homo_SNR_8.npy
INFO:root:Saved etas to /scratch/slurm_tmpdir/job_1504688/output_wo_unstructured/etas_n_100_rep_3_dist_gaussian_hetero_SNR_8.npy
INFO:root:Saved a to /scratch/slurm_tmpdir/job_1504688/output_wo_unstructured/a_n_100_rep_1_dist_gaussian_hetero_SNR_8.npy
INFO:root:Saved y to /scratch/slurm_tmpdir/job_1504688/output_wo_unstructured/y_n_100_rep_2_dist_poisson_SNR_8.npy
INFO:root:Saved y to /scratch/slurm_tmpdir/job_1504688/output_wo_unstructured/y_n_100_rep_3_dist_gaussian_homo_SNR_8.npy
INFO:root:Saved a to /scratch/slurm_tmpdir/job_1504688/output_wo_unstructured/a_n_1000_rep_3_dist_gaussian_homo_SNR_1.npy
INFO:root:Saved etas to /scratch/slurm_tmpdir/job_1504688/output_wo_unstructured/etas_n_500_rep_1_dist_gaussian_homo_SNR_1.npy
INFO:root:Saved y to /scratch/slurm_tmpdir/job_1504688/output_wo_unstructured/y_n_100_rep_2_dist_gaussian_homo_SNR_8.npy
INFO:root:Saved etas to /scratch/slurm_tmpdir/job_1504688/output_wo_unstructured/etas_n_100_rep_0_dist_poisson_SNR_8.npy
INFO:root:Saved a to /scratch/slurm_tmpdir/job_1504688/output_wo_unstructured/a_n_500_rep_4_dist_poisson_SNR_8.npy
INFO:root:Saved etas to /scratch/slurm_tmpdir/job_1504688/output_wo_unstructured/etas_n_100_rep_1_dist_gaussian_hetero_SNR_8.npy
INFO:root:Saved y to /scratch/slurm_tmpdir/job_1504688/output_wo_unstructured/y_n_100_rep_3_dist_gaussian_hetero_SNR_8.npy
INFO:root:Saved a to /scratch/slurm_tmpdir/job_1504688/output_wo_unstructured/a_n_1000_rep_0_dist_poisson_SNR_1.npy
INFO:root:Saved a to /scratch/slurm_tmpdir/job_1504688/output_wo_unstructured/a_n_1000_rep_1_dist_gaussian_homo_SNR_1.npy
INFO:root:Saved a to /scratch/slurm_tmpdir/job_1504688/output_wo_unstructured/a_n_100_rep_4_dist_poisson_SNR_8.npy
INFO:root:Saved etas to /scratch/slurm_tmpdir/job_1504688/output_wo_unstructured/etas_n_500_rep_0_dist_gaussian_homo_SNR_1.npy
INFO:root:Saved y to /scratch/slurm_tmpdir/job_1504688/output_wo_unstructured/y_n_100_rep_0_dist_gaussian_hetero_SNR_1.npy
INFO:root:Saved a to /scratch/slurm_tmpdir/job_1504688/output_wo_unstructured/a_n_500_rep_4_dist_poisson_SNR_1.npy
INFO:root:Saved a to /scratch/slurm_tmpdir/job_1504688/output_wo_unstructured/a_n_100_rep_4_dist_gaussian_hetero_SNR_8.npy
INFO:root:Saved y to /scratch/slurm_tmpdir/job_1504688/output_wo_unstructured/y_n_100_rep_1_dist_gaussian_hetero_SNR_8.npy
INFO:root:Generated responses: Number of obs=100, Rep=2
INFO:root:Saved etas to /scratch/slurm_tmpdir/job_1504688/output_wo_unstructured/etas_n_100_rep_4_dist_gaussian_homo_SNR_1.npy
INFO:root:Generated responses: Number of obs=100, Rep=3
INFO:root:Saved etas to /scratch/slurm_tmpdir/job_1504688/output_wo_unstructured/etas_n_100_rep_0_dist_gaussian_hetero_SNR_8.npy
INFO:root:Saved a to /scratch/slurm_tmpdir/job_1504688/output_wo_unstructured/a_n_500_rep_0_dist_poisson_SNR_8.npy
INFO:root:Saved a to /scratch/slurm_tmpdir/job_1504688/output_wo_unstructured/a_n_100_rep_4_dist_gaussian_homo_SNR_8.npy
INFO:root:Generated responses: Number of obs=100, Rep=1
INFO:root:Saved etas to /scratch/slurm_tmpdir/job_1504688/output_wo_unstructured/etas_n_500_rep_2_dist_poisson_SNR_1.npy
INFO:root:Saved a to /scratch/slurm_tmpdir/job_1504688/output_wo_unstructured/a_n_500_rep_4_dist_gaussian_homo_SNR_8.npy
INFO:root:Saved y to /scratch/slurm_tmpdir/job_1504688/output_wo_unstructured/y_n_100_rep_0_dist_poisson_SNR_1.npy
INFO:root:Saved a to /scratch/slurm_tmpdir/job_1504688/output_wo_unstructured/a_n_1000_rep_4_dist_gaussian_homo_SNR_1.npy
INFO:root:Saved etas to /scratch/slurm_tmpdir/job_1504688/output_wo_unstructured/etas_n_100_rep_4_dist_poisson_SNR_8.npy
INFO:root:Saved etas to /scratch/slurm_tmpdir/job_1504688/output_wo_unstructured/etas_n_500_rep_4_dist_gaussian_homo_SNR_1.npy
INFO:root:Saved a to /scratch/slurm_tmpdir/job_1504688/output_wo_unstructured/a_n_1000_rep_1_dist_gaussian_homo_SNR_8.npy
INFO:root:Saved y to /scratch/slurm_tmpdir/job_1504688/output_wo_unstructured/y_n_100_rep_0_dist_gaussian_homo_SNR_8.npy
INFO:root:Saved y to /scratch/slurm_tmpdir/job_1504688/output_wo_unstructured/y_n_1000_rep_0_dist_gaussian_homo_SNR_1.npy
INFO:root:Saved etas to /scratch/slurm_tmpdir/job_1504688/output_wo_unstructured/etas_n_1000_rep_2_dist_gaussian_homo_SNR_1.npy
INFO:root:Saved y to /scratch/slurm_tmpdir/job_1504688/output_wo_unstructured/y_n_100_rep_0_dist_poisson_SNR_8.npy
INFO:root:Saved etas to /scratch/slurm_tmpdir/job_1504688/output_wo_unstructured/etas_n_500_rep_1_dist_gaussian_hetero_SNR_1.npy
INFO:root:Saved y to /scratch/slurm_tmpdir/job_1504688/output_wo_unstructured/y_n_100_rep_0_dist_gaussian_hetero_SNR_8.npy
INFO:root:Saved etas to /scratch/slurm_tmpdir/job_1504688/output_wo_unstructured/etas_n_100_rep_4_dist_gaussian_hetero_SNR_1.npy
INFO:root:Saved etas to /scratch/slurm_tmpdir/job_1504688/output_wo_unstructured/etas_n_500_rep_3_dist_poisson_SNR_1.npy
INFO:root:Saved etas to /scratch/slurm_tmpdir/job_1504688/output_wo_unstructured/etas_n_500_rep_4_dist_gaussian_hetero_SNR_1.npy
INFO:root:Saved etas to /scratch/slurm_tmpdir/job_1504688/output_wo_unstructured/etas_n_500_rep_2_dist_gaussian_hetero_SNR_1.npy
INFO:root:Saved etas to /scratch/slurm_tmpdir/job_1504688/output_wo_unstructured/etas_n_100_rep_4_dist_gaussian_hetero_SNR_8.npy
INFO:root:Saved a to /scratch/slurm_tmpdir/job_1504688/output_wo_unstructured/a_n_500_rep_4_dist_gaussian_hetero_SNR_8.npy
INFO:root:Saved a to /scratch/slurm_tmpdir/job_1504688/output_wo_unstructured/a_n_1000_rep_4_dist_gaussian_homo_SNR_8.npy
INFO:root:Saved a to /scratch/slurm_tmpdir/job_1504688/output_wo_unstructured/a_n_500_rep_1_dist_gaussian_homo_SNR_8.npy
INFO:root:Saved etas to /scratch/slurm_tmpdir/job_1504688/output_wo_unstructured/etas_n_500_rep_0_dist_gaussian_hetero_SNR_1.npy
INFO:root:Saved etas to /scratch/slurm_tmpdir/job_1504688/output_wo_unstructured/etas_n_500_rep_1_dist_poisson_SNR_8.npy
INFO:root:Saved a to /scratch/slurm_tmpdir/job_1504688/output_wo_unstructured/a_n_500_rep_3_dist_poisson_SNR_8.npy
INFO:root:Saved etas to /scratch/slurm_tmpdir/job_1504688/output_wo_unstructured/etas_n_500_rep_4_dist_poisson_SNR_8.npy
INFO:root:Generated responses: Number of obs=100, Rep=0
INFO:root:Saved y to /scratch/slurm_tmpdir/job_1504688/output_wo_unstructured/y_n_100_rep_4_dist_gaussian_homo_SNR_1.npy
INFO:root:Saved etas to /scratch/slurm_tmpdir/job_1504688/output_wo_unstructured/etas_n_500_rep_4_dist_poisson_SNR_1.npy
INFO:root:Saved a to /scratch/slurm_tmpdir/job_1504688/output_wo_unstructured/a_n_500_rep_1_dist_gaussian_hetero_SNR_8.npy
INFO:root:Saved etas to /scratch/slurm_tmpdir/job_1504688/output_wo_unstructured/etas_n_100_rep_4_dist_gaussian_homo_SNR_8.npy
INFO:root:Saved etas to /scratch/slurm_tmpdir/job_1504688/output_wo_unstructured/etas_n_1000_rep_1_dist_gaussian_homo_SNR_8.npy
INFO:root:Saved etas to /scratch/slurm_tmpdir/job_1504688/output_wo_unstructured/etas_n_1000_rep_3_dist_gaussian_homo_SNR_1.npy
INFO:root:Saved y to /scratch/slurm_tmpdir/job_1504688/output_wo_unstructured/y_n_100_rep_4_dist_poisson_SNR_8.npy
INFO:root:Saved a to /scratch/slurm_tmpdir/job_1504688/output_wo_unstructured/a_n_500_rep_2_dist_gaussian_homo_SNR_8.npy
INFO:root:Saved etas to /scratch/slurm_tmpdir/job_1504688/output_wo_unstructured/etas_n_500_rep_3_dist_gaussian_homo_SNR_1.npy
INFO:root:Saved etas to /scratch/slurm_tmpdir/job_1504688/output_wo_unstructured/etas_n_500_rep_4_dist_gaussian_homo_SNR_8.npy
INFO:root:Saved y to /scratch/slurm_tmpdir/job_1504688/output_wo_unstructured/y_n_500_rep_0_dist_poisson_SNR_1.npy
INFO:root:Saved y to /scratch/slurm_tmpdir/job_1504688/output_wo_unstructured/y_n_100_rep_4_dist_gaussian_hetero_SNR_1.npy
INFO:root:Saved etas to /scratch/slurm_tmpdir/job_1504688/output_wo_unstructured/etas_n_500_rep_1_dist_poisson_SNR_1.npy
INFO:root:Saved y to /scratch/slurm_tmpdir/job_1504688/output_wo_unstructured/y_n_100_rep_4_dist_gaussian_hetero_SNR_8.npy
INFO:root:Saved a to /scratch/slurm_tmpdir/job_1504688/output_wo_unstructured/a_n_1000_rep_1_dist_poisson_SNR_1.npy
INFO:root:Saved y to /scratch/slurm_tmpdir/job_1504688/output_wo_unstructured/y_n_500_rep_1_dist_gaussian_homo_SNR_1.npy
INFO:root:Saved a to /scratch/slurm_tmpdir/job_1504688/output_wo_unstructured/a_n_500_rep_3_dist_gaussian_homo_SNR_8.npy
INFO:root:Saved y to /scratch/slurm_tmpdir/job_1504688/output_wo_unstructured/y_n_500_rep_2_dist_gaussian_homo_SNR_1.npy
INFO:root:Saved etas to /scratch/slurm_tmpdir/job_1504688/output_wo_unstructured/etas_n_1000_rep_4_dist_gaussian_homo_SNR_1.npy
INFO:root:Saved a to /scratch/slurm_tmpdir/job_1504688/output_wo_unstructured/a_n_500_rep_0_dist_gaussian_homo_SNR_8.npy
INFO:root:Saved y to /scratch/slurm_tmpdir/job_1504688/output_wo_unstructured/y_n_100_rep_4_dist_gaussian_homo_SNR_8.npy
INFO:root:Saved y to /scratch/slurm_tmpdir/job_1504688/output_wo_unstructured/y_n_500_rep_4_dist_gaussian_homo_SNR_1.npy
INFO:root:Saved etas to /scratch/slurm_tmpdir/job_1504688/output_wo_unstructured/etas_n_500_rep_3_dist_gaussian_hetero_SNR_1.npy
INFO:root:Saved etas to /scratch/slurm_tmpdir/job_1504688/output_wo_unstructured/etas_n_1000_rep_0_dist_poisson_SNR_1.npy
INFO:root:Saved y to /scratch/slurm_tmpdir/job_1504688/output_wo_unstructured/y_n_500_rep_1_dist_gaussian_hetero_SNR_1.npy
INFO:root:Saved y to /scratch/slurm_tmpdir/job_1504688/output_wo_unstructured/y_n_500_rep_0_dist_gaussian_homo_SNR_1.npy
INFO:root:Saved a to /scratch/slurm_tmpdir/job_1504688/output_wo_unstructured/a_n_1000_rep_4_dist_poisson_SNR_1.npy
INFO:root:Saved etas to /scratch/slurm_tmpdir/job_1504688/output_wo_unstructured/etas_n_1000_rep_1_dist_gaussian_homo_SNR_1.npy
INFO:root:Saved etas to /scratch/slurm_tmpdir/job_1504688/output_wo_unstructured/etas_n_500_rep_1_dist_gaussian_homo_SNR_8.npy
INFO:root:Saved y to /scratch/slurm_tmpdir/job_1504688/output_wo_unstructured/y_n_500_rep_4_dist_poisson_SNR_8.npy
INFO:root:Generated responses: Number of obs=100, Rep=4
INFO:root:Saved a to /scratch/slurm_tmpdir/job_1504688/output_wo_unstructured/a_n_500_rep_3_dist_gaussian_hetero_SNR_8.npy
INFO:root:Saved a to /scratch/slurm_tmpdir/job_1504688/output_wo_unstructured/a_n_500_rep_0_dist_gaussian_hetero_SNR_8.npy
INFO:root:Saved y to /scratch/slurm_tmpdir/job_1504688/output_wo_unstructured/y_n_500_rep_2_dist_gaussian_hetero_SNR_1.npy
INFO:root:Saved y to /scratch/slurm_tmpdir/job_1504688/output_wo_unstructured/y_n_500_rep_1_dist_poisson_SNR_8.npy
INFO:root:Saved etas to /scratch/slurm_tmpdir/job_1504688/output_wo_unstructured/etas_n_500_rep_0_dist_poisson_SNR_8.npy
INFO:root:Saved etas to /scratch/slurm_tmpdir/job_1504688/output_wo_unstructured/etas_n_500_rep_1_dist_gaussian_hetero_SNR_8.npy
INFO:root:Saved y to /scratch/slurm_tmpdir/job_1504688/output_wo_unstructured/y_n_500_rep_4_dist_gaussian_hetero_SNR_1.npy
INFO:root:Saved a to /scratch/slurm_tmpdir/job_1504688/output_wo_unstructured/a_n_1000_rep_1_dist_gaussian_hetero_SNR_1.npy
INFO:root:Saved y to /scratch/slurm_tmpdir/job_1504688/output_wo_unstructured/y_n_500_rep_0_dist_gaussian_hetero_SNR_1.npy
INFO:root:Saved a to /scratch/slurm_tmpdir/job_1504688/output_wo_unstructured/a_n_1000_rep_0_dist_gaussian_homo_SNR_8.npy
INFO:root:Saved etas to /scratch/slurm_tmpdir/job_1504688/output_wo_unstructured/etas_n_1000_rep_4_dist_gaussian_homo_SNR_8.npy
INFO:root:Saved y to /scratch/slurm_tmpdir/job_1504688/output_wo_unstructured/y_n_500_rep_1_dist_poisson_SNR_1.npy
INFO:root:Saved etas to /scratch/slurm_tmpdir/job_1504688/output_wo_unstructured/etas_n_500_rep_4_dist_gaussian_hetero_SNR_8.npy
INFO:root:Saved y to /scratch/slurm_tmpdir/job_1504688/output_wo_unstructured/y_n_500_rep_1_dist_gaussian_homo_SNR_8.npy
INFO:root:Saved etas to /scratch/slurm_tmpdir/job_1504688/output_wo_unstructured/etas_n_500_rep_0_dist_gaussian_homo_SNR_8.npy
INFO:root:Saved y to /scratch/slurm_tmpdir/job_1504688/output_wo_unstructured/y_n_500_rep_2_dist_poisson_SNR_1.npy
INFO:root:Saved y to /scratch/slurm_tmpdir/job_1504688/output_wo_unstructured/y_n_500_rep_3_dist_poisson_SNR_1.npy
INFO:root:Saved y to /scratch/slurm_tmpdir/job_1504688/output_wo_unstructured/y_n_500_rep_4_dist_poisson_SNR_1.npy
INFO:root:Saved etas to /scratch/slurm_tmpdir/job_1504688/output_wo_unstructured/etas_n_1000_rep_1_dist_poisson_SNR_1.npy
INFO:root:Saved etas to /scratch/slurm_tmpdir/job_1504688/output_wo_unstructured/etas_n_500_rep_2_dist_poisson_SNR_8.npy
INFO:root:Saved y to /scratch/slurm_tmpdir/job_1504688/output_wo_unstructured/y_n_500_rep_4_dist_gaussian_homo_SNR_8.npy
INFO:root:Saved y to /scratch/slurm_tmpdir/job_1504688/output_wo_unstructured/y_n_500_rep_1_dist_gaussian_hetero_SNR_8.npy
INFO:root:Saved a to /scratch/slurm_tmpdir/job_1504688/output_wo_unstructured/a_n_500_rep_2_dist_gaussian_hetero_SNR_8.npy
INFO:root:Saved etas to /scratch/slurm_tmpdir/job_1504688/output_wo_unstructured/etas_n_500_rep_0_dist_gaussian_hetero_SNR_8.npy
INFO:root:Saved a to /scratch/slurm_tmpdir/job_1504688/output_wo_unstructured/a_n_1000_rep_0_dist_gaussian_hetero_SNR_1.npy
INFO:root:Saved y to /scratch/slurm_tmpdir/job_1504688/output_wo_unstructured/y_n_1000_rep_2_dist_gaussian_homo_SNR_1.npy
INFO:root:Saved etas to /scratch/slurm_tmpdir/job_1504688/output_wo_unstructured/etas_n_500_rep_3_dist_poisson_SNR_8.npy
INFO:root:Saved etas to /scratch/slurm_tmpdir/job_1504688/output_wo_unstructured/etas_n_500_rep_2_dist_gaussian_homo_SNR_8.npy
INFO:root:Saved y to /scratch/slurm_tmpdir/job_1504688/output_wo_unstructured/y_n_500_rep_4_dist_gaussian_hetero_SNR_8.npy
INFO:root:Saved y to /scratch/slurm_tmpdir/job_1504688/output_wo_unstructured/y_n_500_rep_0_dist_poisson_SNR_8.npy
INFO:root:Generated responses: Number of obs=500, Rep=1
INFO:root:Saved y to /scratch/slurm_tmpdir/job_1504688/output_wo_unstructured/y_n_500_rep_3_dist_gaussian_homo_SNR_1.npy
INFO:root:Saved etas to /scratch/slurm_tmpdir/job_1504688/output_wo_unstructured/etas_n_500_rep_3_dist_gaussian_homo_SNR_8.npy
INFO:root:Saved a to /scratch/slurm_tmpdir/job_1504688/output_wo_unstructured/a_n_1000_rep_3_dist_gaussian_homo_SNR_8.npy
INFO:root:Saved y to /scratch/slurm_tmpdir/job_1504688/output_wo_unstructured/y_n_500_rep_0_dist_gaussian_hetero_SNR_8.npy
INFO:root:Generated responses: Number of obs=500, Rep=4
INFO:root:Saved y to /scratch/slurm_tmpdir/job_1504688/output_wo_unstructured/y_n_500_rep_2_dist_poisson_SNR_8.npy
INFO:root:Saved y to /scratch/slurm_tmpdir/job_1504688/output_wo_unstructured/y_n_500_rep_3_dist_gaussian_hetero_SNR_1.npy
INFO:root:Saved y to /scratch/slurm_tmpdir/job_1504688/output_wo_unstructured/y_n_500_rep_0_dist_gaussian_homo_SNR_8.npy
INFO:root:Saved a to /scratch/slurm_tmpdir/job_1504688/output_wo_unstructured/a_n_1000_rep_2_dist_gaussian_homo_SNR_8.npy
INFO:root:Saved etas to /scratch/slurm_tmpdir/job_1504688/output_wo_unstructured/etas_n_500_rep_3_dist_gaussian_hetero_SNR_8.npy
INFO:root:Saved etas to /scratch/slurm_tmpdir/job_1504688/output_wo_unstructured/etas_n_500_rep_2_dist_gaussian_hetero_SNR_8.npy
INFO:root:Generated responses: Number of obs=500, Rep=0
INFO:root:Saved y to /scratch/slurm_tmpdir/job_1504688/output_wo_unstructured/y_n_500_rep_3_dist_poisson_SNR_8.npy
INFO:root:Saved y to /scratch/slurm_tmpdir/job_1504688/output_wo_unstructured/y_n_500_rep_2_dist_gaussian_homo_SNR_8.npy
INFO:root:Saved y to /scratch/slurm_tmpdir/job_1504688/output_wo_unstructured/y_n_1000_rep_1_dist_gaussian_homo_SNR_1.npy
INFO:root:Saved y to /scratch/slurm_tmpdir/job_1504688/output_wo_unstructured/y_n_1000_rep_0_dist_poisson_SNR_1.npy
INFO:root:Saved a to /scratch/slurm_tmpdir/job_1504688/output_wo_unstructured/a_n_1000_rep_2_dist_gaussian_hetero_SNR_1.npy
INFO:root:Saved y to /scratch/slurm_tmpdir/job_1504688/output_wo_unstructured/y_n_500_rep_3_dist_gaussian_homo_SNR_8.npy
INFO:root:Saved y to /scratch/slurm_tmpdir/job_1504688/output_wo_unstructured/y_n_500_rep_2_dist_gaussian_hetero_SNR_8.npy
INFO:root:Saved etas to /scratch/slurm_tmpdir/job_1504688/output_wo_unstructured/etas_n_1000_rep_1_dist_gaussian_hetero_SNR_1.npy
INFO:root:Saved a to /scratch/slurm_tmpdir/job_1504688/output_wo_unstructured/a_n_1000_rep_3_dist_gaussian_hetero_SNR_1.npy
INFO:root:Saved y to /scratch/slurm_tmpdir/job_1504688/output_wo_unstructured/y_n_500_rep_3_dist_gaussian_hetero_SNR_8.npy
INFO:root:Saved a to /scratch/slurm_tmpdir/job_1504688/output_wo_unstructured/a_n_1000_rep_2_dist_poisson_SNR_1.npy
INFO:root:Saved etas to /scratch/slurm_tmpdir/job_1504688/output_wo_unstructured/etas_n_1000_rep_4_dist_poisson_SNR_1.npy
INFO:root:Saved y to /scratch/slurm_tmpdir/job_1504688/output_wo_unstructured/y_n_1000_rep_1_dist_gaussian_homo_SNR_8.npy
INFO:root:Generated responses: Number of obs=500, Rep=2
INFO:root:Saved etas to /scratch/slurm_tmpdir/job_1504688/output_wo_unstructured/etas_n_1000_rep_0_dist_gaussian_hetero_SNR_1.npy
INFO:root:Saved y to /scratch/slurm_tmpdir/job_1504688/output_wo_unstructured/y_n_1000_rep_4_dist_gaussian_homo_SNR_1.npy
INFO:root:Saved y to /scratch/slurm_tmpdir/job_1504688/output_wo_unstructured/y_n_1000_rep_3_dist_gaussian_homo_SNR_1.npy
INFO:root:Generated responses: Number of obs=500, Rep=3
INFO:root:Saved a to /scratch/slurm_tmpdir/job_1504688/output_wo_unstructured/a_n_1000_rep_1_dist_gaussian_hetero_SNR_8.npy
INFO:root:Saved etas to /scratch/slurm_tmpdir/job_1504688/output_wo_unstructured/etas_n_1000_rep_0_dist_gaussian_homo_SNR_8.npy
INFO:root:Saved y to /scratch/slurm_tmpdir/job_1504688/output_wo_unstructured/y_n_1000_rep_1_dist_poisson_SNR_1.npy
INFO:root:Saved etas to /scratch/slurm_tmpdir/job_1504688/output_wo_unstructured/etas_n_1000_rep_2_dist_gaussian_homo_SNR_8.npy
INFO:root:Saved a to /scratch/slurm_tmpdir/job_1504688/output_wo_unstructured/a_n_1000_rep_0_dist_gaussian_hetero_SNR_8.npy
INFO:root:Saved etas to /scratch/slurm_tmpdir/job_1504688/output_wo_unstructured/etas_n_1000_rep_2_dist_gaussian_hetero_SNR_1.npy
INFO:root:Saved a to /scratch/slurm_tmpdir/job_1504688/output_wo_unstructured/a_n_1000_rep_1_dist_poisson_SNR_8.npy
INFO:root:Saved a to /scratch/slurm_tmpdir/job_1504688/output_wo_unstructured/a_n_1000_rep_2_dist_poisson_SNR_8.npy
INFO:root:Saved a to /scratch/slurm_tmpdir/job_1504688/output_wo_unstructured/a_n_1000_rep_0_dist_poisson_SNR_8.npy
INFO:root:Saved y to /scratch/slurm_tmpdir/job_1504688/output_wo_unstructured/y_n_1000_rep_1_dist_gaussian_hetero_SNR_1.npy
INFO:root:Saved y to /scratch/slurm_tmpdir/job_1504688/output_wo_unstructured/y_n_1000_rep_4_dist_gaussian_homo_SNR_8.npy
INFO:root:Saved etas to /scratch/slurm_tmpdir/job_1504688/output_wo_unstructured/etas_n_1000_rep_1_dist_gaussian_hetero_SNR_8.npy
INFO:root:Saved etas to /scratch/slurm_tmpdir/job_1504688/output_wo_unstructured/etas_n_1000_rep_2_dist_poisson_SNR_1.npy
INFO:root:Saved etas to /scratch/slurm_tmpdir/job_1504688/output_wo_unstructured/etas_n_1000_rep_1_dist_poisson_SNR_8.npy
INFO:root:Saved etas to /scratch/slurm_tmpdir/job_1504688/output_wo_unstructured/etas_n_1000_rep_0_dist_poisson_SNR_8.npy
INFO:root:Saved y to /scratch/slurm_tmpdir/job_1504688/output_wo_unstructured/y_n_1000_rep_0_dist_gaussian_hetero_SNR_1.npy
INFO:root:Saved y to /scratch/slurm_tmpdir/job_1504688/output_wo_unstructured/y_n_1000_rep_1_dist_gaussian_hetero_SNR_8.npy
INFO:root:Saved y to /scratch/slurm_tmpdir/job_1504688/output_wo_unstructured/y_n_1000_rep_1_dist_poisson_SNR_8.npy
INFO:root:Saved etas to /scratch/slurm_tmpdir/job_1504688/output_wo_unstructured/etas_n_1000_rep_0_dist_gaussian_hetero_SNR_8.npy
INFO:root:Saved y to /scratch/slurm_tmpdir/job_1504688/output_wo_unstructured/y_n_1000_rep_0_dist_gaussian_homo_SNR_8.npy
INFO:root:Saved a to /scratch/slurm_tmpdir/job_1504688/output_wo_unstructured/a_n_1000_rep_4_dist_poisson_SNR_8.npy
INFO:root:Saved y to /scratch/slurm_tmpdir/job_1504688/output_wo_unstructured/y_n_1000_rep_2_dist_gaussian_hetero_SNR_1.npy
INFO:root:Saved etas to /scratch/slurm_tmpdir/job_1504688/output_wo_unstructured/etas_n_1000_rep_3_dist_gaussian_homo_SNR_8.npy
INFO:root:Generated responses: Number of obs=1000, Rep=1
INFO:root:Saved y to /scratch/slurm_tmpdir/job_1504688/output_wo_unstructured/y_n_1000_rep_0_dist_poisson_SNR_8.npy
INFO:root:Saved etas to /scratch/slurm_tmpdir/job_1504688/output_wo_unstructured/etas_n_1000_rep_3_dist_gaussian_hetero_SNR_1.npy
INFO:root:Saved y to /scratch/slurm_tmpdir/job_1504688/output_wo_unstructured/y_n_1000_rep_0_dist_gaussian_hetero_SNR_8.npy
INFO:root:Saved y to /scratch/slurm_tmpdir/job_1504688/output_wo_unstructured/y_n_1000_rep_2_dist_gaussian_homo_SNR_8.npy
INFO:root:Saved a to /scratch/slurm_tmpdir/job_1504688/output_wo_unstructured/a_n_1000_rep_3_dist_poisson_SNR_1.npy
INFO:root:Saved a to /scratch/slurm_tmpdir/job_1504688/output_wo_unstructured/a_n_1000_rep_4_dist_gaussian_hetero_SNR_8.npy
INFO:root:Saved a to /scratch/slurm_tmpdir/job_1504688/output_wo_unstructured/a_n_1000_rep_2_dist_gaussian_hetero_SNR_8.npy
INFO:root:Generated responses: Number of obs=1000, Rep=0
INFO:root:Saved a to /scratch/slurm_tmpdir/job_1504688/output_wo_unstructured/a_n_1000_rep_4_dist_gaussian_hetero_SNR_1.npy
INFO:root:Saved etas to /scratch/slurm_tmpdir/job_1504688/output_wo_unstructured/etas_n_1000_rep_2_dist_poisson_SNR_8.npy
INFO:root:Saved y to /scratch/slurm_tmpdir/job_1504688/output_wo_unstructured/y_n_1000_rep_2_dist_poisson_SNR_1.npy
INFO:root:Saved y to /scratch/slurm_tmpdir/job_1504688/output_wo_unstructured/y_n_1000_rep_4_dist_poisson_SNR_1.npy
INFO:root:Saved etas to /scratch/slurm_tmpdir/job_1504688/output_wo_unstructured/etas_n_1000_rep_2_dist_gaussian_hetero_SNR_8.npy
INFO:root:Saved etas to /scratch/slurm_tmpdir/job_1504688/output_wo_unstructured/etas_n_1000_rep_4_dist_poisson_SNR_8.npy
INFO:root:Saved y to /scratch/slurm_tmpdir/job_1504688/output_wo_unstructured/y_n_1000_rep_2_dist_poisson_SNR_8.npy
INFO:root:Saved y to /scratch/slurm_tmpdir/job_1504688/output_wo_unstructured/y_n_1000_rep_3_dist_gaussian_homo_SNR_8.npy
INFO:root:Saved etas to /scratch/slurm_tmpdir/job_1504688/output_wo_unstructured/etas_n_1000_rep_4_dist_gaussian_hetero_SNR_8.npy
INFO:root:Saved y to /scratch/slurm_tmpdir/job_1504688/output_wo_unstructured/y_n_1000_rep_2_dist_gaussian_hetero_SNR_8.npy
INFO:root:Saved etas to /scratch/slurm_tmpdir/job_1504688/output_wo_unstructured/etas_n_1000_rep_4_dist_gaussian_hetero_SNR_1.npy
INFO:root:Saved etas to /scratch/slurm_tmpdir/job_1504688/output_wo_unstructured/etas_n_1000_rep_3_dist_poisson_SNR_1.npy
INFO:root:Generated responses: Number of obs=1000, Rep=2
INFO:root:Saved y to /scratch/slurm_tmpdir/job_1504688/output_wo_unstructured/y_n_1000_rep_4_dist_poisson_SNR_8.npy
INFO:root:Saved a to /scratch/slurm_tmpdir/job_1504688/output_wo_unstructured/a_n_1000_rep_3_dist_poisson_SNR_8.npy
INFO:root:Saved y to /scratch/slurm_tmpdir/job_1504688/output_wo_unstructured/y_n_1000_rep_4_dist_gaussian_hetero_SNR_8.npy
INFO:root:Saved y to /scratch/slurm_tmpdir/job_1504688/output_wo_unstructured/y_n_1000_rep_4_dist_gaussian_hetero_SNR_1.npy
INFO:root:Saved y to /scratch/slurm_tmpdir/job_1504688/output_wo_unstructured/y_n_1000_rep_3_dist_gaussian_hetero_SNR_1.npy
INFO:root:Saved a to /scratch/slurm_tmpdir/job_1504688/output_wo_unstructured/a_n_1000_rep_3_dist_gaussian_hetero_SNR_8.npy
INFO:root:Generated responses: Number of obs=1000, Rep=4
INFO:root:Saved etas to /scratch/slurm_tmpdir/job_1504688/output_wo_unstructured/etas_n_1000_rep_3_dist_poisson_SNR_8.npy
INFO:root:Saved etas to /scratch/slurm_tmpdir/job_1504688/output_wo_unstructured/etas_n_1000_rep_3_dist_gaussian_hetero_SNR_8.npy
INFO:root:Saved y to /scratch/slurm_tmpdir/job_1504688/output_wo_unstructured/y_n_1000_rep_3_dist_poisson_SNR_1.npy
INFO:root:Saved y to /scratch/slurm_tmpdir/job_1504688/output_wo_unstructured/y_n_1000_rep_3_dist_poisson_SNR_8.npy
INFO:root:Saved y to /scratch/slurm_tmpdir/job_1504688/output_wo_unstructured/y_n_1000_rep_3_dist_gaussian_hetero_SNR_8.npy
INFO:root:Generated responses: Number of obs=1000, Rep=3
INFO:root:Parallel dataset generation completed in 0:00:00.990936.
