
The following have been reloaded with a version change:
  1) devel/cuda/12.2 => devel/cuda/12.4

2025-03-06 14:41:46.319365: E external/local_xla/xla/stream_executor/cuda/cuda_fft.cc:477] Unable to register cuFFT factory: Attempting to register factory for plugin cuFFT when one has already been registered
WARNING: All log messages before absl::InitializeLog() is called are written to STDERR
E0000 00:00:1741268506.332120 3557904 cuda_dnn.cc:8310] Unable to register cuDNN factory: Attempting to register factory for plugin cuDNN when one has already been registered
E0000 00:00:1741268506.336140 3557904 cuda_blas.cc:1418] Unable to register cuBLAS factory: Attempting to register factory for plugin cuBLAS when one has already been registered
2025-03-06 14:41:46.353110: I tensorflow/core/platform/cpu_feature_guard.cc:210] This TensorFlow binary is optimized to use available CPU instructions in performance-critical operations.
To enable the following instructions: AVX2 AVX512F AVX512_VNNI FMA, in other operations, rebuild TensorFlow with the appropriate compiler flags.
INFO:root:Starting parallel dataset generation...
INFO:root:Generating dataset: Number of obs 100 | Replication 0
INFO:root:Generating dataset: Number of obs 100 | Replication 1
INFO:root:Generating dataset: Number of obs 100 | Replication 2
INFO:root:Generating dataset: Number of obs 100 | Replication 3
INFO:root:Generating dataset: Number of obs 100 | Replication 4
INFO:root:Saved X to /scratch/slurm_tmpdir/job_1505503/output_modified/X_n_100_rep_0.npy
INFO:root:Generating dataset: Number of obs 100 | Replication 5
INFO:root:Saved X to /scratch/slurm_tmpdir/job_1505503/output_modified/X_n_100_rep_1.npy
INFO:root:Saved linear_effects to /scratch/slurm_tmpdir/job_1505503/output_modified/linear_effects_n_100_rep_0.npy
INFO:root:Saved linear_effects to /scratch/slurm_tmpdir/job_1505503/output_modified/linear_effects_n_100_rep_1.npy
INFO:root:Generating dataset: Number of obs 100 | Replication 6
INFO:root:Saved X to /scratch/slurm_tmpdir/job_1505503/output_modified/X_n_100_rep_2.npy
INFO:root:Saved linear_effects to /scratch/slurm_tmpdir/job_1505503/output_modified/linear_effects_n_100_rep_2.npy
INFO:root:Saved Z to /scratch/slurm_tmpdir/job_1505503/output_modified/Z_n_100_rep_0.npy
INFO:root:Saved X to /scratch/slurm_tmpdir/job_1505503/output_modified/X_n_100_rep_3.npy
INFO:root:Generating dataset: Number of obs 100 | Replication 7
INFO:root:Saved nonlinear_effects to /scratch/slurm_tmpdir/job_1505503/output_modified/nonlinear_effects_n_100_rep_0.npy
INFO:root:Saved Z to /scratch/slurm_tmpdir/job_1505503/output_modified/Z_n_100_rep_1.npy
INFO:root:Saved linear_effects to /scratch/slurm_tmpdir/job_1505503/output_modified/linear_effects_n_100_rep_3.npy
INFO:root:Saved X to /scratch/slurm_tmpdir/job_1505503/output_modified/X_n_100_rep_4.npy
INFO:root:Saved Z to /scratch/slurm_tmpdir/job_1505503/output_modified/Z_n_100_rep_2.npy
INFO:root:Saved nonlinear_effects to /scratch/slurm_tmpdir/job_1505503/output_modified/nonlinear_effects_n_100_rep_1.npy
INFO:root:Generating dataset: Number of obs 100 | Replication 8
INFO:root:Saved linear_effects to /scratch/slurm_tmpdir/job_1505503/output_modified/linear_effects_n_100_rep_4.npy
INFO:root:Saved nonlinear_effects to /scratch/slurm_tmpdir/job_1505503/output_modified/nonlinear_effects_n_100_rep_2.npy
INFO:root:Saved X to /scratch/slurm_tmpdir/job_1505503/output_modified/X_n_100_rep_5.npy
INFO:root:Saved Z to /scratch/slurm_tmpdir/job_1505503/output_modified/Z_n_100_rep_3.npy
INFO:root:Generating dataset: Number of obs 100 | Replication 9
INFO:root:Saved linear_effects to /scratch/slurm_tmpdir/job_1505503/output_modified/linear_effects_n_100_rep_5.npy
INFO:root:Saved X to /scratch/slurm_tmpdir/job_1505503/output_modified/X_n_100_rep_6.npy
INFO:root:Saved nonlinear_effects to /scratch/slurm_tmpdir/job_1505503/output_modified/nonlinear_effects_n_100_rep_3.npy
INFO:root:Saved Z to /scratch/slurm_tmpdir/job_1505503/output_modified/Z_n_100_rep_4.npy
INFO:root:Saved linear_effects to /scratch/slurm_tmpdir/job_1505503/output_modified/linear_effects_n_100_rep_6.npy
INFO:root:Generating dataset: Number of obs 100 | Replication 10
INFO:root:Saved Z to /scratch/slurm_tmpdir/job_1505503/output_modified/Z_n_100_rep_5.npy
INFO:root:Saved X to /scratch/slurm_tmpdir/job_1505503/output_modified/X_n_100_rep_7.npy
INFO:root:Generating dataset: Number of obs 100 | Replication 11
INFO:root:Generating dataset: Number of obs 100 | Replication 24
INFO:root:Generating dataset: Number of obs 100 | Replication 12
INFO:root:Generating dataset: Number of obs 100 | Replication 13
INFO:root:Saved X to /scratch/slurm_tmpdir/job_1505503/output_modified/X_n_100_rep_8.npy
INFO:root:Saved nonlinear_effects to /scratch/slurm_tmpdir/job_1505503/output_modified/nonlinear_effects_n_100_rep_4.npy
INFO:root:Generating dataset: Number of obs 100 | Replication 14
INFO:root:Generating dataset: Number of obs 100 | Replication 23
INFO:root:Saved X to /scratch/slurm_tmpdir/job_1505503/output_modified/X_n_100_rep_9.npy
INFO:root:Saved nonlinear_effects to /scratch/slurm_tmpdir/job_1505503/output_modified/nonlinear_effects_n_100_rep_5.npy
INFO:root:Generating dataset: Number of obs 100 | Replication 15
INFO:root:Saved linear_effects to /scratch/slurm_tmpdir/job_1505503/output_modified/linear_effects_n_100_rep_7.npy
INFO:root:Generating dataset: Number of obs 100 | Replication 16
INFO:root:Generating dataset: Number of obs 100 | Replication 17
INFO:root:Generating dataset: Number of obs 100 | Replication 18
INFO:root:Generating dataset: Number of obs 100 | Replication 19
INFO:root:Generating dataset: Number of obs 100 | Replication 20
INFO:root:Saved linear_effects to /scratch/slurm_tmpdir/job_1505503/output_modified/linear_effects_n_100_rep_8.npy
INFO:root:Generating dataset: Number of obs 100 | Replication 21
INFO:root:Saved linear_effects to /scratch/slurm_tmpdir/job_1505503/output_modified/linear_effects_n_100_rep_9.npy
INFO:root:Generating dataset: Number of obs 100 | Replication 22
INFO:root:Saved Z to /scratch/slurm_tmpdir/job_1505503/output_modified/Z_n_100_rep_6.npy
INFO:root:Generating dataset: Number of obs 100 | Replication 25
INFO:root:Saved nonlinear_effects to /scratch/slurm_tmpdir/job_1505503/output_modified/nonlinear_effects_n_100_rep_6.npy
INFO:root:Generating dataset: Number of obs 100 | Replication 26
INFO:root:Saved Z to /scratch/slurm_tmpdir/job_1505503/output_modified/Z_n_100_rep_7.npy
INFO:root:Generating dataset: Number of obs 100 | Replication 27
INFO:root:Generating dataset: Number of obs 100 | Replication 28
INFO:root:Saved Z to /scratch/slurm_tmpdir/job_1505503/output_modified/Z_n_100_rep_9.npy
INFO:root:Saved nonlinear_effects to /scratch/slurm_tmpdir/job_1505503/output_modified/nonlinear_effects_n_100_rep_7.npy
INFO:root:Saved Z to /scratch/slurm_tmpdir/job_1505503/output_modified/Z_n_100_rep_8.npy
INFO:root:Saved X to /scratch/slurm_tmpdir/job_1505503/output_modified/X_n_100_rep_24.npy
INFO:root:Generating dataset: Number of obs 100 | Replication 29
INFO:root:Saved X to /scratch/slurm_tmpdir/job_1505503/output_modified/X_n_100_rep_10.npy
INFO:root:Saved nonlinear_effects to /scratch/slurm_tmpdir/job_1505503/output_modified/nonlinear_effects_n_100_rep_9.npy
INFO:root:Saved X to /scratch/slurm_tmpdir/job_1505503/output_modified/X_n_100_rep_12.npy
INFO:root:Saved X to /scratch/slurm_tmpdir/job_1505503/output_modified/X_n_100_rep_13.npy
INFO:root:Saved nonlinear_effects to /scratch/slurm_tmpdir/job_1505503/output_modified/nonlinear_effects_n_100_rep_8.npy
INFO:root:Saved X to /scratch/slurm_tmpdir/job_1505503/output_modified/X_n_100_rep_11.npy
INFO:root:Generating dataset: Number of obs 100 | Replication 30
INFO:root:Saved linear_effects to /scratch/slurm_tmpdir/job_1505503/output_modified/linear_effects_n_100_rep_24.npy
INFO:root:Saved X to /scratch/slurm_tmpdir/job_1505503/output_modified/X_n_100_rep_17.npy
INFO:root:Saved linear_effects to /scratch/slurm_tmpdir/job_1505503/output_modified/linear_effects_n_100_rep_10.npy
INFO:root:Saved linear_effects to /scratch/slurm_tmpdir/job_1505503/output_modified/linear_effects_n_100_rep_12.npy
INFO:root:Generating dataset: Number of obs 100 | Replication 31
INFO:root:Saved X to /scratch/slurm_tmpdir/job_1505503/output_modified/X_n_100_rep_18.npy
INFO:root:Saved linear_effects to /scratch/slurm_tmpdir/job_1505503/output_modified/linear_effects_n_100_rep_13.npy
INFO:root:Saved linear_effects to /scratch/slurm_tmpdir/job_1505503/output_modified/linear_effects_n_100_rep_17.npy
INFO:root:Saved X to /scratch/slurm_tmpdir/job_1505503/output_modified/X_n_100_rep_19.npy
INFO:root:Generating dataset: Number of obs 100 | Replication 32
INFO:root:Saved linear_effects to /scratch/slurm_tmpdir/job_1505503/output_modified/linear_effects_n_100_rep_11.npy
INFO:root:Saved X to /scratch/slurm_tmpdir/job_1505503/output_modified/X_n_100_rep_23.npy
INFO:root:Saved linear_effects to /scratch/slurm_tmpdir/job_1505503/output_modified/linear_effects_n_100_rep_18.npy
INFO:root:Saved linear_effects to /scratch/slurm_tmpdir/job_1505503/output_modified/linear_effects_n_100_rep_19.npy
INFO:root:Saved X to /scratch/slurm_tmpdir/job_1505503/output_modified/X_n_100_rep_20.npy
INFO:root:Saved X to /scratch/slurm_tmpdir/job_1505503/output_modified/X_n_100_rep_16.npy
INFO:root:Generating dataset: Number of obs 100 | Replication 33
INFO:root:Saved X to /scratch/slurm_tmpdir/job_1505503/output_modified/X_n_100_rep_21.npy
INFO:root:Saved linear_effects to /scratch/slurm_tmpdir/job_1505503/output_modified/linear_effects_n_100_rep_23.npy
INFO:root:Saved Z to /scratch/slurm_tmpdir/job_1505503/output_modified/Z_n_100_rep_24.npy
INFO:root:Saved X to /scratch/slurm_tmpdir/job_1505503/output_modified/X_n_100_rep_25.npy
INFO:root:Generating dataset: Number of obs 100 | Replication 34
INFO:root:Saved X to /scratch/slurm_tmpdir/job_1505503/output_modified/X_n_100_rep_22.npy
INFO:root:Saved linear_effects to /scratch/slurm_tmpdir/job_1505503/output_modified/linear_effects_n_100_rep_20.npy
INFO:root:Saved Z to /scratch/slurm_tmpdir/job_1505503/output_modified/Z_n_100_rep_12.npy
INFO:root:Saved X to /scratch/slurm_tmpdir/job_1505503/output_modified/X_n_100_rep_15.npy
INFO:root:Saved linear_effects to /scratch/slurm_tmpdir/job_1505503/output_modified/linear_effects_n_100_rep_16.npy
INFO:root:Saved X to /scratch/slurm_tmpdir/job_1505503/output_modified/X_n_100_rep_28.npy
INFO:root:Saved linear_effects to /scratch/slurm_tmpdir/job_1505503/output_modified/linear_effects_n_100_rep_21.npy
INFO:root:Generating dataset: Number of obs 100 | Replication 35
INFO:root:Saved Z to /scratch/slurm_tmpdir/job_1505503/output_modified/Z_n_100_rep_10.npy
INFO:root:Saved nonlinear_effects to /scratch/slurm_tmpdir/job_1505503/output_modified/nonlinear_effects_n_100_rep_24.npy
INFO:root:Saved X to /scratch/slurm_tmpdir/job_1505503/output_modified/X_n_100_rep_26.npy
INFO:root:Saved Z to /scratch/slurm_tmpdir/job_1505503/output_modified/Z_n_100_rep_17.npy
INFO:root:Saved X to /scratch/slurm_tmpdir/job_1505503/output_modified/X_n_100_rep_14.npy
INFO:root:Saved X to /scratch/slurm_tmpdir/job_1505503/output_modified/X_n_100_rep_27.npy
INFO:root:Saved linear_effects to /scratch/slurm_tmpdir/job_1505503/output_modified/linear_effects_n_100_rep_25.npy
INFO:root:Generating dataset: Number of obs 100 | Replication 36
INFO:root:Saved linear_effects to /scratch/slurm_tmpdir/job_1505503/output_modified/linear_effects_n_100_rep_22.npy
INFO:root:Saved nonlinear_effects to /scratch/slurm_tmpdir/job_1505503/output_modified/nonlinear_effects_n_100_rep_12.npy
INFO:root:Saved Z to /scratch/slurm_tmpdir/job_1505503/output_modified/Z_n_100_rep_13.npy
INFO:root:Saved Z to /scratch/slurm_tmpdir/job_1505503/output_modified/Z_n_100_rep_11.npy
INFO:root:Generating dataset: Number of obs 100 | Replication 37
INFO:root:Saved linear_effects to /scratch/slurm_tmpdir/job_1505503/output_modified/linear_effects_n_100_rep_28.npy
INFO:root:Saved linear_effects to /scratch/slurm_tmpdir/job_1505503/output_modified/linear_effects_n_100_rep_15.npy
INFO:root:Generating dataset: Number of obs 100 | Replication 38
INFO:root:Saved Z to /scratch/slurm_tmpdir/job_1505503/output_modified/Z_n_100_rep_18.npy
INFO:root:Saved nonlinear_effects to /scratch/slurm_tmpdir/job_1505503/output_modified/nonlinear_effects_n_100_rep_13.npy
INFO:root:Saved nonlinear_effects to /scratch/slurm_tmpdir/job_1505503/output_modified/nonlinear_effects_n_100_rep_11.npy
INFO:root:Saved X to /scratch/slurm_tmpdir/job_1505503/output_modified/X_n_100_rep_29.npy
INFO:root:Generating dataset: Number of obs 100 | Replication 39
INFO:root:Saved Z to /scratch/slurm_tmpdir/job_1505503/output_modified/Z_n_100_rep_20.npy
INFO:root:Generating dataset: Number of obs 100 | Replication 40
INFO:root:Saved Z to /scratch/slurm_tmpdir/job_1505503/output_modified/Z_n_100_rep_16.npy
INFO:root:Saved Z to /scratch/slurm_tmpdir/job_1505503/output_modified/Z_n_100_rep_21.npy
INFO:root:Saved nonlinear_effects to /scratch/slurm_tmpdir/job_1505503/output_modified/nonlinear_effects_n_100_rep_18.npy
INFO:root:Saved Z to /scratch/slurm_tmpdir/job_1505503/output_modified/Z_n_100_rep_22.npy
INFO:root:Saved Z to /scratch/slurm_tmpdir/job_1505503/output_modified/Z_n_100_rep_23.npy
INFO:root:Saved Z to /scratch/slurm_tmpdir/job_1505503/output_modified/Z_n_100_rep_25.npy
INFO:root:Saved linear_effects to /scratch/slurm_tmpdir/job_1505503/output_modified/linear_effects_n_100_rep_29.npy
INFO:root:Saved X to /scratch/slurm_tmpdir/job_1505503/output_modified/X_n_100_rep_31.npy
INFO:root:Saved Z to /scratch/slurm_tmpdir/job_1505503/output_modified/Z_n_100_rep_28.npy
INFO:root:Saved X to /scratch/slurm_tmpdir/job_1505503/output_modified/X_n_100_rep_32.npy
INFO:root:Saved nonlinear_effects to /scratch/slurm_tmpdir/job_1505503/output_modified/nonlinear_effects_n_100_rep_20.npy
INFO:root:Generating dataset: Number of obs 100 | Replication 42
INFO:root:Saved nonlinear_effects to /scratch/slurm_tmpdir/job_1505503/output_modified/nonlinear_effects_n_100_rep_16.npy
INFO:root:Saved nonlinear_effects to /scratch/slurm_tmpdir/job_1505503/output_modified/nonlinear_effects_n_100_rep_21.npy
INFO:root:Generating dataset: Number of obs 100 | Replication 41
INFO:root:Generating dataset: Number of obs 100 | Replication 43
INFO:root:Saved nonlinear_effects to /scratch/slurm_tmpdir/job_1505503/output_modified/nonlinear_effects_n_100_rep_25.npy
INFO:root:Saved Z to /scratch/slurm_tmpdir/job_1505503/output_modified/Z_n_100_rep_15.npy
INFO:root:Saved nonlinear_effects to /scratch/slurm_tmpdir/job_1505503/output_modified/nonlinear_effects_n_100_rep_22.npy
INFO:root:Saved nonlinear_effects to /scratch/slurm_tmpdir/job_1505503/output_modified/nonlinear_effects_n_100_rep_28.npy
INFO:root:Saved linear_effects to /scratch/slurm_tmpdir/job_1505503/output_modified/linear_effects_n_100_rep_31.npy
INFO:root:Saved X to /scratch/slurm_tmpdir/job_1505503/output_modified/X_n_100_rep_33.npy
INFO:root:Saved nonlinear_effects to /scratch/slurm_tmpdir/job_1505503/output_modified/nonlinear_effects_n_100_rep_23.npy
INFO:root:Saved nonlinear_effects to /scratch/slurm_tmpdir/job_1505503/output_modified/nonlinear_effects_n_100_rep_15.npy
INFO:root:Generating dataset: Number of obs 100 | Replication 44
INFO:root:Saved linear_effects to /scratch/slurm_tmpdir/job_1505503/output_modified/linear_effects_n_100_rep_32.npy
INFO:root:Saved X to /scratch/slurm_tmpdir/job_1505503/output_modified/X_n_100_rep_34.npy
INFO:root:Saved nonlinear_effects to /scratch/slurm_tmpdir/job_1505503/output_modified/nonlinear_effects_n_100_rep_10.npy
INFO:root:Saved Z to /scratch/slurm_tmpdir/job_1505503/output_modified/Z_n_100_rep_29.npy
INFO:root:Saved linear_effects to /scratch/slurm_tmpdir/job_1505503/output_modified/linear_effects_n_100_rep_33.npy
INFO:root:Generating dataset: Number of obs 100 | Replication 45
INFO:root:Saved X to /scratch/slurm_tmpdir/job_1505503/output_modified/X_n_100_rep_35.npy
INFO:root:Saved linear_effects to /scratch/slurm_tmpdir/job_1505503/output_modified/linear_effects_n_100_rep_26.npy
INFO:root:Saved linear_effects to /scratch/slurm_tmpdir/job_1505503/output_modified/linear_effects_n_100_rep_34.npy
INFO:root:Saved linear_effects to /scratch/slurm_tmpdir/job_1505503/output_modified/linear_effects_n_100_rep_27.npy
INFO:root:Saved nonlinear_effects to /scratch/slurm_tmpdir/job_1505503/output_modified/nonlinear_effects_n_100_rep_29.npy
INFO:root:Saved linear_effects to /scratch/slurm_tmpdir/job_1505503/output_modified/linear_effects_n_100_rep_35.npy
INFO:root:Saved X to /scratch/slurm_tmpdir/job_1505503/output_modified/X_n_100_rep_36.npy
INFO:root:Saved Z to /scratch/slurm_tmpdir/job_1505503/output_modified/Z_n_100_rep_31.npy
INFO:root:Saved X to /scratch/slurm_tmpdir/job_1505503/output_modified/X_n_100_rep_37.npy
INFO:root:Generating dataset: Number of obs 100 | Replication 46
INFO:root:Saved linear_effects to /scratch/slurm_tmpdir/job_1505503/output_modified/linear_effects_n_100_rep_36.npy
INFO:root:Generating dataset: Number of obs 100 | Replication 47
INFO:root:Saved Z to /scratch/slurm_tmpdir/job_1505503/output_modified/Z_n_100_rep_32.npy
INFO:root:Saved X to /scratch/slurm_tmpdir/job_1505503/output_modified/X_n_100_rep_38.npy
INFO:root:Saved linear_effects to /scratch/slurm_tmpdir/job_1505503/output_modified/linear_effects_n_100_rep_37.npy
INFO:root:Saved nonlinear_effects to /scratch/slurm_tmpdir/job_1505503/output_modified/nonlinear_effects_n_100_rep_31.npy
INFO:root:Saved X to /scratch/slurm_tmpdir/job_1505503/output_modified/X_n_100_rep_39.npy
INFO:root:Saved Z to /scratch/slurm_tmpdir/job_1505503/output_modified/Z_n_100_rep_33.npy
INFO:root:Saved X to /scratch/slurm_tmpdir/job_1505503/output_modified/X_n_100_rep_40.npy
INFO:root:Saved Z to /scratch/slurm_tmpdir/job_1505503/output_modified/Z_n_100_rep_27.npy
INFO:root:Saved linear_effects to /scratch/slurm_tmpdir/job_1505503/output_modified/linear_effects_n_100_rep_38.npy
INFO:root:Saved nonlinear_effects to /scratch/slurm_tmpdir/job_1505503/output_modified/nonlinear_effects_n_100_rep_32.npy
INFO:root:Generating dataset: Number of obs 100 | Replication 48
INFO:root:Generating dataset: Number of obs 100 | Replication 49
INFO:root:Saved Z to /scratch/slurm_tmpdir/job_1505503/output_modified/Z_n_100_rep_26.npy
INFO:root:Saved linear_effects to /scratch/slurm_tmpdir/job_1505503/output_modified/linear_effects_n_100_rep_39.npy
INFO:root:Generating dataset: Number of obs 100 | Replication 50
INFO:root:Saved nonlinear_effects to /scratch/slurm_tmpdir/job_1505503/output_modified/nonlinear_effects_n_100_rep_33.npy
INFO:root:Saved Z to /scratch/slurm_tmpdir/job_1505503/output_modified/Z_n_100_rep_35.npy
INFO:root:Saved Z to /scratch/slurm_tmpdir/job_1505503/output_modified/Z_n_100_rep_34.npy
INFO:root:Saved X to /scratch/slurm_tmpdir/job_1505503/output_modified/X_n_100_rep_42.npy
INFO:root:Saved linear_effects to /scratch/slurm_tmpdir/job_1505503/output_modified/linear_effects_n_100_rep_40.npy
INFO:root:Saved nonlinear_effects to /scratch/slurm_tmpdir/job_1505503/output_modified/nonlinear_effects_n_100_rep_27.npy
INFO:root:Saved nonlinear_effects to /scratch/slurm_tmpdir/job_1505503/output_modified/nonlinear_effects_n_100_rep_26.npy
INFO:root:Saved Z to /scratch/slurm_tmpdir/job_1505503/output_modified/Z_n_100_rep_36.npy
INFO:root:Saved Z to /scratch/slurm_tmpdir/job_1505503/output_modified/Z_n_100_rep_37.npy
INFO:root:Saved linear_effects to /scratch/slurm_tmpdir/job_1505503/output_modified/linear_effects_n_100_rep_42.npy
INFO:root:Saved nonlinear_effects to /scratch/slurm_tmpdir/job_1505503/output_modified/nonlinear_effects_n_100_rep_34.npy
INFO:root:Saved nonlinear_effects to /scratch/slurm_tmpdir/job_1505503/output_modified/nonlinear_effects_n_100_rep_35.npy
INFO:root:Saved nonlinear_effects to /scratch/slurm_tmpdir/job_1505503/output_modified/nonlinear_effects_n_100_rep_36.npy
INFO:root:Saved Z to /scratch/slurm_tmpdir/job_1505503/output_modified/Z_n_100_rep_38.npy
INFO:root:Saved nonlinear_effects to /scratch/slurm_tmpdir/job_1505503/output_modified/nonlinear_effects_n_100_rep_37.npy
INFO:root:Saved X to /scratch/slurm_tmpdir/job_1505503/output_modified/X_n_100_rep_43.npy
INFO:root:Saved X to /scratch/slurm_tmpdir/job_1505503/output_modified/X_n_100_rep_41.npy
INFO:root:Saved nonlinear_effects to /scratch/slurm_tmpdir/job_1505503/output_modified/nonlinear_effects_n_100_rep_38.npy
INFO:root:Saved Z to /scratch/slurm_tmpdir/job_1505503/output_modified/Z_n_100_rep_39.npy
INFO:root:Saved linear_effects to /scratch/slurm_tmpdir/job_1505503/output_modified/linear_effects_n_100_rep_43.npy
INFO:root:Saved linear_effects to /scratch/slurm_tmpdir/job_1505503/output_modified/linear_effects_n_100_rep_41.npy
INFO:root:Saved X to /scratch/slurm_tmpdir/job_1505503/output_modified/X_n_100_rep_44.npy
INFO:root:Saved nonlinear_effects to /scratch/slurm_tmpdir/job_1505503/output_modified/nonlinear_effects_n_100_rep_39.npy
INFO:root:Saved X to /scratch/slurm_tmpdir/job_1505503/output_modified/X_n_100_rep_45.npy
INFO:root:Saved Z to /scratch/slurm_tmpdir/job_1505503/output_modified/Z_n_100_rep_40.npy
INFO:root:Saved linear_effects to /scratch/slurm_tmpdir/job_1505503/output_modified/linear_effects_n_100_rep_44.npy
INFO:root:Saved Z to /scratch/slurm_tmpdir/job_1505503/output_modified/Z_n_100_rep_42.npy
INFO:root:Saved linear_effects to /scratch/slurm_tmpdir/job_1505503/output_modified/linear_effects_n_100_rep_45.npy
INFO:root:Saved nonlinear_effects to /scratch/slurm_tmpdir/job_1505503/output_modified/nonlinear_effects_n_100_rep_40.npy
INFO:root:Saved nonlinear_effects to /scratch/slurm_tmpdir/job_1505503/output_modified/nonlinear_effects_n_100_rep_42.npy
INFO:root:Saved X to /scratch/slurm_tmpdir/job_1505503/output_modified/X_n_100_rep_46.npy
INFO:root:Saved Z to /scratch/slurm_tmpdir/job_1505503/output_modified/Z_n_100_rep_43.npy
INFO:root:Saved X to /scratch/slurm_tmpdir/job_1505503/output_modified/X_n_100_rep_47.npy
INFO:root:Saved Z to /scratch/slurm_tmpdir/job_1505503/output_modified/Z_n_100_rep_41.npy
INFO:root:Saved linear_effects to /scratch/slurm_tmpdir/job_1505503/output_modified/linear_effects_n_100_rep_46.npy
INFO:root:Saved nonlinear_effects to /scratch/slurm_tmpdir/job_1505503/output_modified/nonlinear_effects_n_100_rep_43.npy
INFO:root:Saved X to /scratch/slurm_tmpdir/job_1505503/output_modified/X_n_100_rep_48.npy
INFO:root:Saved X to /scratch/slurm_tmpdir/job_1505503/output_modified/X_n_100_rep_50.npy
INFO:root:Saved X to /scratch/slurm_tmpdir/job_1505503/output_modified/X_n_100_rep_49.npy
INFO:root:Saved nonlinear_effects to /scratch/slurm_tmpdir/job_1505503/output_modified/nonlinear_effects_n_100_rep_41.npy
INFO:root:Saved linear_effects to /scratch/slurm_tmpdir/job_1505503/output_modified/linear_effects_n_100_rep_48.npy
INFO:root:Saved linear_effects to /scratch/slurm_tmpdir/job_1505503/output_modified/linear_effects_n_100_rep_14.npy
INFO:root:Saved nonlinear_effects to /scratch/slurm_tmpdir/job_1505503/output_modified/nonlinear_effects_n_100_rep_17.npy
INFO:root:Generating dataset: Number of obs 100 | Replication 51
INFO:root:Saved Z to /scratch/slurm_tmpdir/job_1505503/output_modified/Z_n_100_rep_48.npy
INFO:root:Generating dataset: Number of obs 100 | Replication 52
INFO:root:Saved nonlinear_effects to /scratch/slurm_tmpdir/job_1505503/output_modified/nonlinear_effects_n_100_rep_48.npy
INFO:root:Generating dataset: Number of obs 100 | Replication 53
INFO:root:Saved Z to /scratch/slurm_tmpdir/job_1505503/output_modified/Z_n_100_rep_14.npy
INFO:root:Generating dataset: Number of obs 100 | Replication 54
INFO:root:Generating dataset: Number of obs 100 | Replication 55
INFO:root:Saved nonlinear_effects to /scratch/slurm_tmpdir/job_1505503/output_modified/nonlinear_effects_n_100_rep_14.npy
INFO:root:Saved X to /scratch/slurm_tmpdir/job_1505503/output_modified/X_n_100_rep_51.npy
INFO:root:Saved Z to /scratch/slurm_tmpdir/job_1505503/output_modified/Z_n_100_rep_19.npy
INFO:root:Saved X to /scratch/slurm_tmpdir/job_1505503/output_modified/X_n_100_rep_52.npy
INFO:root:Saved X to /scratch/slurm_tmpdir/job_1505503/output_modified/X_n_100_rep_53.npy
INFO:root:Saved X to /scratch/slurm_tmpdir/job_1505503/output_modified/X_n_100_rep_54.npy
INFO:root:Generating dataset: Number of obs 100 | Replication 56
INFO:root:Generating dataset: Number of obs 100 | Replication 57
INFO:root:Generating dataset: Number of obs 100 | Replication 58
INFO:root:Generating dataset: Number of obs 100 | Replication 59
INFO:root:Saved linear_effects to /scratch/slurm_tmpdir/job_1505503/output_modified/linear_effects_n_100_rep_51.npy
INFO:root:Generating dataset: Number of obs 100 | Replication 60
INFO:root:Generating dataset: Number of obs 100 | Replication 61
INFO:root:Generating dataset: Number of obs 100 | Replication 62
INFO:root:Generating dataset: Number of obs 100 | Replication 63
INFO:root:Generating dataset: Number of obs 100 | Replication 64
INFO:root:Generating dataset: Number of obs 100 | Replication 65
INFO:root:Saved linear_effects to /scratch/slurm_tmpdir/job_1505503/output_modified/linear_effects_n_100_rep_47.npy
INFO:root:Saved Z to /scratch/slurm_tmpdir/job_1505503/output_modified/Z_n_100_rep_44.npy
INFO:root:Saved Z to /scratch/slurm_tmpdir/job_1505503/output_modified/Z_n_100_rep_45.npy
INFO:root:Generating dataset: Number of obs 100 | Replication 66
INFO:root:Saved X to /scratch/slurm_tmpdir/job_1505503/output_modified/X_n_100_rep_30.npy
INFO:root:Saved nonlinear_effects to /scratch/slurm_tmpdir/job_1505503/output_modified/nonlinear_effects_n_100_rep_44.npy
INFO:root:Saved nonlinear_effects to /scratch/slurm_tmpdir/job_1505503/output_modified/nonlinear_effects_n_100_rep_45.npy
INFO:root:Saved linear_effects to /scratch/slurm_tmpdir/job_1505503/output_modified/linear_effects_n_100_rep_30.npy
INFO:root:Saved Z to /scratch/slurm_tmpdir/job_1505503/output_modified/Z_n_100_rep_47.npy
INFO:root:Saved nonlinear_effects to /scratch/slurm_tmpdir/job_1505503/output_modified/nonlinear_effects_n_100_rep_47.npy
INFO:root:Saved Z to /scratch/slurm_tmpdir/job_1505503/output_modified/Z_n_100_rep_30.npy
INFO:root:Saved X to /scratch/slurm_tmpdir/job_1505503/output_modified/X_n_100_rep_66.npy
INFO:root:Saved X to /scratch/slurm_tmpdir/job_1505503/output_modified/X_n_100_rep_65.npy
INFO:root:Saved nonlinear_effects to /scratch/slurm_tmpdir/job_1505503/output_modified/nonlinear_effects_n_100_rep_30.npy
INFO:root:Saved linear_effects to /scratch/slurm_tmpdir/job_1505503/output_modified/linear_effects_n_100_rep_66.npy
INFO:root:Saved linear_effects to /scratch/slurm_tmpdir/job_1505503/output_modified/linear_effects_n_100_rep_65.npy
INFO:root:Saved Z to /scratch/slurm_tmpdir/job_1505503/output_modified/Z_n_100_rep_66.npy
INFO:root:Saved nonlinear_effects to /scratch/slurm_tmpdir/job_1505503/output_modified/nonlinear_effects_n_100_rep_66.npy
INFO:root:Generating dataset: Number of obs 100 | Replication 67
INFO:root:Generating dataset: Number of obs 100 | Replication 68
INFO:root:Saved Z to /scratch/slurm_tmpdir/job_1505503/output_modified/Z_n_100_rep_65.npy
INFO:root:Saved nonlinear_effects to /scratch/slurm_tmpdir/job_1505503/output_modified/nonlinear_effects_n_100_rep_65.npy
INFO:root:Generating dataset: Number of obs 100 | Replication 69
INFO:root:Generating dataset: Number of obs 100 | Replication 70
INFO:root:Saved X to /scratch/slurm_tmpdir/job_1505503/output_modified/X_n_100_rep_67.npy
INFO:root:Saved X to /scratch/slurm_tmpdir/job_1505503/output_modified/X_n_100_rep_68.npy
INFO:root:Generating dataset: Number of obs 100 | Replication 71
INFO:root:Saved X to /scratch/slurm_tmpdir/job_1505503/output_modified/X_n_100_rep_69.npy
INFO:root:Generating dataset: Number of obs 100 | Replication 72
INFO:root:Generating dataset: Number of obs 100 | Replication 73
INFO:root:Generating dataset: Number of obs 100 | Replication 74
INFO:root:Generating dataset: Number of obs 100 | Replication 75
INFO:root:Generating dataset: Number of obs 100 | Replication 76
INFO:root:Generating dataset: Number of obs 100 | Replication 77
INFO:root:Generating dataset: Number of obs 100 | Replication 78
INFO:root:Generating dataset: Number of obs 100 | Replication 79
INFO:root:Saved linear_effects to /scratch/slurm_tmpdir/job_1505503/output_modified/linear_effects_n_100_rep_50.npy
INFO:root:Saved linear_effects to /scratch/slurm_tmpdir/job_1505503/output_modified/linear_effects_n_100_rep_68.npy
INFO:root:Saved linear_effects to /scratch/slurm_tmpdir/job_1505503/output_modified/linear_effects_n_100_rep_49.npy
INFO:root:Saved Z to /scratch/slurm_tmpdir/job_1505503/output_modified/Z_n_100_rep_46.npy
INFO:root:Saved nonlinear_effects to /scratch/slurm_tmpdir/job_1505503/output_modified/nonlinear_effects_n_100_rep_46.npy
INFO:root:Saved X to /scratch/slurm_tmpdir/job_1505503/output_modified/X_n_100_rep_71.npy
INFO:root:Saved Z to /scratch/slurm_tmpdir/job_1505503/output_modified/Z_n_100_rep_50.npy
INFO:root:Saved Z to /scratch/slurm_tmpdir/job_1505503/output_modified/Z_n_100_rep_68.npy
INFO:root:Generating dataset: Number of obs 100 | Replication 80
INFO:root:Saved nonlinear_effects to /scratch/slurm_tmpdir/job_1505503/output_modified/nonlinear_effects_n_100_rep_50.npy
INFO:root:Saved linear_effects to /scratch/slurm_tmpdir/job_1505503/output_modified/linear_effects_n_100_rep_71.npy
INFO:root:Saved X to /scratch/slurm_tmpdir/job_1505503/output_modified/X_n_100_rep_55.npy
INFO:root:Saved nonlinear_effects to /scratch/slurm_tmpdir/job_1505503/output_modified/nonlinear_effects_n_100_rep_68.npy
INFO:root:Saved Z to /scratch/slurm_tmpdir/job_1505503/output_modified/Z_n_100_rep_49.npy
INFO:root:Saved linear_effects to /scratch/slurm_tmpdir/job_1505503/output_modified/linear_effects_n_100_rep_55.npy
INFO:root:Saved X to /scratch/slurm_tmpdir/job_1505503/output_modified/X_n_100_rep_59.npy
INFO:root:Saved nonlinear_effects to /scratch/slurm_tmpdir/job_1505503/output_modified/nonlinear_effects_n_100_rep_49.npy
INFO:root:Saved X to /scratch/slurm_tmpdir/job_1505503/output_modified/X_n_100_rep_57.npy
INFO:root:Saved linear_effects to /scratch/slurm_tmpdir/job_1505503/output_modified/linear_effects_n_100_rep_59.npy
INFO:root:Saved Z to /scratch/slurm_tmpdir/job_1505503/output_modified/Z_n_100_rep_51.npy
INFO:root:Saved linear_effects to /scratch/slurm_tmpdir/job_1505503/output_modified/linear_effects_n_100_rep_57.npy
INFO:root:Saved X to /scratch/slurm_tmpdir/job_1505503/output_modified/X_n_100_rep_58.npy
INFO:root:Saved Z to /scratch/slurm_tmpdir/job_1505503/output_modified/Z_n_100_rep_71.npy
INFO:root:Saved nonlinear_effects to /scratch/slurm_tmpdir/job_1505503/output_modified/nonlinear_effects_n_100_rep_51.npy
INFO:root:Saved nonlinear_effects to /scratch/slurm_tmpdir/job_1505503/output_modified/nonlinear_effects_n_100_rep_71.npy
INFO:root:Saved linear_effects to /scratch/slurm_tmpdir/job_1505503/output_modified/linear_effects_n_100_rep_58.npy
INFO:root:Saved Z to /scratch/slurm_tmpdir/job_1505503/output_modified/Z_n_100_rep_55.npy
INFO:root:Saved X to /scratch/slurm_tmpdir/job_1505503/output_modified/X_n_100_rep_60.npy
INFO:root:Saved Z to /scratch/slurm_tmpdir/job_1505503/output_modified/Z_n_100_rep_59.npy
INFO:root:Saved Z to /scratch/slurm_tmpdir/job_1505503/output_modified/Z_n_100_rep_57.npy
INFO:root:Saved nonlinear_effects to /scratch/slurm_tmpdir/job_1505503/output_modified/nonlinear_effects_n_100_rep_55.npy
INFO:root:Saved nonlinear_effects to /scratch/slurm_tmpdir/job_1505503/output_modified/nonlinear_effects_n_100_rep_57.npy
INFO:root:Saved nonlinear_effects to /scratch/slurm_tmpdir/job_1505503/output_modified/nonlinear_effects_n_100_rep_59.npy
INFO:root:Saved linear_effects to /scratch/slurm_tmpdir/job_1505503/output_modified/linear_effects_n_100_rep_60.npy
INFO:root:Generating dataset: Number of obs 100 | Replication 81
INFO:root:Saved nonlinear_effects to /scratch/slurm_tmpdir/job_1505503/output_modified/nonlinear_effects_n_100_rep_19.npy
INFO:root:Saved Z to /scratch/slurm_tmpdir/job_1505503/output_modified/Z_n_100_rep_58.npy
INFO:root:Saved X to /scratch/slurm_tmpdir/job_1505503/output_modified/X_n_100_rep_61.npy
INFO:root:Saved nonlinear_effects to /scratch/slurm_tmpdir/job_1505503/output_modified/nonlinear_effects_n_100_rep_58.npy
INFO:root:Generating dataset: Number of obs 100 | Replication 82
INFO:root:Saved linear_effects to /scratch/slurm_tmpdir/job_1505503/output_modified/linear_effects_n_100_rep_61.npy
INFO:root:Saved linear_effects to /scratch/slurm_tmpdir/job_1505503/output_modified/linear_effects_n_100_rep_53.npy
INFO:root:Generating dataset: Number of obs 100 | Replication 83
INFO:root:Saved Z to /scratch/slurm_tmpdir/job_1505503/output_modified/Z_n_100_rep_60.npy
INFO:root:Saved nonlinear_effects to /scratch/slurm_tmpdir/job_1505503/output_modified/nonlinear_effects_n_100_rep_60.npy
INFO:root:Saved X to /scratch/slurm_tmpdir/job_1505503/output_modified/X_n_100_rep_79.npy
INFO:root:Saved Z to /scratch/slurm_tmpdir/job_1505503/output_modified/Z_n_100_rep_61.npy
INFO:root:Saved X to /scratch/slurm_tmpdir/job_1505503/output_modified/X_n_100_rep_62.npy
INFO:root:Saved Z to /scratch/slurm_tmpdir/job_1505503/output_modified/Z_n_100_rep_53.npy
INFO:root:Saved nonlinear_effects to /scratch/slurm_tmpdir/job_1505503/output_modified/nonlinear_effects_n_100_rep_61.npy
INFO:root:Saved X to /scratch/slurm_tmpdir/job_1505503/output_modified/X_n_100_rep_63.npy
INFO:root:Saved nonlinear_effects to /scratch/slurm_tmpdir/job_1505503/output_modified/nonlinear_effects_n_100_rep_53.npy
INFO:root:Saved linear_effects to /scratch/slurm_tmpdir/job_1505503/output_modified/linear_effects_n_100_rep_52.npy
INFO:root:Saved linear_effects to /scratch/slurm_tmpdir/job_1505503/output_modified/linear_effects_n_100_rep_62.npy
INFO:root:Saved linear_effects to /scratch/slurm_tmpdir/job_1505503/output_modified/linear_effects_n_100_rep_79.npy
INFO:root:Saved linear_effects to /scratch/slurm_tmpdir/job_1505503/output_modified/linear_effects_n_100_rep_63.npy
INFO:root:Saved X to /scratch/slurm_tmpdir/job_1505503/output_modified/X_n_100_rep_64.npy
INFO:root:Saved linear_effects to /scratch/slurm_tmpdir/job_1505503/output_modified/linear_effects_n_100_rep_54.npy
INFO:root:Saved X to /scratch/slurm_tmpdir/job_1505503/output_modified/X_n_100_rep_80.npy
INFO:root:Saved linear_effects to /scratch/slurm_tmpdir/job_1505503/output_modified/linear_effects_n_100_rep_64.npy
INFO:root:Saved Z to /scratch/slurm_tmpdir/job_1505503/output_modified/Z_n_100_rep_62.npy
INFO:root:Saved Z to /scratch/slurm_tmpdir/job_1505503/output_modified/Z_n_100_rep_52.npy
INFO:root:Saved linear_effects to /scratch/slurm_tmpdir/job_1505503/output_modified/linear_effects_n_100_rep_67.npy
INFO:root:Saved X to /scratch/slurm_tmpdir/job_1505503/output_modified/X_n_100_rep_56.npy
INFO:root:Generating dataset: Number of obs 100 | Replication 84
INFO:root:Saved linear_effects to /scratch/slurm_tmpdir/job_1505503/output_modified/linear_effects_n_100_rep_80.npy
INFO:root:Saved Z to /scratch/slurm_tmpdir/job_1505503/output_modified/Z_n_100_rep_63.npy
INFO:root:Saved nonlinear_effects to /scratch/slurm_tmpdir/job_1505503/output_modified/nonlinear_effects_n_100_rep_63.npy
INFO:root:Saved Z to /scratch/slurm_tmpdir/job_1505503/output_modified/Z_n_100_rep_67.npy
INFO:root:Saved nonlinear_effects to /scratch/slurm_tmpdir/job_1505503/output_modified/nonlinear_effects_n_100_rep_67.npy
INFO:root:Generating dataset: Number of obs 100 | Replication 85
INFO:root:Saved Z to /scratch/slurm_tmpdir/job_1505503/output_modified/Z_n_100_rep_80.npy
INFO:root:Saved X to /scratch/slurm_tmpdir/job_1505503/output_modified/X_n_100_rep_82.npy
INFO:root:Saved linear_effects to /scratch/slurm_tmpdir/job_1505503/output_modified/linear_effects_n_100_rep_69.npy
INFO:root:Saved X to /scratch/slurm_tmpdir/job_1505503/output_modified/X_n_100_rep_70.npy
INFO:root:Saved nonlinear_effects to /scratch/slurm_tmpdir/job_1505503/output_modified/nonlinear_effects_n_100_rep_80.npy
INFO:root:Saved X to /scratch/slurm_tmpdir/job_1505503/output_modified/X_n_100_rep_77.npy
INFO:root:Saved linear_effects to /scratch/slurm_tmpdir/job_1505503/output_modified/linear_effects_n_100_rep_82.npy
INFO:root:Saved X to /scratch/slurm_tmpdir/job_1505503/output_modified/X_n_100_rep_72.npy
INFO:root:Saved X to /scratch/slurm_tmpdir/job_1505503/output_modified/X_n_100_rep_78.npy
INFO:root:Saved X to /scratch/slurm_tmpdir/job_1505503/output_modified/X_n_100_rep_76.npy
INFO:root:Saved X to /scratch/slurm_tmpdir/job_1505503/output_modified/X_n_100_rep_74.npy
INFO:root:Generating dataset: Number of obs 100 | Replication 86
INFO:root:Saved X to /scratch/slurm_tmpdir/job_1505503/output_modified/X_n_100_rep_75.npy
INFO:root:Saved X to /scratch/slurm_tmpdir/job_1505503/output_modified/X_n_100_rep_73.npy
INFO:root:Generating dataset: Number of obs 100 | Replication 87
INFO:root:Generating dataset: Number of obs 100 | Replication 88
INFO:root:Generating dataset: Number of obs 100 | Replication 89
INFO:root:Generating dataset: Number of obs 100 | Replication 90
INFO:root:Generating dataset: Number of obs 100 | Replication 91
INFO:root:Generating dataset: Number of obs 100 | Replication 92
INFO:root:Saved linear_effects to /scratch/slurm_tmpdir/job_1505503/output_modified/linear_effects_n_100_rep_70.npy
INFO:root:Generating dataset: Number of obs 100 | Replication 94
INFO:root:Generating dataset: Number of obs 100 | Replication 93
INFO:root:Saved linear_effects to /scratch/slurm_tmpdir/job_1505503/output_modified/linear_effects_n_100_rep_77.npy
INFO:root:Saved Z to /scratch/slurm_tmpdir/job_1505503/output_modified/Z_n_100_rep_70.npy
INFO:root:Generating dataset: Number of obs 100 | Replication 95
INFO:root:Saved nonlinear_effects to /scratch/slurm_tmpdir/job_1505503/output_modified/nonlinear_effects_n_100_rep_70.npy
INFO:root:Saved linear_effects to /scratch/slurm_tmpdir/job_1505503/output_modified/linear_effects_n_100_rep_56.npy
INFO:root:Saved Z to /scratch/slurm_tmpdir/job_1505503/output_modified/Z_n_100_rep_64.npy
INFO:root:Saved Z to /scratch/slurm_tmpdir/job_1505503/output_modified/Z_n_100_rep_79.npy
INFO:root:Saved nonlinear_effects to /scratch/slurm_tmpdir/job_1505503/output_modified/nonlinear_effects_n_100_rep_62.npy
INFO:root:Saved Z to /scratch/slurm_tmpdir/job_1505503/output_modified/Z_n_100_rep_54.npy
INFO:root:Saved nonlinear_effects to /scratch/slurm_tmpdir/job_1505503/output_modified/nonlinear_effects_n_100_rep_52.npy
INFO:root:Saved nonlinear_effects to /scratch/slurm_tmpdir/job_1505503/output_modified/nonlinear_effects_n_100_rep_79.npy
INFO:root:Saved nonlinear_effects to /scratch/slurm_tmpdir/job_1505503/output_modified/nonlinear_effects_n_100_rep_64.npy
INFO:root:Saved X to /scratch/slurm_tmpdir/job_1505503/output_modified/X_n_100_rep_81.npy
INFO:root:Saved X to /scratch/slurm_tmpdir/job_1505503/output_modified/X_n_100_rep_92.npy
INFO:root:Saved X to /scratch/slurm_tmpdir/job_1505503/output_modified/X_n_100_rep_83.npy
INFO:root:Saved Z to /scratch/slurm_tmpdir/job_1505503/output_modified/Z_n_100_rep_77.npy
INFO:root:Generating dataset: Number of obs 100 | Replication 96
INFO:root:Saved linear_effects to /scratch/slurm_tmpdir/job_1505503/output_modified/linear_effects_n_100_rep_72.npy
INFO:root:Saved linear_effects to /scratch/slurm_tmpdir/job_1505503/output_modified/linear_effects_n_100_rep_78.npy
INFO:root:Saved nonlinear_effects to /scratch/slurm_tmpdir/job_1505503/output_modified/nonlinear_effects_n_100_rep_54.npy
INFO:root:Saved X to /scratch/slurm_tmpdir/job_1505503/output_modified/X_n_100_rep_94.npy
INFO:root:Saved nonlinear_effects to /scratch/slurm_tmpdir/job_1505503/output_modified/nonlinear_effects_n_100_rep_77.npy
INFO:root:Saved linear_effects to /scratch/slurm_tmpdir/job_1505503/output_modified/linear_effects_n_100_rep_81.npy
INFO:root:Saved X to /scratch/slurm_tmpdir/job_1505503/output_modified/X_n_100_rep_84.npy
INFO:root:Saved linear_effects to /scratch/slurm_tmpdir/job_1505503/output_modified/linear_effects_n_100_rep_92.npy
INFO:root:Saved linear_effects to /scratch/slurm_tmpdir/job_1505503/output_modified/linear_effects_n_100_rep_94.npy
INFO:root:Generating dataset: Number of obs 100 | Replication 97
INFO:root:Saved linear_effects to /scratch/slurm_tmpdir/job_1505503/output_modified/linear_effects_n_100_rep_83.npy
INFO:root:Saved linear_effects to /scratch/slurm_tmpdir/job_1505503/output_modified/linear_effects_n_100_rep_74.npy
INFO:root:Saved Z to /scratch/slurm_tmpdir/job_1505503/output_modified/Z_n_100_rep_56.npy
INFO:root:Saved linear_effects to /scratch/slurm_tmpdir/job_1505503/output_modified/linear_effects_n_100_rep_84.npy
INFO:root:Saved linear_effects to /scratch/slurm_tmpdir/job_1505503/output_modified/linear_effects_n_100_rep_76.npy
INFO:root:Saved linear_effects to /scratch/slurm_tmpdir/job_1505503/output_modified/linear_effects_n_100_rep_75.npy
INFO:root:Saved Z to /scratch/slurm_tmpdir/job_1505503/output_modified/Z_n_100_rep_69.npy
INFO:root:Saved nonlinear_effects to /scratch/slurm_tmpdir/job_1505503/output_modified/nonlinear_effects_n_100_rep_56.npy
INFO:root:Saved linear_effects to /scratch/slurm_tmpdir/job_1505503/output_modified/linear_effects_n_100_rep_73.npy
INFO:root:Saved Z to /scratch/slurm_tmpdir/job_1505503/output_modified/Z_n_100_rep_78.npy
INFO:root:Saved nonlinear_effects to /scratch/slurm_tmpdir/job_1505503/output_modified/nonlinear_effects_n_100_rep_69.npy
INFO:root:Saved Z to /scratch/slurm_tmpdir/job_1505503/output_modified/Z_n_100_rep_94.npy
INFO:root:Saved Z to /scratch/slurm_tmpdir/job_1505503/output_modified/Z_n_100_rep_82.npy
INFO:root:Saved Z to /scratch/slurm_tmpdir/job_1505503/output_modified/Z_n_100_rep_72.npy
INFO:root:Saved Z to /scratch/slurm_tmpdir/job_1505503/output_modified/Z_n_100_rep_81.npy
INFO:root:Generating dataset: Number of obs 100 | Replication 98
INFO:root:Saved X to /scratch/slurm_tmpdir/job_1505503/output_modified/X_n_100_rep_90.npy
INFO:root:Saved nonlinear_effects to /scratch/slurm_tmpdir/job_1505503/output_modified/nonlinear_effects_n_100_rep_72.npy
INFO:root:Saved Z to /scratch/slurm_tmpdir/job_1505503/output_modified/Z_n_100_rep_92.npy
INFO:root:Saved nonlinear_effects to /scratch/slurm_tmpdir/job_1505503/output_modified/nonlinear_effects_n_100_rep_81.npy
INFO:root:Saved Z to /scratch/slurm_tmpdir/job_1505503/output_modified/Z_n_100_rep_83.npy
INFO:root:Saved Z to /scratch/slurm_tmpdir/job_1505503/output_modified/Z_n_100_rep_75.npy
INFO:root:Saved Z to /scratch/slurm_tmpdir/job_1505503/output_modified/Z_n_100_rep_74.npy
INFO:root:Saved X to /scratch/slurm_tmpdir/job_1505503/output_modified/X_n_100_rep_93.npy
INFO:root:Saved X to /scratch/slurm_tmpdir/job_1505503/output_modified/X_n_100_rep_95.npy
INFO:root:Saved X to /scratch/slurm_tmpdir/job_1505503/output_modified/X_n_100_rep_85.npy
INFO:root:Saved nonlinear_effects to /scratch/slurm_tmpdir/job_1505503/output_modified/nonlinear_effects_n_100_rep_82.npy
INFO:root:Saved nonlinear_effects to /scratch/slurm_tmpdir/job_1505503/output_modified/nonlinear_effects_n_100_rep_92.npy
INFO:root:Saved Z to /scratch/slurm_tmpdir/job_1505503/output_modified/Z_n_100_rep_76.npy
INFO:root:Saved nonlinear_effects to /scratch/slurm_tmpdir/job_1505503/output_modified/nonlinear_effects_n_100_rep_83.npy
INFO:root:Saved Z to /scratch/slurm_tmpdir/job_1505503/output_modified/Z_n_100_rep_73.npy
INFO:root:Saved nonlinear_effects to /scratch/slurm_tmpdir/job_1505503/output_modified/nonlinear_effects_n_100_rep_75.npy
INFO:root:Saved nonlinear_effects to /scratch/slurm_tmpdir/job_1505503/output_modified/nonlinear_effects_n_100_rep_74.npy
INFO:root:Saved linear_effects to /scratch/slurm_tmpdir/job_1505503/output_modified/linear_effects_n_100_rep_90.npy
INFO:root:Generating dataset: Number of obs 100 | Replication 99
INFO:root:Saved X to /scratch/slurm_tmpdir/job_1505503/output_modified/X_n_100_rep_96.npy
INFO:root:Saved X to /scratch/slurm_tmpdir/job_1505503/output_modified/X_n_100_rep_97.npy
INFO:root:Saved linear_effects to /scratch/slurm_tmpdir/job_1505503/output_modified/linear_effects_n_100_rep_93.npy
INFO:root:Generating dataset: Number of obs 500 | Replication 1
INFO:root:Generating dataset: Number of obs 500 | Replication 0
INFO:root:Generating dataset: Number of obs 500 | Replication 2
INFO:root:Generating dataset: Number of obs 500 | Replication 3
INFO:root:Saved Z to /scratch/slurm_tmpdir/job_1505503/output_modified/Z_n_100_rep_93.npy
INFO:root:Saved nonlinear_effects to /scratch/slurm_tmpdir/job_1505503/output_modified/nonlinear_effects_n_100_rep_73.npy
INFO:root:Generating dataset: Number of obs 500 | Replication 4
INFO:root:Saved Z to /scratch/slurm_tmpdir/job_1505503/output_modified/Z_n_100_rep_90.npy
INFO:root:Saved X to /scratch/slurm_tmpdir/job_1505503/output_modified/X_n_100_rep_88.npy
INFO:root:Saved X to /scratch/slurm_tmpdir/job_1505503/output_modified/X_n_100_rep_87.npy
INFO:root:Generating dataset: Number of obs 500 | Replication 6
INFO:root:Generating dataset: Number of obs 500 | Replication 5
INFO:root:Generating dataset: Number of obs 500 | Replication 7
INFO:root:Generating dataset: Number of obs 500 | Replication 8
INFO:root:Generating dataset: Number of obs 500 | Replication 9
INFO:root:Generating dataset: Number of obs 500 | Replication 10
INFO:root:Saved nonlinear_effects to /scratch/slurm_tmpdir/job_1505503/output_modified/nonlinear_effects_n_100_rep_93.npy
INFO:root:Generating dataset: Number of obs 500 | Replication 11
INFO:root:Generating dataset: Number of obs 500 | Replication 12
INFO:root:Saved X to /scratch/slurm_tmpdir/job_1505503/output_modified/X_n_100_rep_86.npy
INFO:root:Generating dataset: Number of obs 500 | Replication 13
INFO:root:Generating dataset: Number of obs 500 | Replication 14
INFO:root:Generating dataset: Number of obs 500 | Replication 15
INFO:root:Generating dataset: Number of obs 500 | Replication 16
INFO:root:Saved nonlinear_effects to /scratch/slurm_tmpdir/job_1505503/output_modified/nonlinear_effects_n_100_rep_94.npy
INFO:root:Generating dataset: Number of obs 500 | Replication 17
INFO:root:Saved nonlinear_effects to /scratch/slurm_tmpdir/job_1505503/output_modified/nonlinear_effects_n_100_rep_78.npy
INFO:root:Saved X to /scratch/slurm_tmpdir/job_1505503/output_modified/X_n_500_rep_8.npy
INFO:root:Saved X to /scratch/slurm_tmpdir/job_1505503/output_modified/X_n_100_rep_89.npy
INFO:root:Saved X to /scratch/slurm_tmpdir/job_1505503/output_modified/X_n_100_rep_91.npy
INFO:root:Saved X to /scratch/slurm_tmpdir/job_1505503/output_modified/X_n_500_rep_13.npy
INFO:root:Generating dataset: Number of obs 500 | Replication 18
INFO:root:Generating dataset: Number of obs 500 | Replication 19
INFO:root:Generating dataset: Number of obs 500 | Replication 20
INFO:root:Saved linear_effects to /scratch/slurm_tmpdir/job_1505503/output_modified/linear_effects_n_500_rep_13.npy
INFO:root:Saved Z to /scratch/slurm_tmpdir/job_1505503/output_modified/Z_n_100_rep_84.npy
INFO:root:Saved linear_effects to /scratch/slurm_tmpdir/job_1505503/output_modified/linear_effects_n_100_rep_95.npy
INFO:root:Saved linear_effects to /scratch/slurm_tmpdir/job_1505503/output_modified/linear_effects_n_500_rep_8.npy
INFO:root:Saved linear_effects to /scratch/slurm_tmpdir/job_1505503/output_modified/linear_effects_n_100_rep_97.npy
INFO:root:Saved linear_effects to /scratch/slurm_tmpdir/job_1505503/output_modified/linear_effects_n_100_rep_91.npy
INFO:root:Saved nonlinear_effects to /scratch/slurm_tmpdir/job_1505503/output_modified/nonlinear_effects_n_100_rep_76.npy
INFO:root:Saved linear_effects to /scratch/slurm_tmpdir/job_1505503/output_modified/linear_effects_n_100_rep_85.npy
INFO:root:Saved linear_effects to /scratch/slurm_tmpdir/job_1505503/output_modified/linear_effects_n_100_rep_89.npy
INFO:root:Saved linear_effects to /scratch/slurm_tmpdir/job_1505503/output_modified/linear_effects_n_100_rep_96.npy
INFO:root:Saved X to /scratch/slurm_tmpdir/job_1505503/output_modified/X_n_500_rep_15.npy
INFO:root:Saved nonlinear_effects to /scratch/slurm_tmpdir/job_1505503/output_modified/nonlinear_effects_n_100_rep_84.npy
INFO:root:Saved X to /scratch/slurm_tmpdir/job_1505503/output_modified/X_n_100_rep_98.npy
INFO:root:Saved X to /scratch/slurm_tmpdir/job_1505503/output_modified/X_n_100_rep_99.npy
INFO:root:Saved nonlinear_effects to /scratch/slurm_tmpdir/job_1505503/output_modified/nonlinear_effects_n_100_rep_90.npy
INFO:root:Saved X to /scratch/slurm_tmpdir/job_1505503/output_modified/X_n_500_rep_16.npy
INFO:root:Saved X to /scratch/slurm_tmpdir/job_1505503/output_modified/X_n_500_rep_17.npy
INFO:root:Saved Z to /scratch/slurm_tmpdir/job_1505503/output_modified/Z_n_500_rep_13.npy
INFO:root:Saved linear_effects to /scratch/slurm_tmpdir/job_1505503/output_modified/linear_effects_n_100_rep_88.npy
INFO:root:Saved linear_effects to /scratch/slurm_tmpdir/job_1505503/output_modified/linear_effects_n_100_rep_87.npy
INFO:root:Saved linear_effects to /scratch/slurm_tmpdir/job_1505503/output_modified/linear_effects_n_500_rep_15.npy
INFO:root:Saved X to /scratch/slurm_tmpdir/job_1505503/output_modified/X_n_500_rep_2.npy
INFO:root:Saved X to /scratch/slurm_tmpdir/job_1505503/output_modified/X_n_500_rep_0.npy
INFO:root:Saved X to /scratch/slurm_tmpdir/job_1505503/output_modified/X_n_500_rep_1.npy
INFO:root:Saved linear_effects to /scratch/slurm_tmpdir/job_1505503/output_modified/linear_effects_n_100_rep_99.npy
INFO:root:Saved Z to /scratch/slurm_tmpdir/job_1505503/output_modified/Z_n_100_rep_89.npy
INFO:root:Saved nonlinear_effects to /scratch/slurm_tmpdir/job_1505503/output_modified/nonlinear_effects_n_500_rep_13.npy
INFO:root:Saved X to /scratch/slurm_tmpdir/job_1505503/output_modified/X_n_500_rep_20.npy
INFO:root:Saved X to /scratch/slurm_tmpdir/job_1505503/output_modified/X_n_500_rep_18.npy
INFO:root:Saved linear_effects to /scratch/slurm_tmpdir/job_1505503/output_modified/linear_effects_n_500_rep_17.npy
INFO:root:Saved X to /scratch/slurm_tmpdir/job_1505503/output_modified/X_n_500_rep_6.npy
INFO:root:Saved linear_effects to /scratch/slurm_tmpdir/job_1505503/output_modified/linear_effects_n_500_rep_16.npy
INFO:root:Saved X to /scratch/slurm_tmpdir/job_1505503/output_modified/X_n_500_rep_19.npy
INFO:root:Saved X to /scratch/slurm_tmpdir/job_1505503/output_modified/X_n_500_rep_4.npy
INFO:root:Saved linear_effects to /scratch/slurm_tmpdir/job_1505503/output_modified/linear_effects_n_500_rep_2.npy
INFO:root:Saved Z to /scratch/slurm_tmpdir/job_1505503/output_modified/Z_n_100_rep_85.npy
INFO:root:Saved Z to /scratch/slurm_tmpdir/job_1505503/output_modified/Z_n_100_rep_96.npy
INFO:root:Saved linear_effects to /scratch/slurm_tmpdir/job_1505503/output_modified/linear_effects_n_500_rep_0.npy
INFO:root:Generating dataset: Number of obs 500 | Replication 21
INFO:root:Saved X to /scratch/slurm_tmpdir/job_1505503/output_modified/X_n_500_rep_3.npy
INFO:root:Generating dataset: Number of obs 500 | Replication 22
INFO:root:Saved linear_effects to /scratch/slurm_tmpdir/job_1505503/output_modified/linear_effects_n_500_rep_20.npy
INFO:root:Saved linear_effects to /scratch/slurm_tmpdir/job_1505503/output_modified/linear_effects_n_500_rep_1.npy
INFO:root:Saved X to /scratch/slurm_tmpdir/job_1505503/output_modified/X_n_500_rep_7.npy
INFO:root:Saved linear_effects to /scratch/slurm_tmpdir/job_1505503/output_modified/linear_effects_n_100_rep_86.npy
INFO:root:Saved nonlinear_effects to /scratch/slurm_tmpdir/job_1505503/output_modified/nonlinear_effects_n_100_rep_89.npy
INFO:root:Saved X to /scratch/slurm_tmpdir/job_1505503/output_modified/X_n_500_rep_5.npy
INFO:root:Saved linear_effects to /scratch/slurm_tmpdir/job_1505503/output_modified/linear_effects_n_500_rep_18.npy
INFO:root:Saved Z to /scratch/slurm_tmpdir/job_1505503/output_modified/Z_n_500_rep_15.npy
INFO:root:Saved linear_effects to /scratch/slurm_tmpdir/job_1505503/output_modified/linear_effects_n_500_rep_4.npy
INFO:root:Saved linear_effects to /scratch/slurm_tmpdir/job_1505503/output_modified/linear_effects_n_500_rep_6.npy
INFO:root:Saved linear_effects to /scratch/slurm_tmpdir/job_1505503/output_modified/linear_effects_n_500_rep_19.npy
INFO:root:Saved nonlinear_effects to /scratch/slurm_tmpdir/job_1505503/output_modified/nonlinear_effects_n_100_rep_96.npy
INFO:root:Saved Z to /scratch/slurm_tmpdir/job_1505503/output_modified/Z_n_100_rep_87.npy
INFO:root:Saved Z to /scratch/slurm_tmpdir/job_1505503/output_modified/Z_n_100_rep_88.npy
INFO:root:Saved X to /scratch/slurm_tmpdir/job_1505503/output_modified/X_n_500_rep_10.npy
INFO:root:Saved X to /scratch/slurm_tmpdir/job_1505503/output_modified/X_n_500_rep_12.npy
INFO:root:Saved X to /scratch/slurm_tmpdir/job_1505503/output_modified/X_n_500_rep_11.npy
INFO:root:Saved X to /scratch/slurm_tmpdir/job_1505503/output_modified/X_n_500_rep_9.npy
INFO:root:Generating dataset: Number of obs 500 | Replication 23
INFO:root:Generating dataset: Number of obs 500 | Replication 24
INFO:root:Generating dataset: Number of obs 500 | Replication 25
INFO:root:Generating dataset: Number of obs 500 | Replication 26
INFO:root:Generating dataset: Number of obs 500 | Replication 27
INFO:root:Saved nonlinear_effects to /scratch/slurm_tmpdir/job_1505503/output_modified/nonlinear_effects_n_100_rep_85.npy
INFO:root:Saved linear_effects to /scratch/slurm_tmpdir/job_1505503/output_modified/linear_effects_n_500_rep_5.npy
INFO:root:Saved Z to /scratch/slurm_tmpdir/job_1505503/output_modified/Z_n_500_rep_8.npy
INFO:root:Generating dataset: Number of obs 500 | Replication 28
INFO:root:Saved Z to /scratch/slurm_tmpdir/job_1505503/output_modified/Z_n_100_rep_97.npy
INFO:root:Generating dataset: Number of obs 500 | Replication 29
INFO:root:Saved Z to /scratch/slurm_tmpdir/job_1505503/output_modified/Z_n_100_rep_91.npy
INFO:root:Saved nonlinear_effects to /scratch/slurm_tmpdir/job_1505503/output_modified/nonlinear_effects_n_500_rep_8.npy
INFO:root:Saved linear_effects to /scratch/slurm_tmpdir/job_1505503/output_modified/linear_effects_n_100_rep_98.npy
INFO:root:Saved X to /scratch/slurm_tmpdir/job_1505503/output_modified/X_n_500_rep_14.npy
INFO:root:Saved Z to /scratch/slurm_tmpdir/job_1505503/output_modified/Z_n_100_rep_95.npy
INFO:root:Saved X to /scratch/slurm_tmpdir/job_1505503/output_modified/X_n_500_rep_24.npy
INFO:root:Saved Z to /scratch/slurm_tmpdir/job_1505503/output_modified/Z_n_100_rep_99.npy
INFO:root:Saved X to /scratch/slurm_tmpdir/job_1505503/output_modified/X_n_500_rep_26.npy
INFO:root:Saved X to /scratch/slurm_tmpdir/job_1505503/output_modified/X_n_500_rep_25.npy
INFO:root:Saved linear_effects to /scratch/slurm_tmpdir/job_1505503/output_modified/linear_effects_n_500_rep_3.npy
INFO:root:Saved linear_effects to /scratch/slurm_tmpdir/job_1505503/output_modified/linear_effects_n_500_rep_7.npy
INFO:root:Saved Z to /scratch/slurm_tmpdir/job_1505503/output_modified/Z_n_500_rep_17.npy
INFO:root:Saved nonlinear_effects to /scratch/slurm_tmpdir/job_1505503/output_modified/nonlinear_effects_n_100_rep_97.npy
INFO:root:Saved nonlinear_effects to /scratch/slurm_tmpdir/job_1505503/output_modified/nonlinear_effects_n_500_rep_15.npy
INFO:root:Saved nonlinear_effects to /scratch/slurm_tmpdir/job_1505503/output_modified/nonlinear_effects_n_100_rep_91.npy
INFO:root:Saved Z to /scratch/slurm_tmpdir/job_1505503/output_modified/Z_n_500_rep_16.npy
INFO:root:Saved linear_effects to /scratch/slurm_tmpdir/job_1505503/output_modified/linear_effects_n_500_rep_14.npy
INFO:root:Generating dataset: Number of obs 500 | Replication 30
INFO:root:Saved Z to /scratch/slurm_tmpdir/job_1505503/output_modified/Z_n_500_rep_20.npy
INFO:root:Saved linear_effects to /scratch/slurm_tmpdir/job_1505503/output_modified/linear_effects_n_500_rep_24.npy
INFO:root:Generating dataset: Number of obs 500 | Replication 31
INFO:root:Saved nonlinear_effects to /scratch/slurm_tmpdir/job_1505503/output_modified/nonlinear_effects_n_100_rep_95.npy
INFO:root:Saved nonlinear_effects to /scratch/slurm_tmpdir/job_1505503/output_modified/nonlinear_effects_n_100_rep_99.npy
INFO:root:Saved linear_effects to /scratch/slurm_tmpdir/job_1505503/output_modified/linear_effects_n_500_rep_25.npy
INFO:root:Saved linear_effects to /scratch/slurm_tmpdir/job_1505503/output_modified/linear_effects_n_500_rep_26.npy
INFO:root:Saved nonlinear_effects to /scratch/slurm_tmpdir/job_1505503/output_modified/nonlinear_effects_n_500_rep_17.npy
INFO:root:Saved nonlinear_effects to /scratch/slurm_tmpdir/job_1505503/output_modified/nonlinear_effects_n_500_rep_16.npy
INFO:root:Saved nonlinear_effects to /scratch/slurm_tmpdir/job_1505503/output_modified/nonlinear_effects_n_100_rep_87.npy
INFO:root:Saved Z to /scratch/slurm_tmpdir/job_1505503/output_modified/Z_n_500_rep_5.npy
INFO:root:Saved nonlinear_effects to /scratch/slurm_tmpdir/job_1505503/output_modified/nonlinear_effects_n_500_rep_20.npy
INFO:root:Saved Z to /scratch/slurm_tmpdir/job_1505503/output_modified/Z_n_500_rep_2.npy
INFO:root:Saved Z to /scratch/slurm_tmpdir/job_1505503/output_modified/Z_n_500_rep_0.npy
INFO:root:Saved Z to /scratch/slurm_tmpdir/job_1505503/output_modified/Z_n_500_rep_3.npy
INFO:root:Saved X to /scratch/slurm_tmpdir/job_1505503/output_modified/X_n_500_rep_27.npy
INFO:root:Saved Z to /scratch/slurm_tmpdir/job_1505503/output_modified/Z_n_100_rep_98.npy
INFO:root:Saved Z to /scratch/slurm_tmpdir/job_1505503/output_modified/Z_n_500_rep_1.npy
INFO:root:Saved X to /scratch/slurm_tmpdir/job_1505503/output_modified/X_n_500_rep_29.npy
INFO:root:Saved nonlinear_effects to /scratch/slurm_tmpdir/job_1505503/output_modified/nonlinear_effects_n_500_rep_3.npy
INFO:root:Saved nonlinear_effects to /scratch/slurm_tmpdir/job_1505503/output_modified/nonlinear_effects_n_100_rep_88.npy
INFO:root:Saved linear_effects to /scratch/slurm_tmpdir/job_1505503/output_modified/linear_effects_n_500_rep_10.npy
INFO:root:Saved linear_effects to /scratch/slurm_tmpdir/job_1505503/output_modified/linear_effects_n_500_rep_29.npy
INFO:root:Saved Z to /scratch/slurm_tmpdir/job_1505503/output_modified/Z_n_100_rep_86.npy
INFO:root:Saved Z to /scratch/slurm_tmpdir/job_1505503/output_modified/Z_n_500_rep_18.npy
INFO:root:Saved X to /scratch/slurm_tmpdir/job_1505503/output_modified/X_n_500_rep_30.npy
INFO:root:Saved linear_effects to /scratch/slurm_tmpdir/job_1505503/output_modified/linear_effects_n_500_rep_12.npy
INFO:root:Saved linear_effects to /scratch/slurm_tmpdir/job_1505503/output_modified/linear_effects_n_500_rep_9.npy
INFO:root:Saved Z to /scratch/slurm_tmpdir/job_1505503/output_modified/Z_n_500_rep_4.npy
INFO:root:Saved linear_effects to /scratch/slurm_tmpdir/job_1505503/output_modified/linear_effects_n_500_rep_11.npy
INFO:root:Saved X to /scratch/slurm_tmpdir/job_1505503/output_modified/X_n_500_rep_31.npy
INFO:root:Saved nonlinear_effects to /scratch/slurm_tmpdir/job_1505503/output_modified/nonlinear_effects_n_100_rep_86.npy
INFO:root:Saved Z to /scratch/slurm_tmpdir/job_1505503/output_modified/Z_n_500_rep_19.npy
INFO:root:Saved nonlinear_effects to /scratch/slurm_tmpdir/job_1505503/output_modified/nonlinear_effects_n_500_rep_18.npy
INFO:root:Saved linear_effects to /scratch/slurm_tmpdir/job_1505503/output_modified/linear_effects_n_500_rep_30.npy
INFO:root:Saved linear_effects to /scratch/slurm_tmpdir/job_1505503/output_modified/linear_effects_n_500_rep_31.npy
INFO:root:Generating dataset: Number of obs 500 | Replication 34
INFO:root:Generating dataset: Number of obs 500 | Replication 33
INFO:root:Saved nonlinear_effects to /scratch/slurm_tmpdir/job_1505503/output_modified/nonlinear_effects_n_500_rep_4.npy
INFO:root:Saved nonlinear_effects to /scratch/slurm_tmpdir/job_1505503/output_modified/nonlinear_effects_n_500_rep_19.npy
INFO:root:Generating dataset: Number of obs 500 | Replication 32
INFO:root:Saved X to /scratch/slurm_tmpdir/job_1505503/output_modified/X_n_500_rep_22.npy
INFO:root:Generating dataset: Number of obs 500 | Replication 35
INFO:root:Generating dataset: Number of obs 500 | Replication 36
INFO:root:Generating dataset: Number of obs 500 | Replication 37
INFO:root:Generating dataset: Number of obs 500 | Replication 38
INFO:root:Generating dataset: Number of obs 500 | Replication 39
INFO:root:Generating dataset: Number of obs 500 | Replication 40
INFO:root:Generating dataset: Number of obs 500 | Replication 41
INFO:root:Saved Z to /scratch/slurm_tmpdir/job_1505503/output_modified/Z_n_500_rep_10.npy
INFO:root:Generating dataset: Number of obs 500 | Replication 42
INFO:root:Generating dataset: Number of obs 500 | Replication 43
INFO:root:Generating dataset: Number of obs 500 | Replication 44
INFO:root:Generating dataset: Number of obs 500 | Replication 45
INFO:root:Generating dataset: Number of obs 500 | Replication 46
INFO:root:Generating dataset: Number of obs 500 | Replication 47
INFO:root:Saved Z to /scratch/slurm_tmpdir/job_1505503/output_modified/Z_n_500_rep_6.npy
INFO:root:Saved nonlinear_effects to /scratch/slurm_tmpdir/job_1505503/output_modified/nonlinear_effects_n_500_rep_5.npy
INFO:root:Saved nonlinear_effects to /scratch/slurm_tmpdir/job_1505503/output_modified/nonlinear_effects_n_500_rep_2.npy
INFO:root:Saved X to /scratch/slurm_tmpdir/job_1505503/output_modified/X_n_500_rep_23.npy
INFO:root:Generating dataset: Number of obs 500 | Replication 48
INFO:root:Saved X to /scratch/slurm_tmpdir/job_1505503/output_modified/X_n_500_rep_21.npy
INFO:root:Saved X to /scratch/slurm_tmpdir/job_1505503/output_modified/X_n_500_rep_28.npy
INFO:root:Saved nonlinear_effects to /scratch/slurm_tmpdir/job_1505503/output_modified/nonlinear_effects_n_500_rep_6.npy
INFO:root:Generating dataset: Number of obs 500 | Replication 49
INFO:root:Generating dataset: Number of obs 500 | Replication 51
INFO:root:Generating dataset: Number of obs 500 | Replication 50
INFO:root:Saved linear_effects to /scratch/slurm_tmpdir/job_1505503/output_modified/linear_effects_n_500_rep_23.npy
INFO:root:Saved linear_effects to /scratch/slurm_tmpdir/job_1505503/output_modified/linear_effects_n_500_rep_28.npy
INFO:root:Saved linear_effects to /scratch/slurm_tmpdir/job_1505503/output_modified/linear_effects_n_500_rep_21.npy
INFO:root:Saved Z to /scratch/slurm_tmpdir/job_1505503/output_modified/Z_n_500_rep_23.npy
INFO:root:Saved Z to /scratch/slurm_tmpdir/job_1505503/output_modified/Z_n_500_rep_21.npy
INFO:root:Saved Z to /scratch/slurm_tmpdir/job_1505503/output_modified/Z_n_500_rep_7.npy
INFO:root:Saved Z to /scratch/slurm_tmpdir/job_1505503/output_modified/Z_n_500_rep_28.npy
INFO:root:Saved nonlinear_effects to /scratch/slurm_tmpdir/job_1505503/output_modified/nonlinear_effects_n_500_rep_23.npy
INFO:root:Saved X to /scratch/slurm_tmpdir/job_1505503/output_modified/X_n_500_rep_50.npy
INFO:root:Saved X to /scratch/slurm_tmpdir/job_1505503/output_modified/X_n_500_rep_49.npy
INFO:root:Saved X to /scratch/slurm_tmpdir/job_1505503/output_modified/X_n_500_rep_51.npy
INFO:root:Saved nonlinear_effects to /scratch/slurm_tmpdir/job_1505503/output_modified/nonlinear_effects_n_500_rep_7.npy
INFO:root:Saved nonlinear_effects to /scratch/slurm_tmpdir/job_1505503/output_modified/nonlinear_effects_n_500_rep_28.npy
INFO:root:Saved linear_effects to /scratch/slurm_tmpdir/job_1505503/output_modified/linear_effects_n_500_rep_50.npy
INFO:root:Saved linear_effects to /scratch/slurm_tmpdir/job_1505503/output_modified/linear_effects_n_500_rep_49.npy
INFO:root:Saved nonlinear_effects to /scratch/slurm_tmpdir/job_1505503/output_modified/nonlinear_effects_n_500_rep_0.npy
INFO:root:Saved linear_effects to /scratch/slurm_tmpdir/job_1505503/output_modified/linear_effects_n_500_rep_51.npy
INFO:root:Saved Z to /scratch/slurm_tmpdir/job_1505503/output_modified/Z_n_500_rep_26.npy
INFO:root:Saved nonlinear_effects to /scratch/slurm_tmpdir/job_1505503/output_modified/nonlinear_effects_n_500_rep_1.npy
INFO:root:Saved Z to /scratch/slurm_tmpdir/job_1505503/output_modified/Z_n_500_rep_49.npy
INFO:root:Saved nonlinear_effects to /scratch/slurm_tmpdir/job_1505503/output_modified/nonlinear_effects_n_500_rep_26.npy
INFO:root:Saved Z to /scratch/slurm_tmpdir/job_1505503/output_modified/Z_n_500_rep_50.npy
INFO:root:Saved nonlinear_effects to /scratch/slurm_tmpdir/job_1505503/output_modified/nonlinear_effects_n_500_rep_49.npy
INFO:root:Saved Z to /scratch/slurm_tmpdir/job_1505503/output_modified/Z_n_500_rep_51.npy
INFO:root:Saved nonlinear_effects to /scratch/slurm_tmpdir/job_1505503/output_modified/nonlinear_effects_n_500_rep_50.npy
INFO:root:Saved nonlinear_effects to /scratch/slurm_tmpdir/job_1505503/output_modified/nonlinear_effects_n_500_rep_51.npy
INFO:root:Saved nonlinear_effects to /scratch/slurm_tmpdir/job_1505503/output_modified/nonlinear_effects_n_100_rep_98.npy
INFO:root:Saved Z to /scratch/slurm_tmpdir/job_1505503/output_modified/Z_n_500_rep_14.npy
INFO:root:Saved Z to /scratch/slurm_tmpdir/job_1505503/output_modified/Z_n_500_rep_25.npy
INFO:root:Saved nonlinear_effects to /scratch/slurm_tmpdir/job_1505503/output_modified/nonlinear_effects_n_500_rep_14.npy
INFO:root:Saved linear_effects to /scratch/slurm_tmpdir/job_1505503/output_modified/linear_effects_n_500_rep_27.npy
INFO:root:Saved nonlinear_effects to /scratch/slurm_tmpdir/job_1505503/output_modified/nonlinear_effects_n_500_rep_25.npy
INFO:root:Saved Z to /scratch/slurm_tmpdir/job_1505503/output_modified/Z_n_500_rep_24.npy
INFO:root:Saved Z to /scratch/slurm_tmpdir/job_1505503/output_modified/Z_n_500_rep_29.npy
INFO:root:Saved nonlinear_effects to /scratch/slurm_tmpdir/job_1505503/output_modified/nonlinear_effects_n_500_rep_24.npy
INFO:root:Saved Z to /scratch/slurm_tmpdir/job_1505503/output_modified/Z_n_500_rep_27.npy
INFO:root:Saved nonlinear_effects to /scratch/slurm_tmpdir/job_1505503/output_modified/nonlinear_effects_n_500_rep_29.npy
INFO:root:Saved nonlinear_effects to /scratch/slurm_tmpdir/job_1505503/output_modified/nonlinear_effects_n_500_rep_27.npy
INFO:root:Saved Z to /scratch/slurm_tmpdir/job_1505503/output_modified/Z_n_500_rep_31.npy
INFO:root:Saved nonlinear_effects to /scratch/slurm_tmpdir/job_1505503/output_modified/nonlinear_effects_n_500_rep_31.npy
INFO:root:Saved X to /scratch/slurm_tmpdir/job_1505503/output_modified/X_n_500_rep_37.npy
INFO:root:Saved linear_effects to /scratch/slurm_tmpdir/job_1505503/output_modified/linear_effects_n_500_rep_37.npy
INFO:root:Saved Z to /scratch/slurm_tmpdir/job_1505503/output_modified/Z_n_500_rep_37.npy
INFO:root:Saved nonlinear_effects to /scratch/slurm_tmpdir/job_1505503/output_modified/nonlinear_effects_n_500_rep_37.npy
INFO:root:Saved X to /scratch/slurm_tmpdir/job_1505503/output_modified/X_n_500_rep_41.npy
INFO:root:Saved linear_effects to /scratch/slurm_tmpdir/job_1505503/output_modified/linear_effects_n_500_rep_41.npy
INFO:root:Saved X to /scratch/slurm_tmpdir/job_1505503/output_modified/X_n_500_rep_33.npy
INFO:root:Saved X to /scratch/slurm_tmpdir/job_1505503/output_modified/X_n_500_rep_42.npy
INFO:root:Saved linear_effects to /scratch/slurm_tmpdir/job_1505503/output_modified/linear_effects_n_500_rep_33.npy
INFO:root:Saved linear_effects to /scratch/slurm_tmpdir/job_1505503/output_modified/linear_effects_n_500_rep_42.npy
INFO:root:Saved Z to /scratch/slurm_tmpdir/job_1505503/output_modified/Z_n_500_rep_41.npy
INFO:root:Saved nonlinear_effects to /scratch/slurm_tmpdir/job_1505503/output_modified/nonlinear_effects_n_500_rep_10.npy
INFO:root:Saved Z to /scratch/slurm_tmpdir/job_1505503/output_modified/Z_n_500_rep_9.npy
INFO:root:Saved nonlinear_effects to /scratch/slurm_tmpdir/job_1505503/output_modified/nonlinear_effects_n_500_rep_41.npy
INFO:root:Saved Z to /scratch/slurm_tmpdir/job_1505503/output_modified/Z_n_500_rep_33.npy
INFO:root:Saved Z to /scratch/slurm_tmpdir/job_1505503/output_modified/Z_n_500_rep_42.npy
INFO:root:Saved linear_effects to /scratch/slurm_tmpdir/job_1505503/output_modified/linear_effects_n_500_rep_22.npy
INFO:root:Saved nonlinear_effects to /scratch/slurm_tmpdir/job_1505503/output_modified/nonlinear_effects_n_500_rep_42.npy
INFO:root:Saved nonlinear_effects to /scratch/slurm_tmpdir/job_1505503/output_modified/nonlinear_effects_n_500_rep_33.npy
INFO:root:Saved Z to /scratch/slurm_tmpdir/job_1505503/output_modified/Z_n_500_rep_30.npy
INFO:root:Saved Z to /scratch/slurm_tmpdir/job_1505503/output_modified/Z_n_500_rep_22.npy
INFO:root:Saved Z to /scratch/slurm_tmpdir/job_1505503/output_modified/Z_n_500_rep_12.npy
INFO:root:Saved nonlinear_effects to /scratch/slurm_tmpdir/job_1505503/output_modified/nonlinear_effects_n_500_rep_30.npy
INFO:root:Saved nonlinear_effects to /scratch/slurm_tmpdir/job_1505503/output_modified/nonlinear_effects_n_500_rep_22.npy
INFO:root:Saved X to /scratch/slurm_tmpdir/job_1505503/output_modified/X_n_500_rep_32.npy
INFO:root:Saved linear_effects to /scratch/slurm_tmpdir/job_1505503/output_modified/linear_effects_n_500_rep_32.npy
INFO:root:Saved X to /scratch/slurm_tmpdir/job_1505503/output_modified/X_n_500_rep_39.npy
INFO:root:Saved linear_effects to /scratch/slurm_tmpdir/job_1505503/output_modified/linear_effects_n_500_rep_39.npy
INFO:root:Saved X to /scratch/slurm_tmpdir/job_1505503/output_modified/X_n_500_rep_38.npy
INFO:root:Saved X to /scratch/slurm_tmpdir/job_1505503/output_modified/X_n_500_rep_40.npy
INFO:root:Saved linear_effects to /scratch/slurm_tmpdir/job_1505503/output_modified/linear_effects_n_500_rep_38.npy
INFO:root:Saved X to /scratch/slurm_tmpdir/job_1505503/output_modified/X_n_500_rep_43.npy
INFO:root:Saved linear_effects to /scratch/slurm_tmpdir/job_1505503/output_modified/linear_effects_n_500_rep_40.npy
INFO:root:Saved linear_effects to /scratch/slurm_tmpdir/job_1505503/output_modified/linear_effects_n_500_rep_43.npy
INFO:root:Saved X to /scratch/slurm_tmpdir/job_1505503/output_modified/X_n_500_rep_44.npy
INFO:root:Saved linear_effects to /scratch/slurm_tmpdir/job_1505503/output_modified/linear_effects_n_500_rep_44.npy
INFO:root:Saved X to /scratch/slurm_tmpdir/job_1505503/output_modified/X_n_500_rep_45.npy
INFO:root:Saved Z to /scratch/slurm_tmpdir/job_1505503/output_modified/Z_n_500_rep_40.npy
INFO:root:Saved X to /scratch/slurm_tmpdir/job_1505503/output_modified/X_n_500_rep_46.npy
INFO:root:Saved linear_effects to /scratch/slurm_tmpdir/job_1505503/output_modified/linear_effects_n_500_rep_45.npy
INFO:root:Saved Z to /scratch/slurm_tmpdir/job_1505503/output_modified/Z_n_500_rep_44.npy
INFO:root:Saved nonlinear_effects to /scratch/slurm_tmpdir/job_1505503/output_modified/nonlinear_effects_n_500_rep_40.npy
INFO:root:Saved linear_effects to /scratch/slurm_tmpdir/job_1505503/output_modified/linear_effects_n_500_rep_46.npy
INFO:root:Saved X to /scratch/slurm_tmpdir/job_1505503/output_modified/X_n_500_rep_47.npy
INFO:root:Saved nonlinear_effects to /scratch/slurm_tmpdir/job_1505503/output_modified/nonlinear_effects_n_500_rep_44.npy
INFO:root:Saved linear_effects to /scratch/slurm_tmpdir/job_1505503/output_modified/linear_effects_n_500_rep_47.npy
INFO:root:Saved Z to /scratch/slurm_tmpdir/job_1505503/output_modified/Z_n_500_rep_45.npy
INFO:root:Saved Z to /scratch/slurm_tmpdir/job_1505503/output_modified/Z_n_500_rep_46.npy
INFO:root:Saved nonlinear_effects to /scratch/slurm_tmpdir/job_1505503/output_modified/nonlinear_effects_n_500_rep_45.npy
INFO:root:Saved nonlinear_effects to /scratch/slurm_tmpdir/job_1505503/output_modified/nonlinear_effects_n_500_rep_46.npy
INFO:root:Saved Z to /scratch/slurm_tmpdir/job_1505503/output_modified/Z_n_500_rep_47.npy
INFO:root:Saved nonlinear_effects to /scratch/slurm_tmpdir/job_1505503/output_modified/nonlinear_effects_n_500_rep_47.npy
INFO:root:Saved X to /scratch/slurm_tmpdir/job_1505503/output_modified/X_n_500_rep_35.npy
INFO:root:Saved linear_effects to /scratch/slurm_tmpdir/job_1505503/output_modified/linear_effects_n_500_rep_35.npy
INFO:root:Saved Z to /scratch/slurm_tmpdir/job_1505503/output_modified/Z_n_500_rep_35.npy
INFO:root:Saved nonlinear_effects to /scratch/slurm_tmpdir/job_1505503/output_modified/nonlinear_effects_n_500_rep_35.npy
INFO:root:Saved X to /scratch/slurm_tmpdir/job_1505503/output_modified/X_n_500_rep_34.npy
INFO:root:Saved linear_effects to /scratch/slurm_tmpdir/job_1505503/output_modified/linear_effects_n_500_rep_34.npy
INFO:root:Saved Z to /scratch/slurm_tmpdir/job_1505503/output_modified/Z_n_500_rep_34.npy
INFO:root:Saved nonlinear_effects to /scratch/slurm_tmpdir/job_1505503/output_modified/nonlinear_effects_n_500_rep_34.npy
INFO:root:Saved X to /scratch/slurm_tmpdir/job_1505503/output_modified/X_n_500_rep_36.npy
INFO:root:Saved linear_effects to /scratch/slurm_tmpdir/job_1505503/output_modified/linear_effects_n_500_rep_36.npy
INFO:root:Saved Z to /scratch/slurm_tmpdir/job_1505503/output_modified/Z_n_500_rep_11.npy
INFO:root:Saved X to /scratch/slurm_tmpdir/job_1505503/output_modified/X_n_500_rep_48.npy
INFO:root:Saved nonlinear_effects to /scratch/slurm_tmpdir/job_1505503/output_modified/nonlinear_effects_n_500_rep_21.npy
INFO:root:Saved nonlinear_effects to /scratch/slurm_tmpdir/job_1505503/output_modified/nonlinear_effects_n_500_rep_11.npy
INFO:root:Saved linear_effects to /scratch/slurm_tmpdir/job_1505503/output_modified/linear_effects_n_500_rep_48.npy
INFO:root:Saved Z to /scratch/slurm_tmpdir/job_1505503/output_modified/Z_n_500_rep_36.npy
INFO:root:Saved nonlinear_effects to /scratch/slurm_tmpdir/job_1505503/output_modified/nonlinear_effects_n_500_rep_36.npy
INFO:root:Saved Z to /scratch/slurm_tmpdir/job_1505503/output_modified/Z_n_500_rep_48.npy
INFO:root:Saved nonlinear_effects to /scratch/slurm_tmpdir/job_1505503/output_modified/nonlinear_effects_n_500_rep_48.npy
INFO:root:Saved nonlinear_effects to /scratch/slurm_tmpdir/job_1505503/output_modified/nonlinear_effects_n_500_rep_9.npy
INFO:root:Saved Z to /scratch/slurm_tmpdir/job_1505503/output_modified/Z_n_500_rep_32.npy
INFO:root:Saved nonlinear_effects to /scratch/slurm_tmpdir/job_1505503/output_modified/nonlinear_effects_n_500_rep_12.npy
INFO:root:Saved nonlinear_effects to /scratch/slurm_tmpdir/job_1505503/output_modified/nonlinear_effects_n_500_rep_32.npy
INFO:root:Saved Z to /scratch/slurm_tmpdir/job_1505503/output_modified/Z_n_500_rep_39.npy
INFO:root:Saved Z to /scratch/slurm_tmpdir/job_1505503/output_modified/Z_n_500_rep_43.npy
INFO:root:Saved nonlinear_effects to /scratch/slurm_tmpdir/job_1505503/output_modified/nonlinear_effects_n_500_rep_39.npy
INFO:root:Saved Z to /scratch/slurm_tmpdir/job_1505503/output_modified/Z_n_500_rep_38.npy
INFO:root:Saved nonlinear_effects to /scratch/slurm_tmpdir/job_1505503/output_modified/nonlinear_effects_n_500_rep_43.npy
INFO:root:Saved nonlinear_effects to /scratch/slurm_tmpdir/job_1505503/output_modified/nonlinear_effects_n_500_rep_38.npy
slurmstepd: error: *** JOB 1505503 ON haicn1706 CANCELLED AT 2025-03-06T14:42:30 ***
