Number of cores: 152

============================= JOB FEEDBACK =============================

Job ID: 1505504
Cluster: haic
User/Group: pa6512/scc
Account: scc
State: COMPLETED (exit code 0)
Partition: normal
Nodes: 1
Cores per node: 120
Nodelist: haicn1706
CPU Utilized: 1-16:01:44
CPU Efficiency: 78.85% of 2-02:46:00 core-walltime
Job Wall-clock time: 00:25:23
Starttime: Thu Mar  6 14:43:35 2025
Endtime: Thu Mar  6 15:08:58 2025
Memory Utilized: 36.37 GB
Memory Efficiency: 45.47% of 80.00 GB
Energy Consumed: 1502030 Joule / 417.230555555556 Watthours
Average node power draw: 986.231122783979 Watt
