Number of cores: 152

============================= JOB FEEDBACK =============================

Job ID: 1504688
Cluster: haic
User/Group: pa6512/scc
Account: scc
State: COMPLETED (exit code 0)
Partition: normal
Nodes: 1
Cores per node: 152
Nodelist: haicn1702
CPU Utilized: 00:00:07
CPU Efficiency: 0.29% of 00:40:32 core-walltime
Job Wall-clock time: 00:00:16
Starttime: Mon Mar  3 11:31:58 2025
Endtime: Mon Mar  3 11:32:14 2025
Memory Utilized: 4.12 MB
Memory Efficiency: 0.00% of 128.00 GB
Energy Consumed: 4361 Joule / 1.21138888888889 Watthours
Average node power draw: 272.5625 Watt
