Number of cores: 152

============================= JOB FEEDBACK =============================

Job ID: 1505700
Cluster: haic
User/Group: pa6512/scc
Account: scc
State: COMPLETED (exit code 0)
Partition: normal
Nodes: 1
Cores per node: 120
Nodelist: haicn1709
CPU Utilized: 00:00:30
CPU Efficiency: 1.14% of 00:44:00 core-walltime
Job Wall-clock time: 00:00:22
Starttime: Fri Mar  7 15:08:40 2025
Endtime: Fri Mar  7 15:09:02 2025
Memory Utilized: 3.84 MB
Memory Efficiency: 0.00% of 80.00 GB
Energy Consumed: 8550 Joule / 2.375 Watthours
Average node power draw: 388.636363636364 Watt
