Number of cores: 152

============================= JOB FEEDBACK =============================

Job ID: 1505517
Cluster: haic
User/Group: pa6512/scc
Account: scc
State: CANCELLED (exit code 0)
Partition: normal
Nodes: 1
Cores per node: 120
Nodelist: haicn1701
CPU Utilized: 00:00:00
CPU Efficiency: 0.00% of 1-01:20:00 core-walltime
Job Wall-clock time: 00:12:40
Starttime: Thu Mar  6 15:35:35 2025
Endtime: Thu Mar  6 15:48:15 2025
Memory Utilized: 27.10 GB
Memory Efficiency: 33.88% of 80.00 GB
Energy Consumed: 707211 Joule / 196.4475 Watthours
Average node power draw: 930.540789473684 Watt
