Number of cores: 152

============================= JOB FEEDBACK =============================

Job ID: 1505583
Cluster: haic
User/Group: pa6512/scc
Account: scc
State: FAILED (exit code 1)
Partition: normal
Nodes: 1
Cores per node: 120
Nodelist: haicn1706
CPU Utilized: 00:00:22
CPU Efficiency: 0.50% of 01:14:00 core-walltime
Job Wall-clock time: 00:00:37
Starttime: Thu Mar  6 21:09:44 2025
Endtime: Thu Mar  6 21:10:21 2025
Memory Utilized: 459.76 MB
Memory Efficiency: 0.56% of 80.00 GB
Energy Consumed: 24328 Joule / 6.75777777777778 Watthours
Average node power draw: 657.513513513514 Watt
