Number of cores: 152

============================= JOB FEEDBACK =============================

Job ID: 1504726
Cluster: haic
User/Group: pa6512/scc
Account: scc
State: COMPLETED (exit code 0)
Partition: normal
Nodes: 1
Cores per node: 152
Nodelist: haicn1702
CPU Utilized: 00:00:37
CPU Efficiency: 1.22% of 00:50:40 core-walltime
Job Wall-clock time: 00:00:20
Starttime: Mon Mar  3 12:12:12 2025
Endtime: Mon Mar  3 12:12:32 2025
Memory Utilized: 4.13 MB
Memory Efficiency: 0.00% of 128.00 GB
Energy Consumed: 6042 Joule / 1.67833333333333 Watthours
Average node power draw: 302.1 Watt
