Number of cores: 152

============================= JOB FEEDBACK =============================

Job ID: 1505370
Cluster: haic
User/Group: pa6512/scc
Account: scc
State: COMPLETED (exit code 0)
Partition: normal
Nodes: 1
Cores per node: 60
Nodelist: haicn1706
CPU Utilized: 00:00:19
CPU Efficiency: 1.58% of 00:20:00 core-walltime
Job Wall-clock time: 00:00:20
Starttime: Thu Mar  6 09:49:34 2025
Endtime: Thu Mar  6 09:49:54 2025
Memory Utilized: 3.78 MB
Memory Efficiency: 0.01% of 30.00 GB
Energy Consumed: 7210 Joule / 2.00277777777778 Watthours
Average node power draw: 360.5 Watt
