Number of cores: 152

============================= JOB FEEDBACK =============================

Job ID: 1505503
Cluster: haic
User/Group: pa6512/scc
Account: scc
State: CANCELLED (exit code 0)
Partition: normal
Nodes: 1
Cores per node: 120
Nodelist: haicn1706
CPU Utilized: 00:00:00
CPU Efficiency: 0.00% of 01:50:00 core-walltime
Job Wall-clock time: 00:00:55
Starttime: Thu Mar  6 14:41:35 2025
Endtime: Thu Mar  6 14:42:30 2025
Memory Utilized: 6.28 GB
Memory Efficiency: 7.85% of 80.00 GB
Energy Consumed: 70904 Joule / 19.6955555555556 Watthours
Average node power draw: 1289.16363636364 Watt
