Number of cores: <multiprocessing.pool.Pool state=RUN pool_size=152>

============================= JOB FEEDBACK =============================

Job ID: 1495806
Cluster: haic
User/Group: pa6512/scc
Account: scc
State: FAILED (exit code 1)
Partition: normal
Nodes: 1
Cores per node: 152
Nodelist: haicn1705
CPU Utilized: 00:00:07
CPU Efficiency: 0.21% of 00:55:44 core-walltime
Job Wall-clock time: 00:00:22
Starttime: Thu Jan 30 01:18:43 2025
Endtime: Thu Jan 30 01:19:05 2025
Memory Utilized: 394.43 MB
Memory Efficiency: 0.30% of 128.00 GB
Energy Consumed: 5824 Joule / 1.61777777777778 Watthours
Average node power draw: 264.727272727273 Watt
