Number of cores: 152

============================= JOB FEEDBACK =============================

Job ID: 1505523
Cluster: haic
User/Group: pa6512/scc
Account: scc
State: COMPLETED (exit code 0)
Partition: normal
Nodes: 1
Cores per node: 120
Nodelist: haicn1701
CPU Utilized: 1-15:07:15
CPU Efficiency: 76.46% of 2-03:10:00 core-walltime
Job Wall-clock time: 00:25:35
Starttime: Thu Mar  6 15:53:35 2025
Endtime: Thu Mar  6 16:19:10 2025
Memory Utilized: 35.68 GB
Memory Efficiency: 44.60% of 80.00 GB
Energy Consumed: 1351713 Joule / 375.475833333333 Watthours
Average node power draw: 880.594788273616 Watt
