Number of cores: 152

============================= JOB FEEDBACK =============================

Job ID: 1505366
Cluster: haic
User/Group: pa6512/scc
Account: scc
State: COMPLETED (exit code 0)
Partition: normal
Nodes: 1
Cores per node: 60
Nodelist: haicn1706
CPU Utilized: 00:00:19
CPU Efficiency: 1.44% of 00:22:00 core-walltime
Job Wall-clock time: 00:00:22
Starttime: Thu Mar  6 09:31:34 2025
Endtime: Thu Mar  6 09:31:56 2025
Memory Utilized: 3.80 MB
Memory Efficiency: 0.01% of 30.00 GB
Energy Consumed: 11332 Joule / 3.14777777777778 Watthours
Average node power draw: 515.090909090909 Watt
