Number of cores: 152

============================= JOB FEEDBACK =============================

Job ID: 1505322
Cluster: haic
User/Group: pa6512/scc
Account: scc
State: COMPLETED (exit code 0)
Partition: normal
Nodes: 1
Cores per node: 100
Nodelist: haicn1703
CPU Utilized: 00:00:24
CPU Efficiency: 1.26% of 00:31:40 core-walltime
Job Wall-clock time: 00:00:19
Starttime: Wed Mar  5 21:29:32 2025
Endtime: Wed Mar  5 21:29:51 2025
Memory Utilized: 3.71 MB
Memory Efficiency: 0.01% of 66.00 GB
Energy Consumed: 10473 Joule / 2.90916666666667 Watthours
Average node power draw: 551.210526315789 Watt
